{"/home/mauricio/Documentos/GitHub/FadeBooker/Producto/back-fadebooker/src/application/usecases/barbero.service.js": {"path":"/home/mauricio/Documentos/GitHub/FadeBooker/Producto/back-fadebooker/src/application/usecases/barbero.service.js","statementMap":{"0":{"start":{"line":3,"column":4},"end":{"line":3,"column":47}},"1":{"start":{"line":7,"column":4},"end":{"line":7,"column":46}},"2":{"start":{"line":11,"column":4},"end":{"line":11,"column":46}},"3":{"start":{"line":15,"column":4},"end":{"line":15,"column":52}},"4":{"start":{"line":19,"column":4},"end":{"line":19,"column":57}},"5":{"start":{"line":23,"column":4},"end":{"line":23,"column":66}},"6":{"start":{"line":27,"column":4},"end":{"line":27,"column":43}},"7":{"start":{"line":31,"column":4},"end":{"line":31,"column":50}},"8":{"start":{"line":35,"column":4},"end":{"line":35,"column":44}},"9":{"start":{"line":39,"column":4},"end":{"line":39,"column":72}},"10":{"start":{"line":43,"column":30},"end":{"line":46,"column":6}},"11":{"start":{"line":48,"column":18},"end":{"line":48,"column":20}},"12":{"start":{"line":51,"column":25},"end":{"line":51,"column":74}},"13":{"start":{"line":52,"column":24},"end":{"line":52,"column":78}},"14":{"start":{"line":53,"column":23},"end":{"line":53,"column":70}},"15":{"start":{"line":54,"column":22},"end":{"line":54,"column":74}},"16":{"start":{"line":56,"column":25},"end":{"line":56,"column":56}},"17":{"start":{"line":57,"column":23},"end":{"line":57,"column":50}},"18":{"start":{"line":59,"column":4},"end":{"line":82,"column":5}},"19":{"start":{"line":59,"column":24},"end":{"line":59,"column":36}},"20":{"start":{"line":60,"column":19},"end":{"line":60,"column":44}},"21":{"start":{"line":61,"column":18},"end":{"line":61,"column":31}},"22":{"start":{"line":63,"column":26},"end":{"line":63,"column":101}},"23":{"start":{"line":64,"column":23},"end":{"line":64,"column":58}},"24":{"start":{"line":65,"column":23},"end":{"line":65,"column":41}},"25":{"start":{"line":68,"column":27},"end":{"line":75,"column":8}},"26":{"start":{"line":69,"column":27},"end":{"line":69,"column":69}},"27":{"start":{"line":70,"column":24},"end":{"line":70,"column":74}},"28":{"start":{"line":71,"column":24},"end":{"line":71,"column":45}},"29":{"start":{"line":74,"column":8},"end":{"line":74,"column":62}},"30":{"start":{"line":77,"column":6},"end":{"line":81,"column":9}},"31":{"start":{"line":84,"column":4},"end":{"line":84,"column":17}},"32":{"start":{"line":88,"column":4},"end":{"line":88,"column":72}},"33":{"start":{"line":96,"column":4},"end":{"line":96,"column":58}},"34":{"start":{"line":107,"column":4},"end":{"line":107,"column":115}},"35":{"start":{"line":116,"column":4},"end":{"line":116,"column":75}},"36":{"start":{"line":125,"column":4},"end":{"line":139,"column":5}},"37":{"start":{"line":126,"column":32},"end":{"line":126,"column":90}},"38":{"start":{"line":127,"column":21},"end":{"line":127,"column":92}},"39":{"start":{"line":129,"column":6},"end":{"line":131,"column":9}},"40":{"start":{"line":133,"column":6},"end":{"line":136,"column":8}},"41":{"start":{"line":138,"column":6},"end":{"line":138,"column":74}},"42":{"start":{"line":148,"column":4},"end":{"line":148,"column":77}},"43":{"start":{"line":157,"column":4},"end":{"line":157,"column":76}},"44":{"start":{"line":166,"column":4},"end":{"line":166,"column":78}},"45":{"start":{"line":170,"column":30},"end":{"line":170,"column":88}},"46":{"start":{"line":171,"column":4},"end":{"line":179,"column":5}},"47":{"start":{"line":172,"column":21},"end":{"line":172,"column":92}},"48":{"start":{"line":173,"column":6},"end":{"line":173,"column":78}},"49":{"start":{"line":174,"column":6},"end":{"line":174,"column":44}},"50":{"start":{"line":176,"column":6},"end":{"line":176,"column":70}},"51":{"start":{"line":177,"column":6},"end":{"line":177,"column":27}},"52":{"start":{"line":178,"column":6},"end":{"line":178,"column":83}},"53":{"start":{"line":183,"column":0},"end":{"line":183,"column":31}}},"fnMap":{"0":{"name":"(anonymous_0)","decl":{"start":{"line":2,"column":2},"end":{"line":2,"column":3}},"loc":{"start":{"line":2,"column":33},"end":{"line":4,"column":3}},"line":2},"1":{"name":"(anonymous_1)","decl":{"start":{"line":6,"column":2},"end":{"line":6,"column":3}},"loc":{"start":{"line":6,"column":27},"end":{"line":8,"column":3}},"line":6},"2":{"name":"(anonymous_2)","decl":{"start":{"line":10,"column":2},"end":{"line":10,"column":3}},"loc":{"start":{"line":10,"column":32},"end":{"line":12,"column":3}},"line":10},"3":{"name":"(anonymous_3)","decl":{"start":{"line":14,"column":2},"end":{"line":14,"column":3}},"loc":{"start":{"line":14,"column":38},"end":{"line":16,"column":3}},"line":14},"4":{"name":"(anonymous_4)","decl":{"start":{"line":18,"column":2},"end":{"line":18,"column":3}},"loc":{"start":{"line":18,"column":44},"end":{"line":20,"column":3}},"line":18},"5":{"name":"(anonymous_5)","decl":{"start":{"line":22,"column":2},"end":{"line":22,"column":3}},"loc":{"start":{"line":22,"column":52},"end":{"line":24,"column":3}},"line":22},"6":{"name":"(anonymous_6)","decl":{"start":{"line":26,"column":2},"end":{"line":26,"column":3}},"loc":{"start":{"line":26,"column":34},"end":{"line":28,"column":3}},"line":26},"7":{"name":"(anonymous_7)","decl":{"start":{"line":30,"column":2},"end":{"line":30,"column":3}},"loc":{"start":{"line":30,"column":36},"end":{"line":32,"column":3}},"line":30},"8":{"name":"(anonymous_8)","decl":{"start":{"line":34,"column":2},"end":{"line":34,"column":3}},"loc":{"start":{"line":34,"column":28},"end":{"line":36,"column":3}},"line":34},"9":{"name":"(anonymous_9)","decl":{"start":{"line":38,"column":2},"end":{"line":38,"column":3}},"loc":{"start":{"line":38,"column":54},"end":{"line":40,"column":3}},"line":38},"10":{"name":"(anonymous_10)","decl":{"start":{"line":42,"column":2},"end":{"line":42,"column":3}},"loc":{"start":{"line":42,"column":56},"end":{"line":85,"column":3}},"line":42},"11":{"name":"(anonymous_11)","decl":{"start":{"line":68,"column":38},"end":{"line":68,"column":39}},"loc":{"start":{"line":68,"column":46},"end":{"line":75,"column":7}},"line":68},"12":{"name":"(anonymous_12)","decl":{"start":{"line":87,"column":2},"end":{"line":87,"column":3}},"loc":{"start":{"line":87,"column":47},"end":{"line":89,"column":3}},"line":87},"13":{"name":"(anonymous_13)","decl":{"start":{"line":95,"column":2},"end":{"line":95,"column":3}},"loc":{"start":{"line":95,"column":44},"end":{"line":97,"column":3}},"line":95},"14":{"name":"(anonymous_14)","decl":{"start":{"line":106,"column":2},"end":{"line":106,"column":3}},"loc":{"start":{"line":106,"column":111},"end":{"line":108,"column":3}},"line":106},"15":{"name":"(anonymous_15)","decl":{"start":{"line":115,"column":2},"end":{"line":115,"column":3}},"loc":{"start":{"line":115,"column":57},"end":{"line":117,"column":3}},"line":115},"16":{"name":"(anonymous_16)","decl":{"start":{"line":124,"column":2},"end":{"line":124,"column":3}},"loc":{"start":{"line":124,"column":40},"end":{"line":140,"column":3}},"line":124},"17":{"name":"(anonymous_17)","decl":{"start":{"line":147,"column":2},"end":{"line":147,"column":3}},"loc":{"start":{"line":147,"column":52},"end":{"line":149,"column":3}},"line":147},"18":{"name":"(anonymous_18)","decl":{"start":{"line":156,"column":2},"end":{"line":156,"column":3}},"loc":{"start":{"line":156,"column":62},"end":{"line":158,"column":3}},"line":156},"19":{"name":"(anonymous_19)","decl":{"start":{"line":165,"column":2},"end":{"line":165,"column":3}},"loc":{"start":{"line":165,"column":64},"end":{"line":167,"column":3}},"line":165},"20":{"name":"(anonymous_20)","decl":{"start":{"line":169,"column":2},"end":{"line":169,"column":3}},"loc":{"start":{"line":169,"column":40},"end":{"line":180,"column":3}},"line":169}},"branchMap":{"0":{"loc":{"start":{"line":52,"column":24},"end":{"line":52,"column":78}},"type":"binary-expr","locations":[{"start":{"line":52,"column":24},"end":{"line":52,"column":73}},{"start":{"line":52,"column":77},"end":{"line":52,"column":78}}],"line":52},"1":{"loc":{"start":{"line":54,"column":22},"end":{"line":54,"column":74}},"type":"binary-expr","locations":[{"start":{"line":54,"column":22},"end":{"line":54,"column":69}},{"start":{"line":54,"column":73},"end":{"line":54,"column":74}}],"line":54},"2":{"loc":{"start":{"line":70,"column":38},"end":{"line":70,"column":65}},"type":"binary-expr","locations":[{"start":{"line":70,"column":38},"end":{"line":70,"column":59}},{"start":{"line":70,"column":63},"end":{"line":70,"column":65}}],"line":70},"3":{"loc":{"start":{"line":74,"column":15},"end":{"line":74,"column":61}},"type":"binary-expr","locations":[{"start":{"line":74,"column":16},"end":{"line":74,"column":34}},{"start":{"line":74,"column":40},"end":{"line":74,"column":60}}],"line":74},"4":{"loc":{"start":{"line":80,"column":17},"end":{"line":80,"column":68}},"type":"cond-expr","locations":[{"start":{"line":80,"column":32},"end":{"line":80,"column":61}},{"start":{"line":80,"column":64},"end":{"line":80,"column":68}}],"line":80},"5":{"loc":{"start":{"line":106,"column":56},"end":{"line":106,"column":77}},"type":"default-arg","locations":[{"start":{"line":106,"column":73},"end":{"line":106,"column":77}}],"line":106},"6":{"loc":{"start":{"line":106,"column":79},"end":{"line":106,"column":109}},"type":"default-arg","locations":[{"start":{"line":106,"column":105},"end":{"line":106,"column":109}}],"line":106}},"s":{"0":0,"1":0,"2":0,"3":0,"4":0,"5":0,"6":0,"7":0,"8":0,"9":0,"10":0,"11":0,"12":0,"13":0,"14":0,"15":0,"16":0,"17":0,"18":0,"19":0,"20":0,"21":0,"22":0,"23":0,"24":0,"25":0,"26":0,"27":0,"28":0,"29":0,"30":0,"31":0,"32":0,"33":0,"34":0,"35":0,"36":0,"37":0,"38":0,"39":0,"40":0,"41":0,"42":0,"43":0,"44":0,"45":0,"46":0,"47":0,"48":0,"49":0,"50":0,"51":0,"52":0,"53":0},"f":{"0":0,"1":0,"2":0,"3":0,"4":0,"5":0,"6":0,"7":0,"8":0,"9":0,"10":0,"11":0,"12":0,"13":0,"14":0,"15":0,"16":0,"17":0,"18":0,"19":0,"20":0},"b":{"0":[0,0],"1":[0,0],"2":[0,0],"3":[0,0],"4":[0,0],"5":[0],"6":[0]},"inputSourceMap":null}
,"/home/mauricio/Documentos/GitHub/FadeBooker/Producto/back-fadebooker/src/application/usecases/cita.service.js": {"path":"/home/mauricio/Documentos/GitHub/FadeBooker/Producto/back-fadebooker/src/application/usecases/cita.service.js","statementMap":{"0":{"start":{"line":1,"column":26},"end":{"line":1,"column":90}},"1":{"start":{"line":2,"column":19},"end":{"line":2,"column":81}},"2":{"start":{"line":3,"column":36},"end":{"line":3,"column":77}},"3":{"start":{"line":4,"column":24},"end":{"line":4,"column":86}},"4":{"start":{"line":5,"column":34},"end":{"line":5,"column":105}},"5":{"start":{"line":6,"column":41},"end":{"line":6,"column":119}},"6":{"start":{"line":10,"column":4},"end":{"line":10,"column":41}},"7":{"start":{"line":11,"column":4},"end":{"line":11,"column":49}},"8":{"start":{"line":12,"column":4},"end":{"line":12,"column":47}},"9":{"start":{"line":13,"column":32},"end":{"line":13,"column":63}},"10":{"start":{"line":14,"column":33},"end":{"line":14,"column":71}},"11":{"start":{"line":15,"column":4},"end":{"line":15,"column":150}},"12":{"start":{"line":20,"column":31},"end":{"line":20,"column":114}},"13":{"start":{"line":21,"column":4},"end":{"line":23,"column":5}},"14":{"start":{"line":22,"column":6},"end":{"line":22,"column":80}},"15":{"start":{"line":26,"column":21},"end":{"line":26,"column":36}},"16":{"start":{"line":27,"column":4},"end":{"line":60,"column":5}},"17":{"start":{"line":29,"column":29},"end":{"line":29,"column":33}},"18":{"start":{"line":30,"column":6},"end":{"line":32,"column":7}},"19":{"start":{"line":31,"column":8},"end":{"line":31,"column":87}},"20":{"start":{"line":34,"column":6},"end":{"line":38,"column":7}},"21":{"start":{"line":36,"column":21},"end":{"line":36,"column":45}},"22":{"start":{"line":37,"column":8},"end":{"line":37,"column":99}},"23":{"start":{"line":40,"column":6},"end":{"line":59,"column":7}},"24":{"start":{"line":41,"column":8},"end":{"line":41,"column":48}},"25":{"start":{"line":42,"column":8},"end":{"line":42,"column":95}},"26":{"start":{"line":45,"column":8},"end":{"line":45,"column":83}},"27":{"start":{"line":46,"column":31},"end":{"line":46,"column":92}},"28":{"start":{"line":47,"column":29},"end":{"line":47,"column":92}},"29":{"start":{"line":48,"column":23},"end":{"line":48,"column":51}},"30":{"start":{"line":49,"column":25},"end":{"line":49,"column":68}},"31":{"start":{"line":50,"column":33},"end":{"line":57,"column":9}},"32":{"start":{"line":58,"column":8},"end":{"line":58,"column":74}},"33":{"start":{"line":62,"column":4},"end":{"line":64,"column":5}},"34":{"start":{"line":63,"column":6},"end":{"line":63,"column":81}},"35":{"start":{"line":67,"column":19},"end":{"line":67,"column":40}},"36":{"start":{"line":68,"column":4},"end":{"line":71,"column":5}},"37":{"start":{"line":69,"column":23},"end":{"line":69,"column":79}},"38":{"start":{"line":70,"column":6},"end":{"line":70,"column":58}},"39":{"start":{"line":74,"column":25},"end":{"line":78,"column":5}},"40":{"start":{"line":80,"column":4},"end":{"line":82,"column":5}},"41":{"start":{"line":81,"column":6},"end":{"line":81,"column":102}},"42":{"start":{"line":85,"column":20},"end":{"line":90,"column":6}},"43":{"start":{"line":93,"column":4},"end":{"line":93,"column":19}},"44":{"start":{"line":98,"column":17},"end":{"line":98,"column":60}},"45":{"start":{"line":99,"column":4},"end":{"line":101,"column":5}},"46":{"start":{"line":100,"column":6},"end":{"line":100,"column":43}},"47":{"start":{"line":103,"column":4},"end":{"line":105,"column":5}},"48":{"start":{"line":104,"column":6},"end":{"line":104,"column":74}},"49":{"start":{"line":108,"column":28},"end":{"line":108,"column":65}},"50":{"start":{"line":109,"column":4},"end":{"line":111,"column":5}},"51":{"start":{"line":110,"column":6},"end":{"line":110,"column":64}},"52":{"start":{"line":114,"column":4},"end":{"line":121,"column":6}},"53":{"start":{"line":126,"column":4},"end":{"line":139,"column":5}},"54":{"start":{"line":127,"column":19},"end":{"line":127,"column":57}},"55":{"start":{"line":128,"column":6},"end":{"line":130,"column":7}},"56":{"start":{"line":129,"column":8},"end":{"line":129,"column":64}},"57":{"start":{"line":132,"column":20},"end":{"line":132,"column":30}},"58":{"start":{"line":133,"column":24},"end":{"line":133,"column":56}},"59":{"start":{"line":136,"column":6},"end":{"line":138,"column":7}},"60":{"start":{"line":137,"column":8},"end":{"line":137,"column":121}},"61":{"start":{"line":141,"column":23},"end":{"line":141,"column":33}},"62":{"start":{"line":142,"column":19},"end":{"line":142,"column":67}},"63":{"start":{"line":144,"column":4},"end":{"line":160,"column":5}},"64":{"start":{"line":145,"column":6},"end":{"line":159,"column":7}},"65":{"start":{"line":146,"column":21},"end":{"line":146,"column":59}},"66":{"start":{"line":147,"column":8},"end":{"line":156,"column":9}},"67":{"start":{"line":148,"column":26},"end":{"line":148,"column":80}},"68":{"start":{"line":149,"column":10},"end":{"line":155,"column":11}},"69":{"start":{"line":151,"column":34},"end":{"line":151,"column":36}},"70":{"start":{"line":152,"column":33},"end":{"line":152,"column":81}},"71":{"start":{"line":153,"column":12},"end":{"line":153,"column":102}},"72":{"start":{"line":154,"column":12},"end":{"line":154,"column":132}},"73":{"start":{"line":158,"column":8},"end":{"line":158,"column":84}},"74":{"start":{"line":162,"column":4},"end":{"line":171,"column":5}},"75":{"start":{"line":163,"column":6},"end":{"line":170,"column":7}},"76":{"start":{"line":164,"column":8},"end":{"line":164,"column":49}},"77":{"start":{"line":166,"column":20},"end":{"line":166,"column":91}},"78":{"start":{"line":167,"column":8},"end":{"line":167,"column":223}},"79":{"start":{"line":167,"column":158},"end":{"line":167,"column":221}},"80":{"start":{"line":169,"column":8},"end":{"line":169,"column":81}},"81":{"start":{"line":173,"column":4},"end":{"line":173,"column":17}},"82":{"start":{"line":177,"column":17},"end":{"line":177,"column":55}},"83":{"start":{"line":178,"column":4},"end":{"line":180,"column":5}},"84":{"start":{"line":179,"column":6},"end":{"line":179,"column":44}},"85":{"start":{"line":182,"column":4},"end":{"line":184,"column":5}},"86":{"start":{"line":183,"column":6},"end":{"line":183,"column":59}},"87":{"start":{"line":186,"column":18},"end":{"line":186,"column":28}},"88":{"start":{"line":187,"column":22},"end":{"line":187,"column":54}},"89":{"start":{"line":188,"column":22},"end":{"line":188,"column":80}},"90":{"start":{"line":190,"column":28},"end":{"line":190,"column":33}},"91":{"start":{"line":191,"column":31},"end":{"line":191,"column":32}},"92":{"start":{"line":194,"column":4},"end":{"line":197,"column":5}},"93":{"start":{"line":195,"column":6},"end":{"line":195,"column":31}},"94":{"start":{"line":196,"column":6},"end":{"line":196,"column":33}},"95":{"start":{"line":200,"column":4},"end":{"line":200,"column":66}},"96":{"start":{"line":203,"column":4},"end":{"line":234,"column":5}},"97":{"start":{"line":204,"column":6},"end":{"line":233,"column":7}},"98":{"start":{"line":205,"column":35},"end":{"line":205,"column":95}},"99":{"start":{"line":206,"column":31},"end":{"line":206,"column":55}},"100":{"start":{"line":207,"column":22},"end":{"line":207,"column":59}},"101":{"start":{"line":210,"column":30},"end":{"line":210,"column":111}},"102":{"start":{"line":210,"column":48},"end":{"line":210,"column":110}},"103":{"start":{"line":212,"column":8},"end":{"line":230,"column":9}},"104":{"start":{"line":213,"column":37},"end":{"line":213,"column":72}},"105":{"start":{"line":214,"column":33},"end":{"line":214,"column":51}},"106":{"start":{"line":216,"column":10},"end":{"line":228,"column":11}},"107":{"start":{"line":217,"column":12},"end":{"line":227,"column":13}},"108":{"start":{"line":218,"column":14},"end":{"line":218,"column":151}},"109":{"start":{"line":219,"column":14},"end":{"line":221,"column":17}},"110":{"start":{"line":224,"column":14},"end":{"line":226,"column":17}},"111":{"start":{"line":229,"column":10},"end":{"line":229,"column":101}},"112":{"start":{"line":232,"column":8},"end":{"line":232,"column":130}},"113":{"start":{"line":237,"column":4},"end":{"line":243,"column":7}},"114":{"start":{"line":246,"column":4},"end":{"line":251,"column":5}},"115":{"start":{"line":247,"column":18},"end":{"line":247,"column":92}},"116":{"start":{"line":248,"column":6},"end":{"line":248,"column":154}},"117":{"start":{"line":250,"column":6},"end":{"line":250,"column":69}},"118":{"start":{"line":253,"column":4},"end":{"line":257,"column":6}},"119":{"start":{"line":261,"column":4},"end":{"line":261,"column":57}},"120":{"start":{"line":265,"column":17},"end":{"line":265,"column":71}},"121":{"start":{"line":266,"column":4},"end":{"line":268,"column":5}},"122":{"start":{"line":267,"column":6},"end":{"line":267,"column":76}},"123":{"start":{"line":270,"column":28},"end":{"line":270,"column":60}},"124":{"start":{"line":271,"column":25},"end":{"line":271,"column":100}},"125":{"start":{"line":273,"column":18},"end":{"line":273,"column":61}},"126":{"start":{"line":274,"column":17},"end":{"line":274,"column":72}},"127":{"start":{"line":276,"column":4},"end":{"line":289,"column":6}},"128":{"start":{"line":293,"column":4},"end":{"line":293,"column":43}},"129":{"start":{"line":297,"column":4},"end":{"line":297,"column":56}},"130":{"start":{"line":301,"column":4},"end":{"line":301,"column":45}},"131":{"start":{"line":302,"column":4},"end":{"line":302,"column":71}},"132":{"start":{"line":306,"column":4},"end":{"line":306,"column":45}},"133":{"start":{"line":307,"column":4},"end":{"line":307,"column":69}},"134":{"start":{"line":311,"column":4},"end":{"line":311,"column":45}},"135":{"start":{"line":312,"column":4},"end":{"line":312,"column":60}},"136":{"start":{"line":316,"column":4},"end":{"line":316,"column":40}},"137":{"start":{"line":320,"column":22},"end":{"line":320,"column":40}},"138":{"start":{"line":321,"column":4},"end":{"line":321,"column":86}},"139":{"start":{"line":325,"column":4},"end":{"line":325,"column":54}},"140":{"start":{"line":329,"column":4},"end":{"line":329,"column":58}},"141":{"start":{"line":333,"column":4},"end":{"line":333,"column":58}},"142":{"start":{"line":337,"column":4},"end":{"line":337,"column":51}},"143":{"start":{"line":341,"column":4},"end":{"line":341,"column":41}},"144":{"start":{"line":345,"column":0},"end":{"line":345,"column":28}}},"fnMap":{"0":{"name":"(anonymous_0)","decl":{"start":{"line":9,"column":2},"end":{"line":9,"column":3}},"loc":{"start":{"line":9,"column":69},"end":{"line":16,"column":3}},"line":9},"1":{"name":"(anonymous_1)","decl":{"start":{"line":18,"column":2},"end":{"line":18,"column":3}},"loc":{"start":{"line":18,"column":24},"end":{"line":94,"column":3}},"line":18},"2":{"name":"(anonymous_2)","decl":{"start":{"line":96,"column":2},"end":{"line":96,"column":3}},"loc":{"start":{"line":96,"column":41},"end":{"line":122,"column":3}},"line":96},"3":{"name":"(anonymous_3)","decl":{"start":{"line":124,"column":2},"end":{"line":124,"column":3}},"loc":{"start":{"line":124,"column":52},"end":{"line":174,"column":3}},"line":124},"4":{"name":"(anonymous_4)","decl":{"start":{"line":167,"column":151},"end":{"line":167,"column":152}},"loc":{"start":{"line":167,"column":158},"end":{"line":167,"column":221}},"line":167},"5":{"name":"(anonymous_5)","decl":{"start":{"line":176,"column":2},"end":{"line":176,"column":3}},"loc":{"start":{"line":176,"column":48},"end":{"line":258,"column":3}},"line":176},"6":{"name":"(anonymous_6)","decl":{"start":{"line":210,"column":43},"end":{"line":210,"column":44}},"loc":{"start":{"line":210,"column":48},"end":{"line":210,"column":110}},"line":210},"7":{"name":"(anonymous_7)","decl":{"start":{"line":260,"column":2},"end":{"line":260,"column":3}},"loc":{"start":{"line":260,"column":34},"end":{"line":262,"column":3}},"line":260},"8":{"name":"(anonymous_8)","decl":{"start":{"line":264,"column":2},"end":{"line":264,"column":3}},"loc":{"start":{"line":264,"column":44},"end":{"line":290,"column":3}},"line":264},"9":{"name":"(anonymous_9)","decl":{"start":{"line":292,"column":2},"end":{"line":292,"column":3}},"loc":{"start":{"line":292,"column":29},"end":{"line":294,"column":3}},"line":292},"10":{"name":"(anonymous_10)","decl":{"start":{"line":296,"column":2},"end":{"line":296,"column":3}},"loc":{"start":{"line":296,"column":43},"end":{"line":298,"column":3}},"line":296},"11":{"name":"(anonymous_11)","decl":{"start":{"line":300,"column":2},"end":{"line":300,"column":3}},"loc":{"start":{"line":300,"column":73},"end":{"line":303,"column":3}},"line":300},"12":{"name":"(anonymous_12)","decl":{"start":{"line":305,"column":2},"end":{"line":305,"column":3}},"loc":{"start":{"line":305,"column":71},"end":{"line":308,"column":3}},"line":305},"13":{"name":"(anonymous_13)","decl":{"start":{"line":310,"column":2},"end":{"line":310,"column":3}},"loc":{"start":{"line":310,"column":41},"end":{"line":313,"column":3}},"line":310},"14":{"name":"(anonymous_14)","decl":{"start":{"line":315,"column":2},"end":{"line":315,"column":3}},"loc":{"start":{"line":315,"column":28},"end":{"line":317,"column":3}},"line":315},"15":{"name":"(anonymous_15)","decl":{"start":{"line":319,"column":2},"end":{"line":319,"column":3}},"loc":{"start":{"line":319,"column":66},"end":{"line":322,"column":3}},"line":319},"16":{"name":"(anonymous_16)","decl":{"start":{"line":324,"column":2},"end":{"line":324,"column":3}},"loc":{"start":{"line":324,"column":40},"end":{"line":326,"column":3}},"line":324},"17":{"name":"(anonymous_17)","decl":{"start":{"line":328,"column":2},"end":{"line":328,"column":3}},"loc":{"start":{"line":328,"column":43},"end":{"line":330,"column":3}},"line":328},"18":{"name":"(anonymous_18)","decl":{"start":{"line":332,"column":2},"end":{"line":332,"column":3}},"loc":{"start":{"line":332,"column":43},"end":{"line":334,"column":3}},"line":332},"19":{"name":"(anonymous_19)","decl":{"start":{"line":336,"column":2},"end":{"line":336,"column":3}},"loc":{"start":{"line":336,"column":38},"end":{"line":338,"column":3}},"line":336},"20":{"name":"(anonymous_20)","decl":{"start":{"line":340,"column":2},"end":{"line":340,"column":3}},"loc":{"start":{"line":340,"column":25},"end":{"line":342,"column":3}},"line":340}},"branchMap":{"0":{"loc":{"start":{"line":21,"column":4},"end":{"line":23,"column":5}},"type":"if","locations":[{"start":{"line":21,"column":4},"end":{"line":23,"column":5}},{"start":{},"end":{}}],"line":21},"1":{"loc":{"start":{"line":27,"column":4},"end":{"line":60,"column":5}},"type":"if","locations":[{"start":{"line":27,"column":4},"end":{"line":60,"column":5}},{"start":{},"end":{}}],"line":27},"2":{"loc":{"start":{"line":27,"column":8},"end":{"line":27,"column":68}},"type":"binary-expr","locations":[{"start":{"line":27,"column":8},"end":{"line":27,"column":19}},{"start":{"line":27,"column":24},"end":{"line":27,"column":42}},{"start":{"line":27,"column":46},"end":{"line":27,"column":67}}],"line":27},"3":{"loc":{"start":{"line":30,"column":6},"end":{"line":32,"column":7}},"type":"if","locations":[{"start":{"line":30,"column":6},"end":{"line":32,"column":7}},{"start":{},"end":{}}],"line":30},"4":{"loc":{"start":{"line":34,"column":6},"end":{"line":38,"column":7}},"type":"if","locations":[{"start":{"line":34,"column":6},"end":{"line":38,"column":7}},{"start":{},"end":{}}],"line":34},"5":{"loc":{"start":{"line":34,"column":10},"end":{"line":34,"column":52}},"type":"binary-expr","locations":[{"start":{"line":34,"column":10},"end":{"line":34,"column":27}},{"start":{"line":34,"column":31},"end":{"line":34,"column":52}}],"line":34},"6":{"loc":{"start":{"line":40,"column":6},"end":{"line":59,"column":7}},"type":"if","locations":[{"start":{"line":40,"column":6},"end":{"line":59,"column":7}},{"start":{"line":43,"column":13},"end":{"line":59,"column":7}}],"line":40},"7":{"loc":{"start":{"line":46,"column":31},"end":{"line":46,"column":92}},"type":"cond-expr","locations":[{"start":{"line":46,"column":53},"end":{"line":46,"column":87}},{"start":{"line":46,"column":90},"end":{"line":46,"column":92}}],"line":46},"8":{"loc":{"start":{"line":47,"column":29},"end":{"line":47,"column":92}},"type":"cond-expr","locations":[{"start":{"line":47,"column":46},"end":{"line":47,"column":87}},{"start":{"line":47,"column":90},"end":{"line":47,"column":92}}],"line":47},"9":{"loc":{"start":{"line":48,"column":23},"end":{"line":48,"column":51}},"type":"binary-expr","locations":[{"start":{"line":48,"column":23},"end":{"line":48,"column":38}},{"start":{"line":48,"column":42},"end":{"line":48,"column":51}}],"line":48},"10":{"loc":{"start":{"line":49,"column":25},"end":{"line":49,"column":68}},"type":"binary-expr","locations":[{"start":{"line":49,"column":25},"end":{"line":49,"column":56}},{"start":{"line":49,"column":60},"end":{"line":49,"column":68}}],"line":49},"11":{"loc":{"start":{"line":53,"column":17},"end":{"line":53,"column":76}},"type":"binary-expr","locations":[{"start":{"line":53,"column":17},"end":{"line":53,"column":35}},{"start":{"line":53,"column":39},"end":{"line":53,"column":76}}],"line":53},"12":{"loc":{"start":{"line":54,"column":20},"end":{"line":54,"column":47}},"type":"binary-expr","locations":[{"start":{"line":54,"column":20},"end":{"line":54,"column":41}},{"start":{"line":54,"column":45},"end":{"line":54,"column":47}}],"line":54},"13":{"loc":{"start":{"line":62,"column":4},"end":{"line":64,"column":5}},"type":"if","locations":[{"start":{"line":62,"column":4},"end":{"line":64,"column":5}},{"start":{},"end":{}}],"line":62},"14":{"loc":{"start":{"line":68,"column":4},"end":{"line":71,"column":5}},"type":"if","locations":[{"start":{"line":68,"column":4},"end":{"line":71,"column":5}},{"start":{},"end":{}}],"line":68},"15":{"loc":{"start":{"line":70,"column":17},"end":{"line":70,"column":58}},"type":"cond-expr","locations":[{"start":{"line":70,"column":28},"end":{"line":70,"column":53}},{"start":{"line":70,"column":56},"end":{"line":70,"column":58}}],"line":70},"16":{"loc":{"start":{"line":80,"column":4},"end":{"line":82,"column":5}},"type":"if","locations":[{"start":{"line":80,"column":4},"end":{"line":82,"column":5}},{"start":{},"end":{}}],"line":80},"17":{"loc":{"start":{"line":89,"column":14},"end":{"line":89,"column":40}},"type":"binary-expr","locations":[{"start":{"line":89,"column":14},"end":{"line":89,"column":25}},{"start":{"line":89,"column":29},"end":{"line":89,"column":40}}],"line":89},"18":{"loc":{"start":{"line":99,"column":4},"end":{"line":101,"column":5}},"type":"if","locations":[{"start":{"line":99,"column":4},"end":{"line":101,"column":5}},{"start":{},"end":{}}],"line":99},"19":{"loc":{"start":{"line":103,"column":4},"end":{"line":105,"column":5}},"type":"if","locations":[{"start":{"line":103,"column":4},"end":{"line":105,"column":5}},{"start":{},"end":{}}],"line":103},"20":{"loc":{"start":{"line":109,"column":4},"end":{"line":111,"column":5}},"type":"if","locations":[{"start":{"line":109,"column":4},"end":{"line":111,"column":5}},{"start":{},"end":{}}],"line":109},"21":{"loc":{"start":{"line":124,"column":37},"end":{"line":124,"column":50}},"type":"default-arg","locations":[{"start":{"line":124,"column":46},"end":{"line":124,"column":50}}],"line":124},"22":{"loc":{"start":{"line":126,"column":4},"end":{"line":139,"column":5}},"type":"if","locations":[{"start":{"line":126,"column":4},"end":{"line":139,"column":5}},{"start":{},"end":{}}],"line":126},"23":{"loc":{"start":{"line":128,"column":6},"end":{"line":130,"column":7}},"type":"if","locations":[{"start":{"line":128,"column":6},"end":{"line":130,"column":7}},{"start":{},"end":{}}],"line":128},"24":{"loc":{"start":{"line":136,"column":6},"end":{"line":138,"column":7}},"type":"if","locations":[{"start":{"line":136,"column":6},"end":{"line":138,"column":7}},{"start":{},"end":{}}],"line":136},"25":{"loc":{"start":{"line":144,"column":4},"end":{"line":160,"column":5}},"type":"if","locations":[{"start":{"line":144,"column":4},"end":{"line":160,"column":5}},{"start":{},"end":{}}],"line":144},"26":{"loc":{"start":{"line":147,"column":8},"end":{"line":156,"column":9}},"type":"if","locations":[{"start":{"line":147,"column":8},"end":{"line":156,"column":9}},{"start":{},"end":{}}],"line":147},"27":{"loc":{"start":{"line":147,"column":12},"end":{"line":147,"column":35}},"type":"binary-expr","locations":[{"start":{"line":147,"column":12},"end":{"line":147,"column":16}},{"start":{"line":147,"column":20},"end":{"line":147,"column":35}}],"line":147},"28":{"loc":{"start":{"line":149,"column":10},"end":{"line":155,"column":11}},"type":"if","locations":[{"start":{"line":149,"column":10},"end":{"line":155,"column":11}},{"start":{},"end":{}}],"line":149},"29":{"loc":{"start":{"line":152,"column":34},"end":{"line":152,"column":64}},"type":"binary-expr","locations":[{"start":{"line":152,"column":34},"end":{"line":152,"column":59}},{"start":{"line":152,"column":63},"end":{"line":152,"column":64}}],"line":152},"30":{"loc":{"start":{"line":162,"column":4},"end":{"line":171,"column":5}},"type":"if","locations":[{"start":{"line":162,"column":4},"end":{"line":171,"column":5}},{"start":{},"end":{}}],"line":162},"31":{"loc":{"start":{"line":178,"column":4},"end":{"line":180,"column":5}},"type":"if","locations":[{"start":{"line":178,"column":4},"end":{"line":180,"column":5}},{"start":{},"end":{}}],"line":178},"32":{"loc":{"start":{"line":182,"column":4},"end":{"line":184,"column":5}},"type":"if","locations":[{"start":{"line":182,"column":4},"end":{"line":184,"column":5}},{"start":{},"end":{}}],"line":182},"33":{"loc":{"start":{"line":194,"column":4},"end":{"line":197,"column":5}},"type":"if","locations":[{"start":{"line":194,"column":4},"end":{"line":197,"column":5}},{"start":{},"end":{}}],"line":194},"34":{"loc":{"start":{"line":194,"column":8},"end":{"line":194,"column":51}},"type":"binary-expr","locations":[{"start":{"line":194,"column":8},"end":{"line":194,"column":21}},{"start":{"line":194,"column":25},"end":{"line":194,"column":51}}],"line":194},"35":{"loc":{"start":{"line":194,"column":26},"end":{"line":194,"column":46}},"type":"binary-expr","locations":[{"start":{"line":194,"column":26},"end":{"line":194,"column":41}},{"start":{"line":194,"column":45},"end":{"line":194,"column":46}}],"line":194},"36":{"loc":{"start":{"line":203,"column":4},"end":{"line":234,"column":5}},"type":"if","locations":[{"start":{"line":203,"column":4},"end":{"line":234,"column":5}},{"start":{},"end":{}}],"line":203},"37":{"loc":{"start":{"line":210,"column":48},"end":{"line":210,"column":110}},"type":"binary-expr","locations":[{"start":{"line":210,"column":48},"end":{"line":210,"column":78}},{"start":{"line":210,"column":82},"end":{"line":210,"column":110}}],"line":210},"38":{"loc":{"start":{"line":212,"column":8},"end":{"line":230,"column":9}},"type":"if","locations":[{"start":{"line":212,"column":8},"end":{"line":230,"column":9}},{"start":{},"end":{}}],"line":212},"39":{"loc":{"start":{"line":217,"column":12},"end":{"line":227,"column":13}},"type":"if","locations":[{"start":{"line":217,"column":12},"end":{"line":227,"column":13}},{"start":{},"end":{}}],"line":217},"40":{"loc":{"start":{"line":232,"column":94},"end":{"line":232,"column":128}},"type":"binary-expr","locations":[{"start":{"line":232,"column":94},"end":{"line":232,"column":113}},{"start":{"line":232,"column":117},"end":{"line":232,"column":128}}],"line":232},"41":{"loc":{"start":{"line":239,"column":21},"end":{"line":239,"column":53}},"type":"binary-expr","locations":[{"start":{"line":239,"column":21},"end":{"line":239,"column":34}},{"start":{"line":239,"column":38},"end":{"line":239,"column":53}}],"line":239},"42":{"loc":{"start":{"line":240,"column":26},"end":{"line":240,"column":62}},"type":"binary-expr","locations":[{"start":{"line":240,"column":26},"end":{"line":240,"column":32}},{"start":{"line":240,"column":36},"end":{"line":240,"column":62}}],"line":240},"43":{"loc":{"start":{"line":241,"column":25},"end":{"line":241,"column":50}},"type":"cond-expr","locations":[{"start":{"line":241,"column":45},"end":{"line":241,"column":46}},{"start":{"line":241,"column":49},"end":{"line":241,"column":50}}],"line":241},"44":{"loc":{"start":{"line":247,"column":63},"end":{"line":247,"column":90}},"type":"binary-expr","locations":[{"start":{"line":247,"column":63},"end":{"line":247,"column":69}},{"start":{"line":247,"column":73},"end":{"line":247,"column":90}}],"line":247},"45":{"loc":{"start":{"line":266,"column":4},"end":{"line":268,"column":5}},"type":"if","locations":[{"start":{"line":266,"column":4},"end":{"line":268,"column":5}},{"start":{},"end":{}}],"line":266},"46":{"loc":{"start":{"line":271,"column":63},"end":{"line":271,"column":90}},"type":"binary-expr","locations":[{"start":{"line":271,"column":63},"end":{"line":271,"column":84}},{"start":{"line":271,"column":88},"end":{"line":271,"column":90}}],"line":271},"47":{"loc":{"start":{"line":277,"column":15},"end":{"line":277,"column":40}},"type":"binary-expr","locations":[{"start":{"line":277,"column":15},"end":{"line":277,"column":34}},{"start":{"line":277,"column":38},"end":{"line":277,"column":40}}],"line":277},"48":{"loc":{"start":{"line":278,"column":16},"end":{"line":278,"column":43}},"type":"binary-expr","locations":[{"start":{"line":278,"column":16},"end":{"line":278,"column":37}},{"start":{"line":278,"column":41},"end":{"line":278,"column":43}}],"line":278},"49":{"loc":{"start":{"line":279,"column":14},"end":{"line":279,"column":38}},"type":"binary-expr","locations":[{"start":{"line":279,"column":14},"end":{"line":279,"column":32}},{"start":{"line":279,"column":36},"end":{"line":279,"column":38}}],"line":279},"50":{"loc":{"start":{"line":284,"column":16},"end":{"line":284,"column":43}},"type":"binary-expr","locations":[{"start":{"line":284,"column":16},"end":{"line":284,"column":37}},{"start":{"line":284,"column":41},"end":{"line":284,"column":43}}],"line":284},"51":{"loc":{"start":{"line":285,"column":16},"end":{"line":285,"column":42}},"type":"binary-expr","locations":[{"start":{"line":285,"column":16},"end":{"line":285,"column":36}},{"start":{"line":285,"column":40},"end":{"line":285,"column":42}}],"line":285},"52":{"loc":{"start":{"line":286,"column":15},"end":{"line":286,"column":40}},"type":"binary-expr","locations":[{"start":{"line":286,"column":15},"end":{"line":286,"column":34}},{"start":{"line":286,"column":38},"end":{"line":286,"column":40}}],"line":286},"53":{"loc":{"start":{"line":287,"column":14},"end":{"line":287,"column":38}},"type":"binary-expr","locations":[{"start":{"line":287,"column":14},"end":{"line":287,"column":32}},{"start":{"line":287,"column":36},"end":{"line":287,"column":38}}],"line":287},"54":{"loc":{"start":{"line":300,"column":43},"end":{"line":300,"column":55}},"type":"default-arg","locations":[{"start":{"line":300,"column":51},"end":{"line":300,"column":55}}],"line":300},"55":{"loc":{"start":{"line":300,"column":57},"end":{"line":300,"column":71}},"type":"default-arg","locations":[{"start":{"line":300,"column":66},"end":{"line":300,"column":71}}],"line":300},"56":{"loc":{"start":{"line":305,"column":41},"end":{"line":305,"column":53}},"type":"default-arg","locations":[{"start":{"line":305,"column":49},"end":{"line":305,"column":53}}],"line":305},"57":{"loc":{"start":{"line":305,"column":55},"end":{"line":305,"column":69}},"type":"default-arg","locations":[{"start":{"line":305,"column":64},"end":{"line":305,"column":69}}],"line":305}},"s":{"0":2,"1":2,"2":2,"3":2,"4":2,"5":2,"6":5,"7":5,"8":5,"9":5,"10":5,"11":5,"12":0,"13":0,"14":0,"15":0,"16":0,"17":0,"18":0,"19":0,"20":0,"21":0,"22":0,"23":0,"24":0,"25":0,"26":0,"27":0,"28":0,"29":0,"30":0,"31":0,"32":0,"33":0,"34":0,"35":0,"36":0,"37":0,"38":0,"39":0,"40":0,"41":0,"42":0,"43":0,"44":3,"45":3,"46":0,"47":3,"48":1,"49":2,"50":2,"51":1,"52":1,"53":1,"54":1,"55":1,"56":0,"57":1,"58":1,"59":1,"60":0,"61":1,"62":1,"63":1,"64":1,"65":1,"66":1,"67":1,"68":1,"69":1,"70":1,"71":1,"72":1,"73":0,"74":1,"75":0,"76":0,"77":0,"78":0,"79":0,"80":0,"81":1,"82":0,"83":0,"84":0,"85":0,"86":0,"87":0,"88":0,"89":0,"90":0,"91":0,"92":0,"93":0,"94":0,"95":0,"96":0,"97":0,"98":0,"99":0,"100":0,"101":0,"102":0,"103":0,"104":0,"105":0,"106":0,"107":0,"108":0,"109":0,"110":0,"111":0,"112":0,"113":0,"114":0,"115":0,"116":0,"117":0,"118":0,"119":0,"120":0,"121":0,"122":0,"123":0,"124":0,"125":0,"126":0,"127":0,"128":0,"129":0,"130":0,"131":0,"132":0,"133":0,"134":0,"135":0,"136":0,"137":0,"138":0,"139":0,"140":0,"141":0,"142":0,"143":0,"144":2},"f":{"0":5,"1":0,"2":3,"3":1,"4":0,"5":0,"6":0,"7":0,"8":0,"9":0,"10":0,"11":0,"12":0,"13":0,"14":0,"15":0,"16":0,"17":0,"18":0,"19":0,"20":0},"b":{"0":[0,0],"1":[0,0],"2":[0,0,0],"3":[0,0],"4":[0,0],"5":[0,0],"6":[0,0],"7":[0,0],"8":[0,0],"9":[0,0],"10":[0,0],"11":[0,0],"12":[0,0],"13":[0,0],"14":[0,0],"15":[0,0],"16":[0,0],"17":[0,0],"18":[0,3],"19":[1,2],"20":[1,1],"21":[1],"22":[1,0],"23":[0,1],"24":[0,1],"25":[1,0],"26":[1,0],"27":[1,1],"28":[1,0],"29":[1,0],"30":[0,1],"31":[0,0],"32":[0,0],"33":[0,0],"34":[0,0],"35":[0,0],"36":[0,0],"37":[0,0],"38":[0,0],"39":[0,0],"40":[0,0],"41":[0,0],"42":[0,0],"43":[0,0],"44":[0,0],"45":[0,0],"46":[0,0],"47":[0,0],"48":[0,0],"49":[0,0],"50":[0,0],"51":[0,0],"52":[0,0],"53":[0,0],"54":[0],"55":[0],"56":[0],"57":[0]},"inputSourceMap":null,"_coverageSchema":"1a1c01bbd47fc00a2c39e90264f33305004495a9","hash":"43fc5c976e38f5f9c7e0262170137c12e48cce56"}
,"/home/mauricio/Documentos/GitHub/FadeBooker/Producto/back-fadebooker/src/application/usecases/cliente.service.js": {"path":"/home/mauricio/Documentos/GitHub/FadeBooker/Producto/back-fadebooker/src/application/usecases/cliente.service.js","statementMap":{"0":{"start":{"line":3,"column":4},"end":{"line":3,"column":47}},"1":{"start":{"line":7,"column":4},"end":{"line":7,"column":46}},"2":{"start":{"line":11,"column":4},"end":{"line":11,"column":46}},"3":{"start":{"line":15,"column":4},"end":{"line":15,"column":52}},"4":{"start":{"line":19,"column":4},"end":{"line":19,"column":54}},"5":{"start":{"line":23,"column":4},"end":{"line":23,"column":58}},"6":{"start":{"line":27,"column":4},"end":{"line":27,"column":43}},"7":{"start":{"line":31,"column":4},"end":{"line":31,"column":50}},"8":{"start":{"line":35,"column":4},"end":{"line":35,"column":44}},"9":{"start":{"line":39,"column":4},"end":{"line":39,"column":70}},"10":{"start":{"line":43,"column":0},"end":{"line":43,"column":31}}},"fnMap":{"0":{"name":"(anonymous_0)","decl":{"start":{"line":2,"column":2},"end":{"line":2,"column":3}},"loc":{"start":{"line":2,"column":33},"end":{"line":4,"column":3}},"line":2},"1":{"name":"(anonymous_1)","decl":{"start":{"line":6,"column":2},"end":{"line":6,"column":3}},"loc":{"start":{"line":6,"column":27},"end":{"line":8,"column":3}},"line":6},"2":{"name":"(anonymous_2)","decl":{"start":{"line":10,"column":2},"end":{"line":10,"column":3}},"loc":{"start":{"line":10,"column":32},"end":{"line":12,"column":3}},"line":10},"3":{"name":"(anonymous_3)","decl":{"start":{"line":14,"column":2},"end":{"line":14,"column":3}},"loc":{"start":{"line":14,"column":38},"end":{"line":16,"column":3}},"line":14},"4":{"name":"(anonymous_4)","decl":{"start":{"line":18,"column":2},"end":{"line":18,"column":3}},"loc":{"start":{"line":18,"column":39},"end":{"line":20,"column":3}},"line":18},"5":{"name":"(anonymous_5)","decl":{"start":{"line":22,"column":2},"end":{"line":22,"column":3}},"loc":{"start":{"line":22,"column":43},"end":{"line":24,"column":3}},"line":22},"6":{"name":"(anonymous_6)","decl":{"start":{"line":26,"column":2},"end":{"line":26,"column":3}},"loc":{"start":{"line":26,"column":34},"end":{"line":28,"column":3}},"line":26},"7":{"name":"(anonymous_7)","decl":{"start":{"line":30,"column":2},"end":{"line":30,"column":3}},"loc":{"start":{"line":30,"column":36},"end":{"line":32,"column":3}},"line":30},"8":{"name":"(anonymous_8)","decl":{"start":{"line":34,"column":2},"end":{"line":34,"column":3}},"loc":{"start":{"line":34,"column":28},"end":{"line":36,"column":3}},"line":34},"9":{"name":"(anonymous_9)","decl":{"start":{"line":38,"column":2},"end":{"line":38,"column":3}},"loc":{"start":{"line":38,"column":52},"end":{"line":40,"column":3}},"line":38}},"branchMap":{},"s":{"0":0,"1":0,"2":0,"3":0,"4":0,"5":0,"6":0,"7":0,"8":0,"9":0,"10":0},"f":{"0":0,"1":0,"2":0,"3":0,"4":0,"5":0,"6":0,"7":0,"8":0,"9":0},"b":{},"inputSourceMap":null}
,"/home/mauricio/Documentos/GitHub/FadeBooker/Producto/back-fadebooker/src/application/usecases/generarReporteCitas.js": {"path":"/home/mauricio/Documentos/GitHub/FadeBooker/Producto/back-fadebooker/src/application/usecases/generarReporteCitas.js","statementMap":{"0":{"start":{"line":1,"column":16},"end":{"line":1,"column":34}},"1":{"start":{"line":5,"column":8},"end":{"line":5,"column":45}},"2":{"start":{"line":13,"column":22},"end":{"line":17,"column":9}},"3":{"start":{"line":19,"column":25},"end":{"line":19,"column":47}},"4":{"start":{"line":20,"column":26},"end":{"line":20,"column":67}},"5":{"start":{"line":22,"column":8},"end":{"line":28,"column":10}},"6":{"start":{"line":31,"column":8},"end":{"line":31,"column":50}},"7":{"start":{"line":32,"column":8},"end":{"line":36,"column":10}},"8":{"start":{"line":38,"column":8},"end":{"line":40,"column":11}},"9":{"start":{"line":39,"column":12},"end":{"line":39,"column":35}},"10":{"start":{"line":43,"column":23},"end":{"line":43,"column":56}},"11":{"start":{"line":44,"column":8},"end":{"line":44,"column":22}},"12":{"start":{"line":48,"column":0},"end":{"line":48,"column":37}}},"fnMap":{"0":{"name":"(anonymous_0)","decl":{"start":{"line":4,"column":4},"end":{"line":4,"column":5}},"loc":{"start":{"line":4,"column":32},"end":{"line":6,"column":5}},"line":4},"1":{"name":"(anonymous_1)","decl":{"start":{"line":8,"column":4},"end":{"line":8,"column":5}},"loc":{"start":{"line":8,"column":41},"end":{"line":45,"column":5}},"line":8},"2":{"name":"(anonymous_2)","decl":{"start":{"line":38,"column":22},"end":{"line":38,"column":23}},"loc":{"start":{"line":38,"column":30},"end":{"line":40,"column":9}},"line":38}},"branchMap":{},"s":{"0":0,"1":0,"2":0,"3":0,"4":0,"5":0,"6":0,"7":0,"8":0,"9":0,"10":0,"11":0,"12":0},"f":{"0":0,"1":0,"2":0},"b":{},"inputSourceMap":null}
,"/home/mauricio/Documentos/GitHub/FadeBooker/Producto/back-fadebooker/src/application/usecases/hairstyle.service.js": {"path":"/home/mauricio/Documentos/GitHub/FadeBooker/Producto/back-fadebooker/src/application/usecases/hairstyle.service.js","statementMap":{"0":{"start":{"line":8,"column":15},"end":{"line":8,"column":32}},"1":{"start":{"line":9,"column":25},"end":{"line":9,"column":66}},"2":{"start":{"line":13,"column":4},"end":{"line":13,"column":45}},"3":{"start":{"line":25,"column":4},"end":{"line":66,"column":5}},"4":{"start":{"line":27,"column":6},"end":{"line":29,"column":7}},"5":{"start":{"line":28,"column":8},"end":{"line":28,"column":191}},"6":{"start":{"line":31,"column":21},"end":{"line":31,"column":51}},"7":{"start":{"line":32,"column":24},"end":{"line":32,"column":53}},"8":{"start":{"line":34,"column":25},"end":{"line":37,"column":7}},"9":{"start":{"line":39,"column":6},"end":{"line":41,"column":7}},"10":{"start":{"line":40,"column":8},"end":{"line":40,"column":70}},"11":{"start":{"line":44,"column":27},"end":{"line":47,"column":18}},"12":{"start":{"line":46,"column":20},"end":{"line":46,"column":47}},"13":{"start":{"line":50,"column":24},"end":{"line":53,"column":22}},"14":{"start":{"line":55,"column":6},"end":{"line":63,"column":8}},"15":{"start":{"line":65,"column":6},"end":{"line":65,"column":75}},"16":{"start":{"line":87,"column":4},"end":{"line":174,"column":5}},"17":{"start":{"line":89,"column":6},"end":{"line":91,"column":7}},"18":{"start":{"line":90,"column":8},"end":{"line":90,"column":191}},"19":{"start":{"line":93,"column":44},"end":{"line":93,"column":50}},"20":{"start":{"line":96,"column":23},"end":{"line":96,"column":68}},"21":{"start":{"line":97,"column":20},"end":{"line":97,"column":110}},"22":{"start":{"line":100,"column":6},"end":{"line":102,"column":7}},"23":{"start":{"line":101,"column":8},"end":{"line":101,"column":65}},"24":{"start":{"line":103,"column":6},"end":{"line":105,"column":7}},"25":{"start":{"line":104,"column":8},"end":{"line":104,"column":61}},"26":{"start":{"line":108,"column":23},"end":{"line":119,"column":7}},"27":{"start":{"line":122,"column":26},"end":{"line":133,"column":7}},"28":{"start":{"line":135,"column":22},"end":{"line":135,"column":39}},"29":{"start":{"line":136,"column":23},"end":{"line":136,"column":43}},"30":{"start":{"line":138,"column":6},"end":{"line":140,"column":7}},"31":{"start":{"line":139,"column":8},"end":{"line":139,"column":110}},"32":{"start":{"line":142,"column":26},"end":{"line":142,"column":63}},"33":{"start":{"line":143,"column":22},"end":{"line":143,"column":98}},"34":{"start":{"line":144,"column":28},"end":{"line":144,"column":30}},"35":{"start":{"line":145,"column":23},"end":{"line":145,"column":25}},"36":{"start":{"line":147,"column":6},"end":{"line":157,"column":7}},"37":{"start":{"line":149,"column":27},"end":{"line":149,"column":55}},"38":{"start":{"line":150,"column":30},"end":{"line":150,"column":60}},"39":{"start":{"line":151,"column":8},"end":{"line":151,"column":86}},"40":{"start":{"line":152,"column":8},"end":{"line":152,"column":50}},"41":{"start":{"line":155,"column":8},"end":{"line":155,"column":114}},"42":{"start":{"line":156,"column":8},"end":{"line":156,"column":43}},"43":{"start":{"line":159,"column":32},"end":{"line":159,"column":75}},"44":{"start":{"line":161,"column":6},"end":{"line":171,"column":8}},"45":{"start":{"line":173,"column":6},"end":{"line":173,"column":81}},"46":{"start":{"line":178,"column":0},"end":{"line":178,"column":34}}},"fnMap":{"0":{"name":"(anonymous_0)","decl":{"start":{"line":12,"column":2},"end":{"line":12,"column":3}},"loc":{"start":{"line":12,"column":32},"end":{"line":14,"column":3}},"line":12},"1":{"name":"(anonymous_1)","decl":{"start":{"line":24,"column":2},"end":{"line":24,"column":3}},"loc":{"start":{"line":24,"column":39},"end":{"line":67,"column":3}},"line":24},"2":{"name":"(anonymous_2)","decl":{"start":{"line":46,"column":13},"end":{"line":46,"column":14}},"loc":{"start":{"line":46,"column":20},"end":{"line":46,"column":47}},"line":46},"3":{"name":"(anonymous_3)","decl":{"start":{"line":86,"column":2},"end":{"line":86,"column":3}},"loc":{"start":{"line":86,"column":43},"end":{"line":175,"column":3}},"line":86}},"branchMap":{"0":{"loc":{"start":{"line":24,"column":26},"end":{"line":24,"column":37}},"type":"default-arg","locations":[{"start":{"line":24,"column":35},"end":{"line":24,"column":37}}],"line":24},"1":{"loc":{"start":{"line":27,"column":6},"end":{"line":29,"column":7}},"type":"if","locations":[{"start":{"line":27,"column":6},"end":{"line":29,"column":7}},{"start":{},"end":{}}],"line":27},"2":{"loc":{"start":{"line":31,"column":21},"end":{"line":31,"column":51}},"type":"binary-expr","locations":[{"start":{"line":31,"column":21},"end":{"line":31,"column":34}},{"start":{"line":31,"column":38},"end":{"line":31,"column":51}}],"line":31},"3":{"loc":{"start":{"line":39,"column":6},"end":{"line":41,"column":7}},"type":"if","locations":[{"start":{"line":39,"column":6},"end":{"line":41,"column":7}},{"start":{},"end":{}}],"line":39},"4":{"loc":{"start":{"line":86,"column":30},"end":{"line":86,"column":41}},"type":"default-arg","locations":[{"start":{"line":86,"column":39},"end":{"line":86,"column":41}}],"line":86},"5":{"loc":{"start":{"line":89,"column":6},"end":{"line":91,"column":7}},"type":"if","locations":[{"start":{"line":89,"column":6},"end":{"line":91,"column":7}},{"start":{},"end":{}}],"line":89},"6":{"loc":{"start":{"line":97,"column":20},"end":{"line":97,"column":110}},"type":"cond-expr","locations":[{"start":{"line":97,"column":50},"end":{"line":97,"column":98}},{"start":{"line":97,"column":102},"end":{"line":97,"column":110}}],"line":97},"7":{"loc":{"start":{"line":97,"column":50},"end":{"line":97,"column":98}},"type":"binary-expr","locations":[{"start":{"line":97,"column":50},"end":{"line":97,"column":71}},{"start":{"line":97,"column":75},"end":{"line":97,"column":98}}],"line":97},"8":{"loc":{"start":{"line":100,"column":6},"end":{"line":102,"column":7}},"type":"if","locations":[{"start":{"line":100,"column":6},"end":{"line":102,"column":7}},{"start":{},"end":{}}],"line":100},"9":{"loc":{"start":{"line":103,"column":6},"end":{"line":105,"column":7}},"type":"if","locations":[{"start":{"line":103,"column":6},"end":{"line":105,"column":7}},{"start":{},"end":{}}],"line":103},"10":{"loc":{"start":{"line":138,"column":6},"end":{"line":140,"column":7}},"type":"if","locations":[{"start":{"line":138,"column":6},"end":{"line":140,"column":7}},{"start":{},"end":{}}],"line":138},"11":{"loc":{"start":{"line":138,"column":10},"end":{"line":138,"column":31}},"type":"binary-expr","locations":[{"start":{"line":138,"column":10},"end":{"line":138,"column":18}},{"start":{"line":138,"column":22},"end":{"line":138,"column":31}}],"line":138},"12":{"loc":{"start":{"line":142,"column":26},"end":{"line":142,"column":63}},"type":"cond-expr","locations":[{"start":{"line":142,"column":48},"end":{"line":142,"column":55}},{"start":{"line":142,"column":58},"end":{"line":142,"column":63}}],"line":142},"13":{"loc":{"start":{"line":147,"column":6},"end":{"line":157,"column":7}},"type":"if","locations":[{"start":{"line":147,"column":6},"end":{"line":157,"column":7}},{"start":{"line":153,"column":13},"end":{"line":157,"column":7}}],"line":147},"14":{"loc":{"start":{"line":167,"column":16},"end":{"line":167,"column":55}},"type":"cond-expr","locations":[{"start":{"line":167,"column":38},"end":{"line":167,"column":46}},{"start":{"line":167,"column":49},"end":{"line":167,"column":55}}],"line":167},"15":{"loc":{"start":{"line":169,"column":17},"end":{"line":169,"column":39}},"type":"cond-expr","locations":[{"start":{"line":169,"column":25},"end":{"line":169,"column":29}},{"start":{"line":169,"column":32},"end":{"line":169,"column":39}}],"line":169}},"s":{"0":0,"1":0,"2":0,"3":0,"4":0,"5":0,"6":0,"7":0,"8":0,"9":0,"10":0,"11":0,"12":0,"13":0,"14":0,"15":0,"16":0,"17":0,"18":0,"19":0,"20":0,"21":0,"22":0,"23":0,"24":0,"25":0,"26":0,"27":0,"28":0,"29":0,"30":0,"31":0,"32":0,"33":0,"34":0,"35":0,"36":0,"37":0,"38":0,"39":0,"40":0,"41":0,"42":0,"43":0,"44":0,"45":0,"46":0},"f":{"0":0,"1":0,"2":0,"3":0},"b":{"0":[0],"1":[0,0],"2":[0,0],"3":[0,0],"4":[0],"5":[0,0],"6":[0,0],"7":[0,0],"8":[0,0],"9":[0,0],"10":[0,0],"11":[0,0],"12":[0,0],"13":[0,0],"14":[0,0],"15":[0,0]},"inputSourceMap":null}
,"/home/mauricio/Documentos/GitHub/FadeBooker/Producto/back-fadebooker/src/application/usecases/notificationPreference.service.js": {"path":"/home/mauricio/Documentos/GitHub/FadeBooker/Producto/back-fadebooker/src/application/usecases/notificationPreference.service.js","statementMap":{"0":{"start":{"line":3,"column":4},"end":{"line":3,"column":77}},"1":{"start":{"line":7,"column":18},"end":{"line":7,"column":82}},"2":{"start":{"line":8,"column":4},"end":{"line":8,"column":17}},"3":{"start":{"line":12,"column":4},"end":{"line":12,"column":84}},"4":{"start":{"line":16,"column":0},"end":{"line":16,"column":47}}},"fnMap":{"0":{"name":"(anonymous_0)","decl":{"start":{"line":2,"column":2},"end":{"line":2,"column":3}},"loc":{"start":{"line":2,"column":48},"end":{"line":4,"column":3}},"line":2},"1":{"name":"(anonymous_1)","decl":{"start":{"line":6,"column":2},"end":{"line":6,"column":3}},"loc":{"start":{"line":6,"column":31},"end":{"line":9,"column":3}},"line":6},"2":{"name":"(anonymous_2)","decl":{"start":{"line":11,"column":2},"end":{"line":11,"column":3}},"loc":{"start":{"line":11,"column":40},"end":{"line":13,"column":3}},"line":11}},"branchMap":{},"s":{"0":0,"1":0,"2":0,"3":0,"4":0},"f":{"0":0,"1":0,"2":0},"b":{},"inputSourceMap":null}
,"/home/mauricio/Documentos/GitHub/FadeBooker/Producto/back-fadebooker/src/application/usecases/pago.service.js": {"path":"/home/mauricio/Documentos/GitHub/FadeBooker/Producto/back-fadebooker/src/application/usecases/pago.service.js","statementMap":{"0":{"start":{"line":1,"column":40},"end":{"line":1,"column":75}},"1":{"start":{"line":2,"column":32},"end":{"line":2,"column":87}},"2":{"start":{"line":6,"column":4},"end":{"line":6,"column":41}},"3":{"start":{"line":7,"column":4},"end":{"line":7,"column":41}},"4":{"start":{"line":11,"column":4},"end":{"line":115,"column":5}},"5":{"start":{"line":13,"column":19},"end":{"line":13,"column":62}},"6":{"start":{"line":14,"column":6},"end":{"line":16,"column":7}},"7":{"start":{"line":15,"column":8},"end":{"line":15,"column":46}},"8":{"start":{"line":19,"column":24},"end":{"line":19,"column":25}},"9":{"start":{"line":20,"column":29},"end":{"line":20,"column":70}},"10":{"start":{"line":22,"column":6},"end":{"line":31,"column":7}},"11":{"start":{"line":24,"column":31},"end":{"line":24,"column":53}},"12":{"start":{"line":25,"column":8},"end":{"line":27,"column":9}},"13":{"start":{"line":26,"column":11},"end":{"line":26,"column":95}},"14":{"start":{"line":28,"column":8},"end":{"line":28,"column":62}},"15":{"start":{"line":30,"column":8},"end":{"line":30,"column":37}},"16":{"start":{"line":33,"column":6},"end":{"line":35,"column":7}},"17":{"start":{"line":34,"column":8},"end":{"line":34,"column":98}},"18":{"start":{"line":38,"column":27},"end":{"line":38,"column":61}},"19":{"start":{"line":39,"column":35},"end":{"line":39,"column":74}},"20":{"start":{"line":40,"column":6},"end":{"line":47,"column":7}},"21":{"start":{"line":42,"column":8},"end":{"line":45,"column":11}},"22":{"start":{"line":46,"column":8},"end":{"line":46,"column":121}},"23":{"start":{"line":50,"column":25},"end":{"line":50,"column":47}},"24":{"start":{"line":53,"column":19},"end":{"line":72,"column":7}},"25":{"start":{"line":74,"column":23},"end":{"line":74,"column":56}},"26":{"start":{"line":75,"column":31},"end":{"line":75,"column":79}},"27":{"start":{"line":78,"column":29},"end":{"line":78,"column":30}},"28":{"start":{"line":79,"column":6},"end":{"line":92,"column":7}},"29":{"start":{"line":80,"column":25},"end":{"line":80,"column":39}},"30":{"start":{"line":82,"column":30},"end":{"line":82,"column":122}},"31":{"start":{"line":83,"column":8},"end":{"line":88,"column":9}},"32":{"start":{"line":84,"column":10},"end":{"line":84,"column":141}},"33":{"start":{"line":86,"column":25},"end":{"line":86,"column":122}},"34":{"start":{"line":87,"column":10},"end":{"line":87,"column":139}},"35":{"start":{"line":87,"column":22},"end":{"line":87,"column":139}},"36":{"start":{"line":90,"column":8},"end":{"line":90,"column":105}},"37":{"start":{"line":91,"column":8},"end":{"line":91,"column":29}},"38":{"start":{"line":94,"column":23},"end":{"line":101,"column":7}},"39":{"start":{"line":103,"column":6},"end":{"line":103,"column":49}},"40":{"start":{"line":105,"column":6},"end":{"line":110,"column":8}},"41":{"start":{"line":113,"column":6},"end":{"line":113,"column":65}},"42":{"start":{"line":114,"column":6},"end":{"line":114,"column":78}},"43":{"start":{"line":119,"column":4},"end":{"line":289,"column":5}},"44":{"start":{"line":120,"column":6},"end":{"line":120,"column":98}},"45":{"start":{"line":122,"column":20},"end":{"line":122,"column":56}},"46":{"start":{"line":123,"column":15},"end":{"line":123,"column":36}},"47":{"start":{"line":124,"column":19},"end":{"line":124,"column":97}},"48":{"start":{"line":125,"column":31},"end":{"line":125,"column":84}},"49":{"start":{"line":129,"column":6},"end":{"line":145,"column":7}},"50":{"start":{"line":130,"column":8},"end":{"line":144,"column":9}},"51":{"start":{"line":131,"column":10},"end":{"line":131,"column":102}},"52":{"start":{"line":132,"column":34},"end":{"line":132,"column":53}},"53":{"start":{"line":133,"column":34},"end":{"line":133,"column":79}},"54":{"start":{"line":134,"column":33},"end":{"line":134,"column":102}},"55":{"start":{"line":136,"column":10},"end":{"line":140,"column":11}},"56":{"start":{"line":137,"column":12},"end":{"line":137,"column":120}},"57":{"start":{"line":138,"column":12},"end":{"line":138,"column":43}},"58":{"start":{"line":139,"column":12},"end":{"line":139,"column":67}},"59":{"start":{"line":142,"column":10},"end":{"line":142,"column":113}},"60":{"start":{"line":148,"column":6},"end":{"line":151,"column":7}},"61":{"start":{"line":149,"column":8},"end":{"line":149,"column":129}},"62":{"start":{"line":150,"column":8},"end":{"line":150,"column":15}},"63":{"start":{"line":153,"column":22},"end":{"line":153,"column":61}},"64":{"start":{"line":156,"column":17},"end":{"line":156,"column":63}},"65":{"start":{"line":157,"column":6},"end":{"line":167,"column":7}},"66":{"start":{"line":159,"column":26},"end":{"line":159,"column":73}},"67":{"start":{"line":160,"column":8},"end":{"line":160,"column":66}},"68":{"start":{"line":160,"column":35},"end":{"line":160,"column":64}},"69":{"start":{"line":161,"column":8},"end":{"line":166,"column":9}},"70":{"start":{"line":162,"column":10},"end":{"line":162,"column":117}},"71":{"start":{"line":163,"column":10},"end":{"line":165,"column":13}},"72":{"start":{"line":169,"column":6},"end":{"line":172,"column":7}},"73":{"start":{"line":170,"column":8},"end":{"line":170,"column":64}},"74":{"start":{"line":171,"column":8},"end":{"line":171,"column":15}},"75":{"start":{"line":175,"column":24},"end":{"line":175,"column":35}},"76":{"start":{"line":176,"column":6},"end":{"line":180,"column":7}},"77":{"start":{"line":177,"column":8},"end":{"line":177,"column":35}},"78":{"start":{"line":178,"column":13},"end":{"line":180,"column":7}},"79":{"start":{"line":179,"column":8},"end":{"line":179,"column":32}},"80":{"start":{"line":182,"column":6},"end":{"line":185,"column":9}},"81":{"start":{"line":188,"column":6},"end":{"line":282,"column":7}},"82":{"start":{"line":189,"column":21},"end":{"line":189,"column":64}},"83":{"start":{"line":190,"column":8},"end":{"line":281,"column":9}},"84":{"start":{"line":192,"column":31},"end":{"line":192,"column":65}},"85":{"start":{"line":193,"column":30},"end":{"line":193,"column":40}},"86":{"start":{"line":194,"column":30},"end":{"line":194,"column":70}},"87":{"start":{"line":197,"column":10},"end":{"line":212,"column":11}},"88":{"start":{"line":198,"column":12},"end":{"line":198,"column":179}},"89":{"start":{"line":201,"column":12},"end":{"line":204,"column":15}},"90":{"start":{"line":207,"column":12},"end":{"line":210,"column":15}},"91":{"start":{"line":211,"column":12},"end":{"line":211,"column":19}},"92":{"start":{"line":215,"column":10},"end":{"line":218,"column":11}},"93":{"start":{"line":216,"column":12},"end":{"line":216,"column":136}},"94":{"start":{"line":217,"column":12},"end":{"line":217,"column":19}},"95":{"start":{"line":220,"column":29},"end":{"line":220,"column":71}},"96":{"start":{"line":221,"column":29},"end":{"line":225,"column":11}},"97":{"start":{"line":227,"column":10},"end":{"line":227,"column":64}},"98":{"start":{"line":230,"column":10},"end":{"line":280,"column":11}},"99":{"start":{"line":231,"column":38},"end":{"line":231,"column":102}},"100":{"start":{"line":232,"column":32},"end":{"line":232,"column":86}},"101":{"start":{"line":233,"column":12},"end":{"line":277,"column":13}},"102":{"start":{"line":234,"column":38},"end":{"line":234,"column":77}},"103":{"start":{"line":235,"column":35},"end":{"line":235,"column":117}},"104":{"start":{"line":236,"column":14},"end":{"line":254,"column":15}},"105":{"start":{"line":237,"column":16},"end":{"line":250,"column":19}},"106":{"start":{"line":251,"column":16},"end":{"line":251,"column":114}},"107":{"start":{"line":253,"column":16},"end":{"line":253,"column":142}},"108":{"start":{"line":257,"column":14},"end":{"line":276,"column":15}},"109":{"start":{"line":258,"column":39},"end":{"line":258,"column":67}},"110":{"start":{"line":259,"column":39},"end":{"line":259,"column":146}},"111":{"start":{"line":260,"column":40},"end":{"line":265,"column":48}},"112":{"start":{"line":267,"column":16},"end":{"line":273,"column":17}},"113":{"start":{"line":268,"column":18},"end":{"line":268,"column":84}},"114":{"start":{"line":269,"column":18},"end":{"line":269,"column":77}},"115":{"start":{"line":270,"column":18},"end":{"line":270,"column":119}},"116":{"start":{"line":272,"column":18},"end":{"line":272,"column":94}},"117":{"start":{"line":275,"column":16},"end":{"line":275,"column":132}},"118":{"start":{"line":279,"column":12},"end":{"line":279,"column":138}},"119":{"start":{"line":284,"column":6},"end":{"line":284,"column":69}},"120":{"start":{"line":287,"column":6},"end":{"line":287,"column":56}},"121":{"start":{"line":288,"column":6},"end":{"line":288,"column":18}},"122":{"start":{"line":293,"column":0},"end":{"line":293,"column":29}}},"fnMap":{"0":{"name":"(anonymous_0)","decl":{"start":{"line":5,"column":2},"end":{"line":5,"column":3}},"loc":{"start":{"line":5,"column":46},"end":{"line":8,"column":3}},"line":5},"1":{"name":"(anonymous_1)","decl":{"start":{"line":10,"column":2},"end":{"line":10,"column":3}},"loc":{"start":{"line":10,"column":59},"end":{"line":116,"column":3}},"line":10},"2":{"name":"(anonymous_2)","decl":{"start":{"line":118,"column":2},"end":{"line":118,"column":3}},"loc":{"start":{"line":118,"column":30},"end":{"line":290,"column":3}},"line":118},"3":{"name":"(anonymous_3)","decl":{"start":{"line":160,"column":30},"end":{"line":160,"column":31}},"loc":{"start":{"line":160,"column":35},"end":{"line":160,"column":64}},"line":160}},"branchMap":{"0":{"loc":{"start":{"line":10,"column":38},"end":{"line":10,"column":57}},"type":"default-arg","locations":[{"start":{"line":10,"column":50},"end":{"line":10,"column":57}}],"line":10},"1":{"loc":{"start":{"line":14,"column":6},"end":{"line":16,"column":7}},"type":"if","locations":[{"start":{"line":14,"column":6},"end":{"line":16,"column":7}},{"start":{},"end":{}}],"line":14},"2":{"loc":{"start":{"line":20,"column":49},"end":{"line":20,"column":69}},"type":"binary-expr","locations":[{"start":{"line":20,"column":49},"end":{"line":20,"column":64}},{"start":{"line":20,"column":68},"end":{"line":20,"column":69}}],"line":20},"3":{"loc":{"start":{"line":22,"column":6},"end":{"line":31,"column":7}},"type":"if","locations":[{"start":{"line":22,"column":6},"end":{"line":31,"column":7}},{"start":{"line":29,"column":13},"end":{"line":31,"column":7}}],"line":22},"4":{"loc":{"start":{"line":25,"column":8},"end":{"line":27,"column":9}},"type":"if","locations":[{"start":{"line":25,"column":8},"end":{"line":27,"column":9}},{"start":{},"end":{}}],"line":25},"5":{"loc":{"start":{"line":25,"column":13},"end":{"line":25,"column":33}},"type":"binary-expr","locations":[{"start":{"line":25,"column":13},"end":{"line":25,"column":28}},{"start":{"line":25,"column":32},"end":{"line":25,"column":33}}],"line":25},"6":{"loc":{"start":{"line":28,"column":40},"end":{"line":28,"column":60}},"type":"binary-expr","locations":[{"start":{"line":28,"column":40},"end":{"line":28,"column":55}},{"start":{"line":28,"column":59},"end":{"line":28,"column":60}}],"line":28},"7":{"loc":{"start":{"line":33,"column":6},"end":{"line":35,"column":7}},"type":"if","locations":[{"start":{"line":33,"column":6},"end":{"line":35,"column":7}},{"start":{},"end":{}}],"line":33},"8":{"loc":{"start":{"line":40,"column":6},"end":{"line":47,"column":7}},"type":"if","locations":[{"start":{"line":40,"column":6},"end":{"line":47,"column":7}},{"start":{},"end":{}}],"line":40},"9":{"loc":{"start":{"line":40,"column":10},"end":{"line":40,"column":68}},"type":"binary-expr","locations":[{"start":{"line":40,"column":10},"end":{"line":40,"column":36}},{"start":{"line":40,"column":40},"end":{"line":40,"column":68}}],"line":40},"10":{"loc":{"start":{"line":40,"column":41},"end":{"line":40,"column":61}},"type":"binary-expr","locations":[{"start":{"line":40,"column":41},"end":{"line":40,"column":56}},{"start":{"line":40,"column":60},"end":{"line":40,"column":61}}],"line":40},"11":{"loc":{"start":{"line":44,"column":18},"end":{"line":44,"column":34}},"type":"binary-expr","locations":[{"start":{"line":44,"column":18},"end":{"line":44,"column":28}},{"start":{"line":44,"column":32},"end":{"line":44,"column":34}}],"line":44},"12":{"loc":{"start":{"line":56,"column":43},"end":{"line":56,"column":93}},"type":"cond-expr","locations":[{"start":{"line":56,"column":67},"end":{"line":56,"column":78}},{"start":{"line":56,"column":81},"end":{"line":56,"column":93}}],"line":56},"13":{"loc":{"start":{"line":62,"column":22},"end":{"line":62,"column":73}},"type":"binary-expr","locations":[{"start":{"line":62,"column":22},"end":{"line":62,"column":46}},{"start":{"line":62,"column":50},"end":{"line":62,"column":73}}],"line":62},"14":{"loc":{"start":{"line":63,"column":22},"end":{"line":63,"column":73}},"type":"binary-expr","locations":[{"start":{"line":63,"column":22},"end":{"line":63,"column":46}},{"start":{"line":63,"column":50},"end":{"line":63,"column":73}}],"line":63},"15":{"loc":{"start":{"line":64,"column":22},"end":{"line":64,"column":73}},"type":"binary-expr","locations":[{"start":{"line":64,"column":22},"end":{"line":64,"column":46}},{"start":{"line":64,"column":50},"end":{"line":64,"column":73}}],"line":64},"16":{"loc":{"start":{"line":66,"column":26},"end":{"line":68,"column":79}},"type":"cond-expr","locations":[{"start":{"line":67,"column":12},"end":{"line":67,"column":121}},{"start":{"line":68,"column":12},"end":{"line":68,"column":79}}],"line":66},"17":{"loc":{"start":{"line":66,"column":27},"end":{"line":66,"column":100}},"type":"binary-expr","locations":[{"start":{"line":66,"column":27},"end":{"line":66,"column":50}},{"start":{"line":66,"column":54},"end":{"line":66,"column":100}}],"line":66},"18":{"loc":{"start":{"line":67,"column":15},"end":{"line":67,"column":75}},"type":"cond-expr","locations":[{"start":{"line":67,"column":60},"end":{"line":67,"column":62}},{"start":{"line":67,"column":65},"end":{"line":67,"column":75}}],"line":67},"19":{"loc":{"start":{"line":75,"column":31},"end":{"line":75,"column":79}},"type":"binary-expr","locations":[{"start":{"line":75,"column":31},"end":{"line":75,"column":45}},{"start":{"line":75,"column":49},"end":{"line":75,"column":67}},{"start":{"line":75,"column":71},"end":{"line":75,"column":79}}],"line":75},"20":{"loc":{"start":{"line":83,"column":8},"end":{"line":88,"column":9}},"type":"if","locations":[{"start":{"line":83,"column":8},"end":{"line":88,"column":9}},{"start":{"line":85,"column":15},"end":{"line":88,"column":9}}],"line":83},"21":{"loc":{"start":{"line":84,"column":67},"end":{"line":84,"column":96}},"type":"binary-expr","locations":[{"start":{"line":84,"column":67},"end":{"line":84,"column":91}},{"start":{"line":84,"column":95},"end":{"line":84,"column":96}}],"line":84},"22":{"loc":{"start":{"line":84,"column":115},"end":{"line":84,"column":138}},"type":"binary-expr","locations":[{"start":{"line":84,"column":115},"end":{"line":84,"column":133}},{"start":{"line":84,"column":137},"end":{"line":84,"column":138}}],"line":84},"23":{"loc":{"start":{"line":87,"column":10},"end":{"line":87,"column":139}},"type":"if","locations":[{"start":{"line":87,"column":10},"end":{"line":87,"column":139}},{"start":{},"end":{}}],"line":87},"24":{"loc":{"start":{"line":87,"column":79},"end":{"line":87,"column":101}},"type":"binary-expr","locations":[{"start":{"line":87,"column":79},"end":{"line":87,"column":96}},{"start":{"line":87,"column":100},"end":{"line":87,"column":101}}],"line":87},"25":{"loc":{"start":{"line":87,"column":120},"end":{"line":87,"column":136}},"type":"binary-expr","locations":[{"start":{"line":87,"column":120},"end":{"line":87,"column":131}},{"start":{"line":87,"column":135},"end":{"line":87,"column":136}}],"line":87},"26":{"loc":{"start":{"line":90,"column":89},"end":{"line":90,"column":103}},"type":"binary-expr","locations":[{"start":{"line":90,"column":89},"end":{"line":90,"column":98}},{"start":{"line":90,"column":102},"end":{"line":90,"column":103}}],"line":90},"27":{"loc":{"start":{"line":106,"column":13},"end":{"line":106,"column":63}},"type":"binary-expr","locations":[{"start":{"line":106,"column":13},"end":{"line":106,"column":40}},{"start":{"line":106,"column":44},"end":{"line":106,"column":63}}],"line":106},"28":{"loc":{"start":{"line":107,"column":23},"end":{"line":107,"column":57}},"type":"binary-expr","locations":[{"start":{"line":107,"column":23},"end":{"line":107,"column":42}},{"start":{"line":107,"column":46},"end":{"line":107,"column":57}}],"line":107},"29":{"loc":{"start":{"line":122,"column":20},"end":{"line":122,"column":56}},"type":"cond-expr","locations":[{"start":{"line":122,"column":40},"end":{"line":122,"column":49}},{"start":{"line":122,"column":52},"end":{"line":122,"column":56}}],"line":122},"30":{"loc":{"start":{"line":122,"column":20},"end":{"line":122,"column":37}},"type":"binary-expr","locations":[{"start":{"line":122,"column":20},"end":{"line":122,"column":24}},{"start":{"line":122,"column":28},"end":{"line":122,"column":37}}],"line":122},"31":{"loc":{"start":{"line":123,"column":15},"end":{"line":123,"column":36}},"type":"binary-expr","locations":[{"start":{"line":123,"column":15},"end":{"line":123,"column":25}},{"start":{"line":123,"column":29},"end":{"line":123,"column":36}}],"line":123},"32":{"loc":{"start":{"line":124,"column":19},"end":{"line":124,"column":97}},"type":"binary-expr","locations":[{"start":{"line":124,"column":19},"end":{"line":124,"column":33}},{"start":{"line":124,"column":37},"end":{"line":124,"column":48}},{"start":{"line":124,"column":52},"end":{"line":124,"column":74}},{"start":{"line":124,"column":78},"end":{"line":124,"column":97}}],"line":124},"33":{"loc":{"start":{"line":125,"column":31},"end":{"line":125,"column":84}},"type":"binary-expr","locations":[{"start":{"line":125,"column":31},"end":{"line":125,"column":57}},{"start":{"line":125,"column":61},"end":{"line":125,"column":84}}],"line":125},"34":{"loc":{"start":{"line":129,"column":6},"end":{"line":145,"column":7}},"type":"if","locations":[{"start":{"line":129,"column":6},"end":{"line":145,"column":7}},{"start":{},"end":{}}],"line":129},"35":{"loc":{"start":{"line":129,"column":10},"end":{"line":129,"column":48}},"type":"binary-expr","locations":[{"start":{"line":129,"column":10},"end":{"line":129,"column":12}},{"start":{"line":129,"column":17},"end":{"line":129,"column":36}},{"start":{"line":129,"column":40},"end":{"line":129,"column":47}}],"line":129},"36":{"loc":{"start":{"line":134,"column":33},"end":{"line":134,"column":102}},"type":"binary-expr","locations":[{"start":{"line":134,"column":33},"end":{"line":134,"column":54}},{"start":{"line":134,"column":58},"end":{"line":134,"column":83}},{"start":{"line":134,"column":87},"end":{"line":134,"column":102}}],"line":134},"37":{"loc":{"start":{"line":136,"column":10},"end":{"line":140,"column":11}},"type":"if","locations":[{"start":{"line":136,"column":10},"end":{"line":140,"column":11}},{"start":{},"end":{}}],"line":136},"38":{"loc":{"start":{"line":148,"column":6},"end":{"line":151,"column":7}},"type":"if","locations":[{"start":{"line":148,"column":6},"end":{"line":151,"column":7}},{"start":{},"end":{}}],"line":148},"39":{"loc":{"start":{"line":148,"column":10},"end":{"line":148,"column":72}},"type":"binary-expr","locations":[{"start":{"line":148,"column":10},"end":{"line":148,"column":29}},{"start":{"line":148,"column":33},"end":{"line":148,"column":72}}],"line":148},"40":{"loc":{"start":{"line":157,"column":6},"end":{"line":167,"column":7}},"type":"if","locations":[{"start":{"line":157,"column":6},"end":{"line":167,"column":7}},{"start":{},"end":{}}],"line":157},"41":{"loc":{"start":{"line":157,"column":10},"end":{"line":157,"column":26}},"type":"binary-expr","locations":[{"start":{"line":157,"column":10},"end":{"line":157,"column":15}},{"start":{"line":157,"column":19},"end":{"line":157,"column":26}}],"line":157},"42":{"loc":{"start":{"line":161,"column":8},"end":{"line":166,"column":9}},"type":"if","locations":[{"start":{"line":161,"column":8},"end":{"line":166,"column":9}},{"start":{},"end":{}}],"line":161},"43":{"loc":{"start":{"line":169,"column":6},"end":{"line":172,"column":7}},"type":"if","locations":[{"start":{"line":169,"column":6},"end":{"line":172,"column":7}},{"start":{},"end":{}}],"line":169},"44":{"loc":{"start":{"line":176,"column":6},"end":{"line":180,"column":7}},"type":"if","locations":[{"start":{"line":176,"column":6},"end":{"line":180,"column":7}},{"start":{"line":178,"column":13},"end":{"line":180,"column":7}}],"line":176},"45":{"loc":{"start":{"line":178,"column":13},"end":{"line":180,"column":7}},"type":"if","locations":[{"start":{"line":178,"column":13},"end":{"line":180,"column":7}},{"start":{},"end":{}}],"line":178},"46":{"loc":{"start":{"line":188,"column":6},"end":{"line":282,"column":7}},"type":"if","locations":[{"start":{"line":188,"column":6},"end":{"line":282,"column":7}},{"start":{},"end":{}}],"line":188},"47":{"loc":{"start":{"line":190,"column":8},"end":{"line":281,"column":9}},"type":"if","locations":[{"start":{"line":190,"column":8},"end":{"line":281,"column":9}},{"start":{},"end":{}}],"line":190},"48":{"loc":{"start":{"line":197,"column":10},"end":{"line":212,"column":11}},"type":"if","locations":[{"start":{"line":197,"column":10},"end":{"line":212,"column":11}},{"start":{},"end":{}}],"line":197},"49":{"loc":{"start":{"line":209,"column":22},"end":{"line":209,"column":38}},"type":"binary-expr","locations":[{"start":{"line":209,"column":22},"end":{"line":209,"column":32}},{"start":{"line":209,"column":36},"end":{"line":209,"column":38}}],"line":209},"50":{"loc":{"start":{"line":215,"column":10},"end":{"line":218,"column":11}},"type":"if","locations":[{"start":{"line":215,"column":10},"end":{"line":218,"column":11}},{"start":{},"end":{}}],"line":215},"51":{"loc":{"start":{"line":220,"column":30},"end":{"line":220,"column":50}},"type":"binary-expr","locations":[{"start":{"line":220,"column":30},"end":{"line":220,"column":45}},{"start":{"line":220,"column":49},"end":{"line":220,"column":50}}],"line":220},"52":{"loc":{"start":{"line":233,"column":12},"end":{"line":277,"column":13}},"type":"if","locations":[{"start":{"line":233,"column":12},"end":{"line":277,"column":13}},{"start":{},"end":{}}],"line":233},"53":{"loc":{"start":{"line":235,"column":73},"end":{"line":235,"column":107}},"type":"binary-expr","locations":[{"start":{"line":235,"column":73},"end":{"line":235,"column":101}},{"start":{"line":235,"column":105},"end":{"line":235,"column":107}}],"line":235},"54":{"loc":{"start":{"line":238,"column":27},"end":{"line":238,"column":59}},"type":"binary-expr","locations":[{"start":{"line":238,"column":27},"end":{"line":238,"column":53}},{"start":{"line":238,"column":57},"end":{"line":238,"column":59}}],"line":238},"55":{"loc":{"start":{"line":239,"column":28},"end":{"line":239,"column":62}},"type":"binary-expr","locations":[{"start":{"line":239,"column":28},"end":{"line":239,"column":56}},{"start":{"line":239,"column":60},"end":{"line":239,"column":62}}],"line":239},"56":{"loc":{"start":{"line":240,"column":26},"end":{"line":240,"column":57}},"type":"binary-expr","locations":[{"start":{"line":240,"column":26},"end":{"line":240,"column":51}},{"start":{"line":240,"column":55},"end":{"line":240,"column":57}}],"line":240},"57":{"loc":{"start":{"line":245,"column":28},"end":{"line":245,"column":62}},"type":"binary-expr","locations":[{"start":{"line":245,"column":28},"end":{"line":245,"column":56}},{"start":{"line":245,"column":60},"end":{"line":245,"column":62}}],"line":245},"58":{"loc":{"start":{"line":246,"column":28},"end":{"line":246,"column":61}},"type":"binary-expr","locations":[{"start":{"line":246,"column":28},"end":{"line":246,"column":55}},{"start":{"line":246,"column":59},"end":{"line":246,"column":61}}],"line":246},"59":{"loc":{"start":{"line":247,"column":27},"end":{"line":247,"column":59}},"type":"binary-expr","locations":[{"start":{"line":247,"column":27},"end":{"line":247,"column":53}},{"start":{"line":247,"column":57},"end":{"line":247,"column":59}}],"line":247},"60":{"loc":{"start":{"line":248,"column":26},"end":{"line":248,"column":57}},"type":"binary-expr","locations":[{"start":{"line":248,"column":26},"end":{"line":248,"column":51}},{"start":{"line":248,"column":55},"end":{"line":248,"column":57}}],"line":248},"61":{"loc":{"start":{"line":253,"column":94},"end":{"line":253,"column":140}},"type":"binary-expr","locations":[{"start":{"line":253,"column":94},"end":{"line":253,"column":119}},{"start":{"line":253,"column":123},"end":{"line":253,"column":140}}],"line":253},"62":{"loc":{"start":{"line":262,"column":31},"end":{"line":262,"column":67}},"type":"binary-expr","locations":[{"start":{"line":262,"column":31},"end":{"line":262,"column":58}},{"start":{"line":262,"column":62},"end":{"line":262,"column":67}}],"line":262},"63":{"loc":{"start":{"line":263,"column":30},"end":{"line":263,"column":65}},"type":"binary-expr","locations":[{"start":{"line":263,"column":30},"end":{"line":263,"column":56}},{"start":{"line":263,"column":60},"end":{"line":263,"column":65}}],"line":263},"64":{"loc":{"start":{"line":267,"column":16},"end":{"line":273,"column":17}},"type":"if","locations":[{"start":{"line":267,"column":16},"end":{"line":273,"column":17}},{"start":{"line":271,"column":23},"end":{"line":273,"column":17}}],"line":267},"65":{"loc":{"start":{"line":275,"column":92},"end":{"line":275,"column":130}},"type":"binary-expr","locations":[{"start":{"line":275,"column":92},"end":{"line":275,"column":113}},{"start":{"line":275,"column":117},"end":{"line":275,"column":130}}],"line":275},"66":{"loc":{"start":{"line":279,"column":90},"end":{"line":279,"column":136}},"type":"binary-expr","locations":[{"start":{"line":279,"column":90},"end":{"line":279,"column":115}},{"start":{"line":279,"column":119},"end":{"line":279,"column":136}}],"line":279}},"s":{"0":0,"1":0,"2":0,"3":0,"4":0,"5":0,"6":0,"7":0,"8":0,"9":0,"10":0,"11":0,"12":0,"13":0,"14":0,"15":0,"16":0,"17":0,"18":0,"19":0,"20":0,"21":0,"22":0,"23":0,"24":0,"25":0,"26":0,"27":0,"28":0,"29":0,"30":0,"31":0,"32":0,"33":0,"34":0,"35":0,"36":0,"37":0,"38":0,"39":0,"40":0,"41":0,"42":0,"43":0,"44":0,"45":0,"46":0,"47":0,"48":0,"49":0,"5
[...]
,"/home/mauricio/Documentos/GitHub/FadeBooker/Producto/back-fadebooker/src/interfaces/http/routes/barbero.routes.js": {"path":"/home/mauricio/Documentos/GitHub/FadeBooker/Producto/back-fadebooker/src/interfaces/http/routes/barbero.routes.js","statementMap":{"0":{"start":{"line":1,"column":16},"end":{"line":1,"column":34}},"1":{"start":{"line":2,"column":15},"end":{"line":2,"column":31}},"2":{"start":{"line":3,"column":26},"end":{"line":3,"column":70}},"3":{"start":{"line":4,"column":24},"end":{"line":4,"column":65}},"4":{"start":{"line":5,"column":23},"end":{"line":5,"column":64}},"5":{"start":{"line":6,"column":26},"end":{"line":6,"column":84}},"6":{"start":{"line":8,"column":0},"end":{"line":8,"column":83}},"7":{"start":{"line":9,"column":0},"end":{"line":9,"column":47}},"8":{"start":{"line":10,"column":0},"end":{"line":10,"column":82}},"9":{"start":{"line":11,"column":0},"end":{"line":11,"column":62}},"10":{"start":{"line":12,"column":0},"end":{"line":12,"column":50}},"11":{"start":{"line":13,"column":0},"end":{"line":13,"column":56}},"12":{"start":{"line":14,"column":0},"end":{"line":14,"column":56}},"13":{"start":{"line":15,"column":0},"end":{"line":15,"column":64}},"14":{"start":{"line":16,"column":0},"end":{"line":16,"column":80}},"15":{"start":{"line":17,"column":0},"end":{"line":17,"column":96}},"16":{"start":{"line":18,"column":0},"end":{"line":18,"column":74}},"17":{"start":{"line":19,"column":0},"end":{"line":19,"column":81}},"18":{"start":{"line":20,"column":0},"end":{"line":20,"column":116}},"19":{"start":{"line":21,"column":0},"end":{"line":21,"column":79}},"20":{"start":{"line":22,"column":0},"end":{"line":22,"column":65}},"21":{"start":{"line":23,"column":0},"end":{"line":23,"column":74}},"22":{"start":{"line":25,"column":0},"end":{"line":25,"column":23}}},"fnMap":{},"branchMap":{},"s":{"0":0,"1":0,"2":0,"3":0,"4":0,"5":0,"6":0,"7":0,"8":0,"9":0,"10":0,"11":0,"12":0,"13":0,"14":0,"15":0,"16":0,"17":0,"18":0,"19":0,"20":0,"21":0,"22":0},"f":{},"b":{},"inputSourceMap":null}
,"/home/mauricio/Documentos/GitHub/FadeBooker/Producto/back-fadebooker/src/interfaces/http/routes/cita.routes.js": {"path":"/home/mauricio/Documentos/GitHub/FadeBooker/Producto/back-fadebooker/src/interfaces/http/routes/cita.routes.js","statementMap":{"0":{"start":{"line":1,"column":16},"end":{"line":1,"column":34}},"1":{"start":{"line":2,"column":15},"end":{"line":2,"column":31}},"2":{"start":{"line":3,"column":28},"end":{"line":3,"column":69}},"3":{"start":{"line":4,"column":24},"end":{"line":4,"column":65}},"4":{"start":{"line":5,"column":47},"end":{"line":5,"column":102}},"5":{"start":{"line":7,"column":23},"end":{"line":7,"column":48}},"6":{"start":{"line":9,"column":0},"end":{"line":9,"column":77}},"7":{"start":{"line":10,"column":0},"end":{"line":10,"column":38}},"8":{"start":{"line":11,"column":0},"end":{"line":11,"column":65}},"9":{"start":{"line":12,"column":0},"end":{"line":12,"column":47}},"10":{"start":{"line":13,"column":0},"end":{"line":13,"column":71}},"11":{"start":{"line":14,"column":0},"end":{"line":14,"column":54}},"12":{"start":{"line":15,"column":0},"end":{"line":15,"column":53}},"13":{"start":{"line":16,"column":0},"end":{"line":16,"column":106}},"14":{"start":{"line":17,"column":0},"end":{"line":17,"column":46}},"15":{"start":{"line":19,"column":0},"end":{"line":19,"column":23}}},"fnMap":{},"branchMap":{},"s":{"0":0,"1":0,"2":0,"3":0,"4":0,"5":0,"6":0,"7":0,"8":0,"9":0,"10":0,"11":0,"12":0,"13":0,"14":0,"15":0},"f":{},"b":{},"inputSourceMap":null}
,"/home/mauricio/Documentos/GitHub/FadeBooker/Producto/back-fadebooker/src/interfaces/http/routes/cliente.routes.js": {"path":"/home/mauricio/Documentos/GitHub/FadeBooker/Producto/back-fadebooker/src/interfaces/http/routes/cliente.routes.js","statementMap":{"0":{"start":{"line":1,"column":16},"end":{"line":1,"column":34}},"1":{"start":{"line":2,"column":15},"end":{"line":2,"column":31}},"2":{"start":{"line":3,"column":26},"end":{"line":3,"column":70}},"3":{"start":{"line":5,"column":0},"end":{"line":5,"column":41}},"4":{"start":{"line":6,"column":0},"end":{"line":6,"column":47}},"5":{"start":{"line":7,"column":0},"end":{"line":7,"column":56}},"6":{"start":{"line":8,"column":0},"end":{"line":8,"column":70}},"7":{"start":{"line":9,"column":0},"end":{"line":9,"column":62}},"8":{"start":{"line":10,"column":0},"end":{"line":10,"column":50}},"9":{"start":{"line":11,"column":0},"end":{"line":11,"column":48}},"10":{"start":{"line":12,"column":0},"end":{"line":12,"column":61}},"11":{"start":{"line":13,"column":0},"end":{"line":13,"column":49}},"12":{"start":{"line":15,"column":0},"end":{"line":15,"column":23}}},"fnMap":{},"branchMap":{},"s":{"0":0,"1":0,"2":0,"3":0,"4":0,"5":0,"6":0,"7":0,"8":0,"9":0,"10":0,"11":0,"12":0},"f":{},"b":{},"inputSourceMap":null}
,"/home/mauricio/Documentos/GitHub/FadeBooker/Producto/back-fadebooker/src/interfaces/http/routes/hairstyle.routes.js": {"path":"/home/mauricio/Documentos/GitHub/FadeBooker/Producto/back-fadebooker/src/interfaces/http/routes/hairstyle.routes.js","statementMap":{"0":{"start":{"line":8,"column":16},"end":{"line":8,"column":34}},"1":{"start":{"line":9,"column":15},"end":{"line":9,"column":31}},"2":{"start":{"line":10,"column":28},"end":{"line":10,"column":74}},"3":{"start":{"line":16,"column":0},"end":{"line":16,"column":71}},"4":{"start":{"line":22,"column":0},"end":{"line":22,"column":74}},"5":{"start":{"line":24,"column":0},"end":{"line":24,"column":24}}},"fnMap":{},"branchMap":{},"s":{"0":0,"1":0,"2":0,"3":0,"4":0,"5":0},"f":{},"b":{},"inputSourceMap":null}
,"/home/mauricio/Documentos/GitHub/FadeBooker/Producto/back-fadebooker/src/interfaces/http/routes/index.js": {"path":"/home/mauricio/Documentos/GitHub/FadeBooker/Producto/back-fadebooker/src/interfaces/http/routes/index.js","statementMap":{"0":{"start":{"line":1,"column":16},"end":{"line":1,"column":34}},"1":{"start":{"line":2,"column":15},"end":{"line":2,"column":31}},"2":{"start":{"line":4,"column":22},"end":{"line":4,"column":49}},"3":{"start":{"line":5,"column":19},"end":{"line":5,"column":43}},"4":{"start":{"line":6,"column":22},"end":{"line":6,"column":49}},"5":{"start":{"line":7,"column":22},"end":{"line":7,"column":49}},"6":{"start":{"line":8,"column":23},"end":{"line":8,"column":51}},"7":{"start":{"line":9,"column":24},"end":{"line":9,"column":53}},"8":{"start":{"line":10,"column":22},"end":{"line":10,"column":49}},"9":{"start":{"line":11,"column":19},"end":{"line":11,"column":43}},"10":{"start":{"line":12,"column":21},"end":{"line":12,"column":47}},"11":{"start":{"line":13,"column":27},"end":{"line":13,"column":59}},"12":{"start":{"line":14,"column":23},"end":{"line":14,"column":64}},"13":{"start":{"line":15,"column":32},"end":{"line":15,"column":69}},"14":{"start":{"line":16,"column":22},"end":{"line":16,"column":49}},"15":{"start":{"line":17,"column":37},"end":{"line":17,"column":79}},"16":{"start":{"line":19,"column":0},"end":{"line":26,"column":2}},"17":{"start":{"line":20,"column":2},"end":{"line":25,"column":4}},"18":{"start":{"line":28,"column":0},"end":{"line":28,"column":38}},"19":{"start":{"line":29,"column":0},"end":{"line":29,"column":32}},"20":{"start":{"line":30,"column":0},"end":{"line":30,"column":38}},"21":{"start":{"line":31,"column":0},"end":{"line":31,"column":38}},"22":{"start":{"line":32,"column":0},"end":{"line":32,"column":40}},"23":{"start":{"line":33,"column":0},"end":{"line":33,"column":41}},"24":{"start":{"line":34,"column":0},"end":{"line":34,"column":38}},"25":{"start":{"line":35,"column":0},"end":{"line":35,"column":32}},"26":{"start":{"line":36,"column":0},"end":{"line":36,"column":36}},"27":{"start":{"line":37,"column":0},"end":{"line":37,"column":48}},"28":{"start":{"line":38,"column":0},"end":{"line":38,"column":44}},"29":{"start":{"line":39,"column":0},"end":{"line":39,"column":37}},"30":{"start":{"line":40,"column":0},"end":{"line":40,"column":56}},"31":{"start":{"line":42,"column":0},"end":{"line":42,"column":23}}},"fnMap":{"0":{"name":"(anonymous_0)","decl":{"start":{"line":19,"column":22},"end":{"line":19,"column":23}},"loc":{"start":{"line":19,"column":36},"end":{"line":26,"column":1}},"line":19}},"branchMap":{"0":{"loc":{"start":{"line":23,"column":17},"end":{"line":23,"column":54}},"type":"binary-expr","locations":[{"start":{"line":23,"column":17},"end":{"line":23,"column":37}},{"start":{"line":23,"column":41},"end":{"line":23,"column":54}}],"line":23}},"s":{"0":0,"1":0,"2":0,"3":0,"4":0,"5":0,"6":0,"7":0,"8":0,"9":0,"10":0,"11":0,"12":0,"13":0,"14":0,"15":0,"16":0,"17":0,"18":0,"19":0,"20":0,"21":0,"22":0,"23":0,"24":0,"25":0,"26":0,"27":0,"28":0,"29":0,"30":0,"31":0},"f":{"0":0},"b":{"0":[0,0]},"inputSourceMap":null}
,"/home/mauricio/Documentos/GitHub/FadeBooker/Producto/back-fadebooker/src/interfaces/http/routes/notificationPreference.routes.js": {"path":"/home/mauricio/Documentos/GitHub/FadeBooker/Producto/back-fadebooker/src/interfaces/http/routes/notificationPreference.routes.js","statementMap":{"0":{"start":{"line":1,"column":16},"end":{"line":1,"column":34}},"1":{"start":{"line":2,"column":15},"end":{"line":2,"column":31}},"2":{"start":{"line":3,"column":41},"end":{"line":3,"column":100}},"3":{"start":{"line":4,"column":23},"end":{"line":4,"column":64}},"4":{"start":{"line":5,"column":24},"end":{"line":5,"column":65}},"5":{"start":{"line":6,"column":42},"end":{"line":6,"column":115}},"6":{"start":{"line":8,"column":0},"end":{"line":8,"column":81}},"7":{"start":{"line":9,"column":0},"end":{"line":9,"column":142}},"8":{"start":{"line":11,"column":0},"end":{"line":11,"column":24}}},"fnMap":{},"branchMap":{},"s":{"0":0,"1":0,"2":0,"3":0,"4":0,"5":0,"6":0,"7":0,"8":0},"f":{},"b":{},"inputSourceMap":null}
,"/home/mauricio/Documentos/GitHub/FadeBooker/Producto/back-fadebooker/src/interfaces/http/routes/pago.routes.js": {"path":"/home/mauricio/Documentos/GitHub/FadeBooker/Producto/back-fadebooker/src/interfaces/http/routes/pago.routes.js","statementMap":{"0":{"start":{"line":1,"column":16},"end":{"line":1,"column":34}},"1":{"start":{"line":2,"column":15},"end":{"line":2,"column":31}},"2":{"start":{"line":3,"column":23},"end":{"line":3,"column":64}},"3":{"start":{"line":4,"column":24},"end":{"line":4,"column":65}},"4":{"start":{"line":5,"column":50},"end":{"line":5,"column":105}},"5":{"start":{"line":8,"column":0},"end":{"line":8,"column":98}},"6":{"start":{"line":11,"column":0},"end":{"line":11,"column":47}},"7":{"start":{"line":14,"column":0},"end":{"line":14,"column":112}},"8":{"start":{"line":16,"column":0},"end":{"line":16,"column":23}}},"fnMap":{},"branchMap":{},"s":{"0":0,"1":0,"2":0,"3":0,"4":0,"5":0,"6":0,"7":0,"8":0},"f":{},"b":{},"inputSourceMap":null}
,"/home/mauricio/Documentos/GitHub/FadeBooker/Producto/back-fadebooker/src/interfaces/http/routes/phoneVerification.routes.js": {"path":"/home/mauricio/Documentos/GitHub/FadeBooker/Producto/back-fadebooker/src/interfaces/http/routes/phoneVerification.routes.js","statementMap":{"0":{"start":{"line":1,"column":16},"end":{"line":1,"column":34}},"1":{"start":{"line":2,"column":15},"end":{"line":2,"column":31}},"2":{"start":{"line":3,"column":36},"end":{"line":3,"column":90}},"3":{"start":{"line":4,"column":24},"end":{"line":4,"column":65}},"4":{"start":{"line":5,"column":23},"end":{"line":5,"column":64}},"5":{"start":{"line":6,"column":20},"end":{"line":6,"column":68}},"6":{"start":{"line":10,"column":0},"end":{"line":15,"column":2}},"7":{"start":{"line":17,"column":0},"end":{"line":17,"column":181}},"8":{"start":{"line":19,"column":0},"end":{"line":19,"column":24}}},"fnMap":{},"branchMap":{},"s":{"0":0,"1":0,"2":0,"3":0,"4":0,"5":0,"6":0,"7":0,"8":0},"f":{},"b":{},"inputSourceMap":null}
,"/home/mauricio/Documentos/GitHub/FadeBooker/Producto/back-fadebooker/src/interfaces/http/routes/reporte.routes.js": {"path":"/home/mauricio/Documentos/GitHub/FadeBooker/Producto/back-fadebooker/src/interfaces/http/routes/reporte.routes.js","statementMap":{"0":{"start":{"line":1,"column":16},"end":{"line":1,"column":34}},"1":{"start":{"line":2,"column":15},"end":{"line":2,"column":31}},"2":{"start":{"line":3,"column":26},"end":{"line":3,"column":69}},"3":{"start":{"line":4,"column":23},"end":{"line":4,"column":64}},"4":{"start":{"line":6,"column":0},"end":{"line":6,"column":84}},"5":{"start":{"line":7,"column":0},"end":{"line":7,"column":72}},"6":{"start":{"line":9,"column":0},"end":{"line":9,"column":24}}},"fnMap":{},"branchMap":{},"s":{"0":0,"1":0,"2":0,"3":0,"4":0,"5":0,"6":0},"f":{},"b":{},"inputSourceMap":null}
,"/home/mauricio/Documentos/GitHub/FadeBooker/Producto/back-fadebooker/src/interfaces/http/routes/servicio.routes.js": {"path":"/home/mauricio/Documentos/GitHub/FadeBooker/Producto/back-fadebooker/src/interfaces/http/routes/servicio.routes.js","statementMap":{"0":{"start":{"line":1,"column":16},"end":{"line":1,"column":34}},"1":{"start":{"line":2,"column":15},"end":{"line":2,"column":31}},"2":{"start":{"line":3,"column":27},"end":{"line":3,"column":72}},"3":{"start":{"line":4,"column":24},"end":{"line":4,"column":65}},"4":{"start":{"line":5,"column":27},"end":{"line":5,"column":79}},"5":{"start":{"line":7,"column":0},"end":{"line":7,"column":85}},"6":{"start":{"line":8,"column":0},"end":{"line":8,"column":48}},"7":{"start":{"line":9,"column":0},"end":{"line":9,"column":57}},"8":{"start":{"line":10,"column":0},"end":{"line":10,"column":72}},"9":{"start":{"line":11,"column":0},"end":{"line":11,"column":51}},"10":{"start":{"line":12,"column":0},"end":{"line":12,"column":102}},"11":{"start":{"line":13,"column":0},"end":{"line":13,"column":50}},"12":{"start":{"line":15,"column":0},"end":{"line":15,"column":23}}},"fnMap":{},"branchMap":{},"s":{"0":0,"1":0,"2":0,"3":0,"4":0,"5":0,"6":0,"7":0,"8":0,"9":0,"10":0,"11":0,"12":0},"f":{},"b":{},"inputSourceMap":null}
,"/home/mauricio/Documentos/GitHub/FadeBooker/Producto/back-fadebooker/src/interfaces/http/routes/subscription.routes.js": {"path":"/home/mauricio/Documentos/GitHub/FadeBooker/Producto/back-fadebooker/src/interfaces/http/routes/subscription.routes.js","statementMap":{"0":{"start":{"line":1,"column":16},"end":{"line":1,"column":34}},"1":{"start":{"line":2,"column":15},"end":{"line":2,"column":31}},"2":{"start":{"line":3,"column":31},"end":{"line":3,"column":80}},"3":{"start":{"line":5,"column":0},"end":{"line":5,"column":59}},"4":{"start":{"line":6,"column":0},"end":{"line":6,"column":69}},"5":{"start":{"line":8,"column":0},"end":{"line":8,"column":23}}},"fnMap":{},"branchMap":{},"s":{"0":0,"1":0,"2":0,"3":0,"4":0,"5":0},"f":{},"b":{},"inputSourceMap":null}
,"/home/mauricio/Documentos/GitHub/FadeBooker/Producto/back-fadebooker/src/interfaces/http/routes/tienda.routes.js": {"path":"/home/mauricio/Documentos/GitHub/FadeBooker/Producto/back-fadebooker/src/interfaces/http/routes/tienda.routes.js","statementMap":{"0":{"start":{"line":1,"column":16},"end":{"line":1,"column":34}},"1":{"start":{"line":2,"column":15},"end":{"line":2,"column":31}},"2":{"start":{"line":3,"column":25},"end":{"line":3,"column":68}},"3":{"start":{"line":4,"column":23},"end":{"line":4,"column":64}},"4":{"start":{"line":7,"column":0},"end":{"line":7,"column":46}},"5":{"start":{"line":8,"column":0},"end":{"line":8,"column":49}},"6":{"start":{"line":9,"column":0},"end":{"line":9,"column":61}},"7":{"start":{"line":10,"column":0},"end":{"line":10,"column":59}},"8":{"start":{"line":11,"column":0},"end":{"line":11,"column":63}},"9":{"start":{"line":12,"column":0},"end":{"line":12,"column":40}},"10":{"start":{"line":13,"column":0},"end":{"line":13,"column":47}},"11":{"start":{"line":14,"column":0},"end":{"line":14,"column":48}},"12":{"start":{"line":17,"column":0},"end":{"line":17,"column":73}},"13":{"start":{"line":18,"column":0},"end":{"line":18,"column":79}},"14":{"start":{"line":20,"column":0},"end":{"line":20,"column":23}}},"fnMap":{},"branchMap":{},"s":{"0":0,"1":0,"2":0,"3":0,"4":0,"5":0,"6":0,"7":0,"8":0,"9":0,"10":0,"11":0,"12":0,"13":0,"14":0},"f":{},"b":{},"inputSourceMap":null}
,"/home/mauricio/Documentos/GitHub/FadeBooker/Producto/back-fadebooker/src/interfaces/http/routes/usuario.routes.js": {"path":"/home/mauricio/Documentos/GitHub/FadeBooker/Producto/back-fadebooker/src/interfaces/http/routes/usuario.routes.js","statementMap":{"0":{"start":{"line":1,"column":16},"end":{"line":1,"column":34}},"1":{"start":{"line":2,"column":15},"end":{"line":2,"column":31}},"2":{"start":{"line":3,"column":26},"end":{"line":3,"column":70}},"3":{"start":{"line":4,"column":23},"end":{"line":4,"column":64}},"4":{"start":{"line":5,"column":24},"end":{"line":5,"column":65}},"5":{"start":{"line":6,"column":60},"end":{"line":6,"column":118}},"6":{"start":{"line":8,"column":0},"end":{"line":8,"column":94}},"7":{"start":{"line":9,"column":0},"end":{"line":9,"column":86}},"8":{"start":{"line":10,"column":0},"end":{"line":10,"column":65}},"9":{"start":{"line":11,"column":0},"end":{"line":11,"column":63}},"10":{"start":{"line":12,"column":0},"end":{"line":12,"column":70}},"11":{"start":{"line":13,"column":0},"end":{"line":13,"column":121}},"12":{"start":{"line":14,"column":0},"end":{"line":14,"column":77}},"13":{"start":{"line":16,"column":0},"end":{"line":16,"column":23}}},"fnMap":{},"branchMap":{},"s":{"0":0,"1":0,"2":0,"3":0,"4":0,"5":0,"6":0,"7":0,"8":0,"9":0,"10":0,"11":0,"12":0,"13":0},"f":{},"b":{},"inputSourceMap":null}
,"/home/mauricio/Documentos/GitHub/FadeBooker/Producto/back-fadebooker/src/interfaces/http/routes/webhook.routes.js": {"path":"/home/mauricio/Documentos/GitHub/FadeBooker/Producto/back-fadebooker/src/interfaces/http/routes/webhook.routes.js","statementMap":{"0":{"start":{"line":1,"column":16},"end":{"line":1,"column":34}},"1":{"start":{"line":2,"column":15},"end":{"line":2,"column":31}},"2":{"start":{"line":3,"column":26},"end":{"line":3,"column":70}},"3":{"start":{"line":6,"column":0},"end":{"line":6,"column":53}},"4":{"start":{"line":8,"column":0},"end":{"line":8,"column":24}}},"fnMap":{},"branchMap":{},"s":{"0":0,"1":0,"2":0,"3":0,"4":0},"f":{},"b":{},"inputSourceMap":null}
,"/home/mauricio/Documentos/GitHub/FadeBooker/Producto/back-fadebooker/src/interfaces/http/validations/servicioBarbero.validation.js": {"path":"/home/mauricio/Documentos/GitHub/FadeBooker/Producto/back-fadebooker/src/interfaces/http/validations/servicioBarbero.validation.js","statementMap":{"0":{"start":{"line":1,"column":14},"end":{"line":1,"column":28}},"1":{"start":{"line":7,"column":23},"end":{"line":26,"column":2}},"2":{"start":{"line":32,"column":22},"end":{"line":50,"column":2}},"3":{"start":{"line":55,"column":30},"end":{"line":69,"column":2}},"4":{"start":{"line":71,"column":0},"end":{"line":75,"column":2}}},"fnMap":{},"branchMap":{},"s":{"0":0,"1":0,"2":0,"3":0,"4":0},"f":{},"b":{},"inputSourceMap":null}
}
