{"/home/mauricio/Documentos/GitHub/FadeBooker/Producto/back-fadebooker/src/application/usecases/barbero.service.js": {"path":"/home/mauricio/Documentos/GitHub/FadeBooker/Producto/back-fadebooker/src/application/usecases/barbero.service.js","statementMap":{"0":{"start":{"line":3,"column":4},"end":{"line":3,"column":47}},"1":{"start":{"line":7,"column":4},"end":{"line":7,"column":46}},"2":{"start":{"line":11,"column":4},"end":{"line":11,"column":46}},"3":{"start":{"line":15,"column":4},"end":{"line":15,"column":52}},"4":{"start":{"line":19,"column":4},"end":{"line":19,"column":57}},"5":{"start":{"line":23,"column":4},"end":{"line":23,"column":66}},"6":{"start":{"line":27,"column":4},"end":{"line":27,"column":43}},"7":{"start":{"line":31,"column":4},"end":{"line":31,"column":50}},"8":{"start":{"line":35,"column":4},"end":{"line":35,"column":44}},"9":{"start":{"line":39,"column":4},"end":{"line":39,"column":72}},"10":{"start":{"line":43,"column":30},"end":{"line":46,"column":6}},"11":{"start":{"line":48,"column":18},"end":{"line":48,"column":20}},"12":{"start":{"line":51,"column":25},"end":{"line":51,"column":74}},"13":{"start":{"line":52,"column":24},"end":{"line":52,"column":78}},"14":{"start":{"line":53,"column":23},"end":{"line":53,"column":70}},"15":{"start":{"line":54,"column":22},"end":{"line":54,"column":74}},"16":{"start":{"line":56,"column":25},"end":{"line":56,"column":56}},"17":{"start":{"line":57,"column":23},"end":{"line":57,"column":50}},"18":{"start":{"line":59,"column":4},"end":{"line":82,"column":5}},"19":{"start":{"line":59,"column":24},"end":{"line":59,"column":36}},"20":{"start":{"line":60,"column":19},"end":{"line":60,"column":44}},"21":{"start":{"line":61,"column":18},"end":{"line":61,"column":31}},"22":{"start":{"line":63,"column":26},"end":{"line":63,"column":101}},"23":{"start":{"line":64,"column":23},"end":{"line":64,"column":58}},"24":{"start":{"line":65,"column":23},"end":{"line":65,"column":41}},"25":{"start":{"line":68,"column":27},"end":{"line":75,"column":8}},"26":{"start":{"line":69,"column":27},"end":{"line":69,"column":69}},"27":{"start":{"line":70,"column":24},"end":{"line":70,"column":74}},"28":{"start":{"line":71,"column":24},"end":{"line":71,"column":45}},"29":{"start":{"line":74,"column":8},"end":{"line":74,"column":62}},"30":{"start":{"line":77,"column":6},"end":{"line":81,"column":9}},"31":{"start":{"line":84,"column":4},"end":{"line":84,"column":17}},"32":{"start":{"line":88,"column":4},"end":{"line":88,"column":72}},"33":{"start":{"line":96,"column":4},"end":{"line":96,"column":58}},"34":{"start":{"line":107,"column":4},"end":{"line":107,"column":115}},"35":{"start":{"line":116,"column":4},"end":{"line":116,"column":75}},"36":{"start":{"line":125,"column":4},"end":{"line":139,"column":5}},"37":{"start":{"line":126,"column":32},"end":{"line":126,"column":90}},"38":{"start":{"line":127,"column":21},"end":{"line":127,"column":92}},"39":{"start":{"line":129,"column":6},"end":{"line":131,"column":9}},"40":{"start":{"line":133,"column":6},"end":{"line":136,"column":8}},"41":{"start":{"line":138,"column":6},"end":{"line":138,"column":74}},"42":{"start":{"line":148,"column":4},"end":{"line":148,"column":77}},"43":{"start":{"line":157,"column":4},"end":{"line":157,"column":76}},"44":{"start":{"line":166,"column":4},"end":{"line":166,"column":78}},"45":{"start":{"line":170,"column":30},"end":{"line":170,"column":88}},"46":{"start":{"line":171,"column":4},"end":{"line":179,"column":5}},"47":{"start":{"line":172,"column":21},"end":{"line":172,"column":92}},"48":{"start":{"line":173,"column":6},"end":{"line":173,"column":78}},"49":{"start":{"line":174,"column":6},"end":{"line":174,"column":44}},"50":{"start":{"line":176,"column":6},"end":{"line":176,"column":70}},"51":{"start":{"line":177,"column":6},"end":{"line":177,"column":27}},"52":{"start":{"line":178,"column":6},"end":{"line":178,"column":83}},"53":{"start":{"line":183,"column":0},"end":{"line":183,"column":31}}},"fnMap":{"0":{"name":"(anonymous_0)","decl":{"start":{"line":2,"column":2},"end":{"line":2,"column":3}},"loc":{"start":{"line":2,"column":33},"end":{"line":4,"column":3}},"line":2},"1":{"name":"(anonymous_1)","decl":{"start":{"line":6,"column":2},"end":{"line":6,"column":3}},"loc":{"start":{"line":6,"column":27},"end":{"line":8,"column":3}},"line":6},"2":{"name":"(anonymous_2)","decl":{"start":{"line":10,"column":2},"end":{"line":10,"column":3}},"loc":{"start":{"line":10,"column":32},"end":{"line":12,"column":3}},"line":10},"3":{"name":"(anonymous_3)","decl":{"start":{"line":14,"column":2},"end":{"line":14,"column":3}},"loc":{"start":{"line":14,"column":38},"end":{"line":16,"column":3}},"line":14},"4":{"name":"(anonymous_4)","decl":{"start":{"line":18,"column":2},"end":{"line":18,"column":3}},"loc":{"start":{"line":18,"column":44},"end":{"line":20,"column":3}},"line":18},"5":{"name":"(anonymous_5)","decl":{"start":{"line":22,"column":2},"end":{"line":22,"column":3}},"loc":{"start":{"line":22,"column":52},"end":{"line":24,"column":3}},"line":22},"6":{"name":"(anonymous_6)","decl":{"start":{"line":26,"column":2},"end":{"line":26,"column":3}},"loc":{"start":{"line":26,"column":34},"end":{"line":28,"column":3}},"line":26},"7":{"name":"(anonymous_7)","decl":{"start":{"line":30,"column":2},"end":{"line":30,"column":3}},"loc":{"start":{"line":30,"column":36},"end":{"line":32,"column":3}},"line":30},"8":{"name":"(anonymous_8)","decl":{"start":{"line":34,"column":2},"end":{"line":34,"column":3}},"loc":{"start":{"line":34,"column":28},"end":{"line":36,"column":3}},"line":34},"9":{"name":"(anonymous_9)","decl":{"start":{"line":38,"column":2},"end":{"line":38,"column":3}},"loc":{"start":{"line":38,"column":54},"end":{"line":40,"column":3}},"line":38},"10":{"name":"(anonymous_10)","decl":{"start":{"line":42,"column":2},"end":{"line":42,"column":3}},"loc":{"start":{"line":42,"column":56},"end":{"line":85,"column":3}},"line":42},"11":{"name":"(anonymous_11)","decl":{"start":{"line":68,"column":38},"end":{"line":68,"column":39}},"loc":{"start":{"line":68,"column":46},"end":{"line":75,"column":7}},"line":68},"12":{"name":"(anonymous_12)","decl":{"start":{"line":87,"column":2},"end":{"line":87,"column":3}},"loc":{"start":{"line":87,"column":47},"end":{"line":89,"column":3}},"line":87},"13":{"name":"(anonymous_13)","decl":{"start":{"line":95,"column":2},"end":{"line":95,"column":3}},"loc":{"start":{"line":95,"column":44},"end":{"line":97,"column":3}},"line":95},"14":{"name":"(anonymous_14)","decl":{"start":{"line":106,"column":2},"end":{"line":106,"column":3}},"loc":{"start":{"line":106,"column":111},"end":{"line":108,"column":3}},"line":106},"15":{"name":"(anonymous_15)","decl":{"start":{"line":115,"column":2},"end":{"line":115,"column":3}},"loc":{"start":{"line":115,"column":57},"end":{"line":117,"column":3}},"line":115},"16":{"name":"(anonymous_16)","decl":{"start":{"line":124,"column":2},"end":{"line":124,"column":3}},"loc":{"start":{"line":124,"column":40},"end":{"line":140,"column":3}},"line":124},"17":{"name":"(anonymous_17)","decl":{"start":{"line":147,"column":2},"end":{"line":147,"column":3}},"loc":{"start":{"line":147,"column":52},"end":{"line":149,"column":3}},"line":147},"18":{"name":"(anonymous_18)","decl":{"start":{"line":156,"column":2},"end":{"line":156,"column":3}},"loc":{"start":{"line":156,"column":62},"end":{"line":158,"column":3}},"line":156},"19":{"name":"(anonymous_19)","decl":{"start":{"line":165,"column":2},"end":{"line":165,"column":3}},"loc":{"start":{"line":165,"column":64},"end":{"line":167,"column":3}},"line":165},"20":{"name":"(anonymous_20)","decl":{"start":{"line":169,"column":2},"end":{"line":169,"column":3}},"loc":{"start":{"line":169,"column":40},"end":{"line":180,"column":3}},"line":169}},"branchMap":{"0":{"loc":{"start":{"line":52,"column":24},"end":{"line":52,"column":78}},"type":"binary-expr","locations":[{"start":{"line":52,"column":24},"end":{"line":52,"column":73}},{"start":{"line":52,"column":77},"end":{"line":52,"column":78}}],"line":52},"1":{"loc":{"start":{"line":54,"column":22},"end":{"line":54,"column":74}},"type":"binary-expr","locations":[{"start":{"line":54,"column":22},"end":{"line":54,"column":69}},{"start":{"line":54,"column":73},"end":{"line":54,"column":74}}],"line":54},"2":{"loc":{"start":{"line":70,"column":38},"end":{"line":70,"column":65}},"type":"binary-expr","locations":[{"start":{"line":70,"column":38},"end":{"line":70,"column":59}},{"start":{"line":70,"column":63},"end":{"line":70,"column":65}}],"line":70},"3":{"loc":{"start":{"line":74,"column":15},"end":{"line":74,"column":61}},"type":"binary-expr","locations":[{"start":{"line":74,"column":16},"end":{"line":74,"column":34}},{"start":{"line":74,"column":40},"end":{"line":74,"column":60}}],"line":74},"4":{"loc":{"start":{"line":80,"column":17},"end":{"line":80,"column":68}},"type":"cond-expr","locations":[{"start":{"line":80,"column":32},"end":{"line":80,"column":61}},{"start":{"line":80,"column":64},"end":{"line":80,"column":68}}],"line":80},"5":{"loc":{"start":{"line":106,"column":56},"end":{"line":106,"column":77}},"type":"default-arg","locations":[{"start":{"line":106,"column":73},"end":{"line":106,"column":77}}],"line":106},"6":{"loc":{"start":{"line":106,"column":79},"end":{"line":106,"column":109}},"type":"default-arg","locations":[{"start":{"line":106,"column":105},"end":{"line":106,"column":109}}],"line":106}},"s":{"0":1,"1":0,"2":0,"3":0,"4":0,"5":0,"6":0,"7":0,"8":0,"9":0,"10":0,"11":0,"12":0,"13":0,"14":0,"15":0,"16":0,"17":0,"18":0,"19":0,"20":0,"21":0,"22":0,"23":0,"24":0,"25":0,"26":0,"27":0,"28":0,"29":0,"30":0,"31":0,"32":0,"33":0,"34":0,"35":0,"36":0,"37":0,"38":0,"39":0,"40":0,"41":0,"42":0,"43":0,"44":0,"45":0,"46":0,"47":0,"48":0,"49":0,"50":0,"51":0,"52":0,"53":1},"f":{"0":1,"1":0,"2":0,"3":0,"4":0,"5":0,"6":0,"7":0,"8":0,"9":0,"10":0,"11":0,"12":0,"13":0,"14":0,"15":0,"16":0,"17":0,"18":0,"19":0,"20":0},"b":{"0":[0,0],"1":[0,0],"2":[0,0],"3":[0,0],"4":[0,0],"5":[0],"6":[0]},"inputSourceMap":null,"_coverageSchema":"1a1c01bbd47fc00a2c39e90264f33305004495a9","hash":"b4d4addc563bc9a7245d7484ace8f169afbbca9f"}
,"/home/mauricio/Documentos/GitHub/FadeBooker/Producto/back-fadebooker/src/application/usecases/cita.service.js": {"path":"/home/mauricio/Documentos/GitHub/FadeBooker/Producto/back-fadebooker/src/application/usecases/cita.service.js","statementMap":{"0":{"start":{"line":1,"column":26},"end":{"line":1,"column":90}},"1":{"start":{"line":2,"column":19},"end":{"line":2,"column":81}},"2":{"start":{"line":6,"column":4},"end":{"line":6,"column":41}},"3":{"start":{"line":7,"column":4},"end":{"line":7,"column":49}},"4":{"start":{"line":8,"column":4},"end":{"line":8,"column":47}},"5":{"start":{"line":13,"column":31},"end":{"line":13,"column":114}},"6":{"start":{"line":14,"column":4},"end":{"line":16,"column":5}},"7":{"start":{"line":15,"column":6},"end":{"line":15,"column":80}},"8":{"start":{"line":19,"column":21},"end":{"line":19,"column":36}},"9":{"start":{"line":20,"column":4},"end":{"line":53,"column":5}},"10":{"start":{"line":22,"column":29},"end":{"line":22,"column":33}},"11":{"start":{"line":23,"column":6},"end":{"line":25,"column":7}},"12":{"start":{"line":24,"column":8},"end":{"line":24,"column":87}},"13":{"start":{"line":27,"column":6},"end":{"line":31,"column":7}},"14":{"start":{"line":29,"column":21},"end":{"line":29,"column":45}},"15":{"start":{"line":30,"column":8},"end":{"line":30,"column":99}},"16":{"start":{"line":33,"column":6},"end":{"line":52,"column":7}},"17":{"start":{"line":34,"column":8},"end":{"line":34,"column":48}},"18":{"start":{"line":35,"column":8},"end":{"line":35,"column":95}},"19":{"start":{"line":38,"column":8},"end":{"line":38,"column":83}},"20":{"start":{"line":39,"column":31},"end":{"line":39,"column":92}},"21":{"start":{"line":40,"column":29},"end":{"line":40,"column":92}},"22":{"start":{"line":41,"column":23},"end":{"line":41,"column":51}},"23":{"start":{"line":42,"column":25},"end":{"line":42,"column":68}},"24":{"start":{"line":43,"column":33},"end":{"line":50,"column":9}},"25":{"start":{"line":51,"column":8},"end":{"line":51,"column":74}},"26":{"start":{"line":55,"column":4},"end":{"line":57,"column":5}},"27":{"start":{"line":56,"column":6},"end":{"line":56,"column":81}},"28":{"start":{"line":60,"column":19},"end":{"line":60,"column":40}},"29":{"start":{"line":61,"column":4},"end":{"line":64,"column":5}},"30":{"start":{"line":62,"column":23},"end":{"line":62,"column":79}},"31":{"start":{"line":63,"column":6},"end":{"line":63,"column":58}},"32":{"start":{"line":67,"column":25},"end":{"line":71,"column":5}},"33":{"start":{"line":73,"column":4},"end":{"line":75,"column":5}},"34":{"start":{"line":74,"column":6},"end":{"line":74,"column":102}},"35":{"start":{"line":78,"column":20},"end":{"line":83,"column":6}},"36":{"start":{"line":86,"column":4},"end":{"line":92,"column":5}},"37":{"start":{"line":87,"column":6},"end":{"line":91,"column":7}},"38":{"start":{"line":88,"column":8},"end":{"line":88,"column":54}},"39":{"start":{"line":90,"column":8},"end":{"line":90,"column":89}},"40":{"start":{"line":95,"column":4},"end":{"line":95,"column":19}},"41":{"start":{"line":100,"column":17},"end":{"line":100,"column":60}},"42":{"start":{"line":101,"column":4},"end":{"line":103,"column":5}},"43":{"start":{"line":102,"column":6},"end":{"line":102,"column":43}},"44":{"start":{"line":105,"column":4},"end":{"line":107,"column":5}},"45":{"start":{"line":106,"column":6},"end":{"line":106,"column":74}},"46":{"start":{"line":110,"column":28},"end":{"line":110,"column":65}},"47":{"start":{"line":111,"column":4},"end":{"line":113,"column":5}},"48":{"start":{"line":112,"column":6},"end":{"line":112,"column":64}},"49":{"start":{"line":116,"column":4},"end":{"line":123,"column":6}},"50":{"start":{"line":128,"column":4},"end":{"line":141,"column":5}},"51":{"start":{"line":129,"column":19},"end":{"line":129,"column":57}},"52":{"start":{"line":130,"column":6},"end":{"line":132,"column":7}},"53":{"start":{"line":131,"column":8},"end":{"line":131,"column":64}},"54":{"start":{"line":134,"column":20},"end":{"line":134,"column":30}},"55":{"start":{"line":135,"column":24},"end":{"line":135,"column":56}},"56":{"start":{"line":138,"column":6},"end":{"line":140,"column":7}},"57":{"start":{"line":139,"column":8},"end":{"line":139,"column":121}},"58":{"start":{"line":143,"column":23},"end":{"line":143,"column":33}},"59":{"start":{"line":144,"column":19},"end":{"line":144,"column":67}},"60":{"start":{"line":146,"column":4},"end":{"line":162,"column":5}},"61":{"start":{"line":147,"column":6},"end":{"line":161,"column":7}},"62":{"start":{"line":148,"column":21},"end":{"line":148,"column":59}},"63":{"start":{"line":149,"column":8},"end":{"line":158,"column":9}},"64":{"start":{"line":150,"column":26},"end":{"line":150,"column":80}},"65":{"start":{"line":151,"column":10},"end":{"line":157,"column":11}},"66":{"start":{"line":153,"column":34},"end":{"line":153,"column":36}},"67":{"start":{"line":154,"column":33},"end":{"line":154,"column":81}},"68":{"start":{"line":155,"column":12},"end":{"line":155,"column":102}},"69":{"start":{"line":156,"column":12},"end":{"line":156,"column":132}},"70":{"start":{"line":160,"column":8},"end":{"line":160,"column":84}},"71":{"start":{"line":164,"column":4},"end":{"line":170,"column":5}},"72":{"start":{"line":165,"column":6},"end":{"line":169,"column":7}},"73":{"start":{"line":166,"column":8},"end":{"line":166,"column":49}},"74":{"start":{"line":168,"column":8},"end":{"line":168,"column":81}},"75":{"start":{"line":172,"column":4},"end":{"line":172,"column":17}},"76":{"start":{"line":176,"column":17},"end":{"line":176,"column":55}},"77":{"start":{"line":177,"column":4},"end":{"line":179,"column":5}},"78":{"start":{"line":178,"column":6},"end":{"line":178,"column":44}},"79":{"start":{"line":181,"column":4},"end":{"line":183,"column":5}},"80":{"start":{"line":182,"column":6},"end":{"line":182,"column":59}},"81":{"start":{"line":185,"column":18},"end":{"line":185,"column":28}},"82":{"start":{"line":186,"column":22},"end":{"line":186,"column":54}},"83":{"start":{"line":187,"column":22},"end":{"line":187,"column":80}},"84":{"start":{"line":189,"column":28},"end":{"line":189,"column":33}},"85":{"start":{"line":190,"column":31},"end":{"line":190,"column":32}},"86":{"start":{"line":193,"column":4},"end":{"line":196,"column":5}},"87":{"start":{"line":194,"column":6},"end":{"line":194,"column":31}},"88":{"start":{"line":195,"column":6},"end":{"line":195,"column":33}},"89":{"start":{"line":199,"column":4},"end":{"line":199,"column":66}},"90":{"start":{"line":202,"column":4},"end":{"line":208,"column":7}},"91":{"start":{"line":210,"column":4},"end":{"line":214,"column":6}},"92":{"start":{"line":218,"column":4},"end":{"line":218,"column":57}},"93":{"start":{"line":222,"column":17},"end":{"line":222,"column":71}},"94":{"start":{"line":223,"column":4},"end":{"line":225,"column":5}},"95":{"start":{"line":224,"column":6},"end":{"line":224,"column":76}},"96":{"start":{"line":227,"column":28},"end":{"line":227,"column":60}},"97":{"start":{"line":228,"column":25},"end":{"line":228,"column":100}},"98":{"start":{"line":230,"column":18},"end":{"line":230,"column":61}},"99":{"start":{"line":231,"column":17},"end":{"line":231,"column":72}},"100":{"start":{"line":233,"column":4},"end":{"line":246,"column":6}},"101":{"start":{"line":250,"column":4},"end":{"line":250,"column":43}},"102":{"start":{"line":254,"column":4},"end":{"line":254,"column":56}},"103":{"start":{"line":258,"column":4},"end":{"line":258,"column":45}},"104":{"start":{"line":259,"column":4},"end":{"line":259,"column":71}},"105":{"start":{"line":263,"column":4},"end":{"line":263,"column":45}},"106":{"start":{"line":264,"column":4},"end":{"line":264,"column":69}},"107":{"start":{"line":268,"column":4},"end":{"line":268,"column":45}},"108":{"start":{"line":269,"column":4},"end":{"line":269,"column":60}},"109":{"start":{"line":273,"column":4},"end":{"line":273,"column":40}},"110":{"start":{"line":277,"column":22},"end":{"line":277,"column":40}},"111":{"start":{"line":278,"column":4},"end":{"line":278,"column":86}},"112":{"start":{"line":282,"column":4},"end":{"line":282,"column":54}},"113":{"start":{"line":286,"column":4},"end":{"line":286,"column":58}},"114":{"start":{"line":290,"column":4},"end":{"line":290,"column":58}},"115":{"start":{"line":294,"column":4},"end":{"line":294,"column":51}},"116":{"start":{"line":298,"column":4},"end":{"line":298,"column":41}},"117":{"start":{"line":302,"column":0},"end":{"line":302,"column":28}}},"fnMap":{"0":{"name":"(anonymous_0)","decl":{"start":{"line":5,"column":2},"end":{"line":5,"column":3}},"loc":{"start":{"line":5,"column":69},"end":{"line":9,"column":3}},"line":5},"1":{"name":"(anonymous_1)","decl":{"start":{"line":11,"column":2},"end":{"line":11,"column":3}},"loc":{"start":{"line":11,"column":24},"end":{"line":96,"column":3}},"line":11},"2":{"name":"(anonymous_2)","decl":{"start":{"line":98,"column":2},"end":{"line":98,"column":3}},"loc":{"start":{"line":98,"column":41},"end":{"line":124,"column":3}},"line":98},"3":{"name":"(anonymous_3)","decl":{"start":{"line":126,"column":2},"end":{"line":126,"column":3}},"loc":{"start":{"line":126,"column":52},"end":{"line":173,"column":3}},"line":126},"4":{"name":"(anonymous_4)","decl":{"start":{"line":175,"column":2},"end":{"line":175,"column":3}},"loc":{"start":{"line":175,"column":48},"end":{"line":215,"column":3}},"line":175},"5":{"name":"(anonymous_5)","decl":{"start":{"line":217,"column":2},"end":{"line":217,"column":3}},"loc":{"start":{"line":217,"column":34},"end":{"line":219,"column":3}},"line":217},"6":{"name":"(anonymous_6)","decl":{"start":{"line":221,"column":2},"end":{"line":221,"column":3}},"loc":{"start":{"line":221,"column":44},"end":{"line":247,"column":3}},"line":221},"7":{"name":"(anonymous_7)","decl":{"start":{"line":249,"column":2},"end":{"line":249,"column":3}},"loc":{"start":{"line":249,"column":29},"end":{"line":251,"column":3}},"line":249},"8":{"name":"(anonymous_8)","decl":{"start":{"line":253,"column":2},"end":{"line":253,"column":3}},"loc":{"start":{"line":253,"column":43},"end":{"line":255,"column":3}},"line":253},"9":{"name":"(anonymous_9)","decl":{"start":{"line":257,"column":2},"end":{"line":257,"column":3}},"loc":{"start":{"line":257,"column":73},"end":{"line":260,"column":3}},"line":257},"10":{"name":"(anonymous_10)","decl":{"start":{"line":262,"column":2},"end":{"line":262,"column":3}},"loc":{"start":{"line":262,"column":71},"end":{"line":265,"column":3}},"line":262},"11":{"name":"(anonymous_11)","decl":{"start":{"line":267,"column":2},"end":{"line":267,"column":3}},"loc":{"start":{"line":267,"column":41},"end":{"line":270,"column":3}},"line":267},"12":{"name":"(anonymous_12)","decl":{"start":{"line":272,"column":2},"end":{"line":272,"column":3}},"loc":{"start":{"line":272,"column":28},"end":{"line":274,"column":3}},"line":272},"13":{"name":"(anonymous_13)","decl":{"start":{"line":276,"column":2},"end":{"line":276,"column":3}},"loc":{"start":{"line":276,"column":66},"end":{"line":279,"column":3}},"line":276},"14":{"name":"(anonymous_14)","decl":{"start":{"line":281,"column":2},"end":{"line":281,"column":3}},"loc":{"start":{"line":281,"column":40},"end":{"line":283,"column":3}},"line":281},"15":{"name":"(anonymous_15)","decl":{"start":{"line":285,"column":2},"end":{"line":285,"column":3}},"loc":{"start":{"line":285,"column":43},"end":{"line":287,"column":3}},"line":285},"16":{"name":"(anonymous_16)","decl":{"start":{"line":289,"column":2},"end":{"line":289,"column":3}},"loc":{"start":{"line":289,"column":43},"end":{"line":291,"column":3}},"line":289},"17":{"name":"(anonymous_17)","decl":{"start":{"line":293,"column":2},"end":{"line":293,"column":3}},"loc":{"start":{"line":293,"column":38},"end":{"line":295,"column":3}},"line":293},"18":{"name":"(anonymous_18)","decl":{"start":{"line":297,"column":2},"end":{"line":297,"column":3}},"loc":{"start":{"line":297,"column":25},"end":{"line":299,"column":3}},"line":297}},"branchMap":{"0":{"loc":{"start":{"line":14,"column":4},"end":{"line":16,"column":5}},"type":"if","locations":[{"start":{"line":14,"column":4},"end":{"line":16,"column":5}},{"start":{},"end":{}}],"line":14},"1":{"loc":{"start":{"line":20,"column":4},"end":{"line":53,"column":5}},"type":"if","locations":[{"start":{"line":20,"column":4},"end":{"line":53,"column":5}},{"start":{},"end":{}}],"line":20},"2":{"loc":{"start":{"line":20,"column":8},"end":{"line":20,"column":68}},"type":"binary-expr","locations":[{"start":{"line":20,"column":8},"end":{"line":20,"column":19}},{"start":{"line":20,"column":24},"end":{"line":20,"column":42}},{"start":{"line":20,"column":46},"end":{"line":20,"column":67}}],"line":20},"3":{"loc":{"start":{"line":23,"column":6},"end":{"line":25,"column":7}},"type":"if","locations":[{"start":{"line":23,"column":6},"end":{"line":25,"column":7}},{"start":{},"end":{}}],"line":23},"4":{"loc":{"start":{"line":27,"column":6},"end":{"line":31,"column":7}},"type":"if","locations":[{"start":{"line":27,"column":6},"end":{"line":31,"column":7}},{"start":{},"end":{}}],"line":27},"5":{"loc":{"start":{"line":27,"column":10},"end":{"line":27,"column":52}},"type":"binary-expr","locations":[{"start":{"line":27,"column":10},"end":{"line":27,"column":27}},{"start":{"line":27,"column":31},"end":{"line":27,"column":52}}],"line":27},"6":{"loc":{"start":{"line":33,"column":6},"end":{"line":52,"column":7}},"type":"if","locations":[{"start":{"line":33,"column":6},"end":{"line":52,"column":7}},{"start":{"line":36,"column":13},"end":{"line":52,"column":7}}],"line":33},"7":{"loc":{"start":{"line":39,"column":31},"end":{"line":39,"column":92}},"type":"cond-expr","locations":[{"start":{"line":39,"column":53},"end":{"line":39,"column":87}},{"start":{"line":39,"column":90},"end":{"line":39,"column":92}}],"line":39},"8":{"loc":{"start":{"line":40,"column":29},"end":{"line":40,"column":92}},"type":"cond-expr","locations":[{"start":{"line":40,"column":46},"end":{"line":40,"column":87}},{"start":{"line":40,"column":90},"end":{"line":40,"column":92}}],"line":40},"9":{"loc":{"start":{"line":41,"column":23},"end":{"line":41,"column":51}},"type":"binary-expr","locations":[{"start":{"line":41,"column":23},"end":{"line":41,"column":38}},{"start":{"line":41,"column":42},"end":{"line":41,"column":51}}],"line":41},"10":{"loc":{"start":{"line":42,"column":25},"end":{"line":42,"column":68}},"type":"binary-expr","locations":[{"start":{"line":42,"column":25},"end":{"line":42,"column":56}},{"start":{"line":42,"column":60},"end":{"line":42,"column":68}}],"line":42},"11":{"loc":{"start":{"line":46,"column":17},"end":{"line":46,"column":76}},"type":"binary-expr","locations":[{"start":{"line":46,"column":17},"end":{"line":46,"column":35}},{"start":{"line":46,"column":39},"end":{"line":46,"column":76}}],"line":46},"12":{"loc":{"start":{"line":47,"column":20},"end":{"line":47,"column":47}},"type":"binary-expr","locations":[{"start":{"line":47,"column":20},"end":{"line":47,"column":41}},{"start":{"line":47,"column":45},"end":{"line":47,"column":47}}],"line":47},"13":{"loc":{"start":{"line":55,"column":4},"end":{"line":57,"column":5}},"type":"if","locations":[{"start":{"line":55,"column":4},"end":{"line":57,"column":5}},{"start":{},"end":{}}],"line":55},"14":{"loc":{"start":{"line":61,"column":4},"end":{"line":64,"column":5}},"type":"if","locations":[{"start":{"line":61,"column":4},"end":{"line":64,"column":5}},{"start":{},"end":{}}],"line":61},"15":{"loc":{"start":{"line":63,"column":17},"end":{"line":63,"column":58}},"type":"cond-expr","locations":[{"start":{"line":63,"column":28},"end":{"line":63,"column":53}},{"start":{"line":63,"column":56},"end":{"line":63,"column":58}}],"line":63},"16":{"loc":{"start":{"line":73,"column":4},"end":{"line":75,"column":5}},"type":"if","locations":[{"start":{"line":73,"column":4},"end":{"line":75,"column":5}},{"start":{},"end":{}}],"line":73},"17":{"loc":{"start":{"line":82,"column":14},"end":{"line":82,"column":40}},"type":"binary-expr","locations":[{"start":{"line":82,"column":14},"end":{"line":82,"column":25}},{"start":{"line":82,"column":29},"end":{"line":82,"column":40}}],"line":82},"18":{"loc":{"start":{"line":86,"column":4},"end":{"line":92,"column":5}},"type":"if","locations":[{"start":{"line":86,"column":4},"end":{"line":92,"column":5}},{"start":{},"end":{}}],"line":86},"19":{"loc":{"start":{"line":101,"column":4},"end":{"line":103,"column":5}},"type":"if","locations":[{"start":{"line":101,"column":4},"end":{"line":103,"column":5}},{"start":{},"end":{}}],"line":101},"20":{"loc":{"start":{"line":105,"column":4},"end":{"line":107,"column":5}},"type":"if","locations":[{"start":{"line":105,"column":4},"end":{"line":107,"column":5}},{"start":{},"end":{}}],"line":105},"21":{"loc":{"start":{"line":111,"column":4},"end":{"line":113,"column":5}},"type":"if","locations":[{"start":{"line":111,"column":4},"end":{"line":113,"column":5}},{"start":{},"end":{}}],"line":111},"22":{"loc":{"start":{"line":126,"column":37},"end":{"line":126,"column":50}},"type":"default-arg","locations":[{"start":{"line":126,"column":46},"end":{"line":126,"column":50}}],"line":126},"23":{"loc":{"start":{"line":128,"column":4},"end":{"line":141,"column":5}},"type":"if","locations":[{"start":{"line":128,"column":4},"end":{"line":141,"column":5}},{"start":{},"end":{}}],"line":128},"24":{"loc":{"start":{"line":130,"column":6},"end":{"line":132,"column":7}},"type":"if","locations":[{"start":{"line":130,"column":6},"end":{"line":132,"column":7}},{"start":{},"end":{}}],"line":130},"25":{"loc":{"start":{"line":138,"column":6},"end":{"line":140,"column":7}},"type":"if","locations":[{"start":{"line":138,"column":6},"end":{"line":140,"column":7}},{"start":{},"end":{}}],"line":138},"26":{"loc":{"start":{"line":146,"column":4},"end":{"line":162,"column":5}},"type":"if","locations":[{"start":{"line":146,"column":4},"end":{"line":162,"column":5}},{"start":{},"end":{}}],"line":146},"27":{"loc":{"start":{"line":149,"column":8},"end":{"line":158,"column":9}},"type":"if","locations":[{"start":{"line":149,"column":8},"end":{"line":158,"column":9}},{"start":{},"end":{}}],"line":149},"28":{"loc":{"start":{"line":149,"column":12},"end":{"line":149,"column":35}},"type":"binary-expr","locations":[{"start":{"line":149,"column":12},"end":{"line":149,"column":16}},{"start":{"line":149,"column":20},"end":{"line":149,"column":35}}],"line":149},"29":{"loc":{"start":{"line":151,"column":10},"end":{"line":157,"column":11}},"type":"if","locations":[{"start":{"line":151,"column":10},"end":{"line":157,"column":11}},{"start":{},"end":{}}],"line":151},"30":{"loc":{"start":{"line":154,"column":34},"end":{"line":154,"column":64}},"type":"binary-expr","locations":[{"start":{"line":154,"column":34},"end":{"line":154,"column":59}},{"start":{"line":154,"column":63},"end":{"line":154,"column":64}}],"line":154},"31":{"loc":{"start":{"line":164,"column":4},"end":{"line":170,"column":5}},"type":"if","locations":[{"start":{"line":164,"column":4},"end":{"line":170,"column":5}},{"start":{},"end":{}}],"line":164},"32":{"loc":{"start":{"line":177,"column":4},"end":{"line":179,"column":5}},"type":"if","locations":[{"start":{"line":177,"column":4},"end":{"line":179,"column":5}},{"start":{},"end":{}}],"line":177},"33":{"loc":{"start":{"line":181,"column":4},"end":{"line":183,"column":5}},"type":"if","locations":[{"start":{"line":181,"column":4},"end":{"line":183,"column":5}},{"start":{},"end":{}}],"line":181},"34":{"loc":{"start":{"line":193,"column":4},"end":{"line":196,"column":5}},"type":"if","locations":[{"start":{"line":193,"column":4},"end":{"line":196,"column":5}},{"start":{},"end":{}}],"line":193},"35":{"loc":{"start":{"line":193,"column":8},"end":{"line":193,"column":51}},"type":"binary-expr","locations":[{"start":{"line":193,"column":8},"end":{"line":193,"column":21}},{"start":{"line":193,"column":25},"end":{"line":193,"column":51}}],"line":193},"36":{"loc":{"start":{"line":193,"column":26},"end":{"line":193,"column":46}},"type":"binary-expr","locations":[{"start":{"line":193,"column":26},"end":{"line":193,"column":41}},{"start":{"line":193,"column":45},"end":{"line":193,"column":46}}],"line":193},"37":{"loc":{"start":{"line":204,"column":21},"end":{"line":204,"column":53}},"type":"binary-expr","locations":[{"start":{"line":204,"column":21},"end":{"line":204,"column":34}},{"start":{"line":204,"column":38},"end":{"line":204,"column":53}}],"line":204},"38":{"loc":{"start":{"line":205,"column":26},"end":{"line":205,"column":62}},"type":"binary-expr","locations":[{"start":{"line":205,"column":26},"end":{"line":205,"column":32}},{"start":{"line":205,"column":36},"end":{"line":205,"column":62}}],"line":205},"39":{"loc":{"start":{"line":206,"column":25},"end":{"line":206,"column":50}},"type":"cond-expr","locations":[{"start":{"line":206,"column":45},"end":{"line":206,"column":46}},{"start":{"line":206,"column":49},"end":{"line":206,"column":50}}],"line":206},"40":{"loc":{"start":{"line":223,"column":4},"end":{"line":225,"column":5}},"type":"if","locations":[{"start":{"line":223,"column":4},"end":{"line":225,"column":5}},{"start":{},"end":{}}],"line":223},"41":{"loc":{"start":{"line":228,"column":63},"end":{"line":228,"column":90}},"type":"binary-expr","locations":[{"start":{"line":228,"column":63},"end":{"line":228,"column":84}},{"start":{"line":228,"column":88},"end":{"line":228,"column":90}}],"line":228},"42":{"loc":{"start":{"line":234,"column":15},"end":{"line":234,"column":40}},"type":"binary-expr","locations":[{"start":{"line":234,"column":15},"end":{"line":234,"column":34}},{"start":{"line":234,"column":38},"end":{"line":234,"column":40}}],"line":234},"43":{"loc":{"start":{"line":235,"column":16},"end":{"line":235,"column":43}},"type":"binary-expr","locations":[{"start":{"line":235,"column":16},"end":{"line":235,"column":37}},{"start":{"line":235,"column":41},"end":{"line":235,"column":43}}],"line":235},"44":{"loc":{"start":{"line":236,"column":14},"end":{"line":236,"column":38}},"type":"binary-expr","locations":[{"start":{"line":236,"column":14},"end":{"line":236,"column":32}},{"start":{"line":236,"column":36},"end":{"line":236,"column":38}}],"line":236},"45":{"loc":{"start":{"line":241,"column":16},"end":{"line":241,"column":43}},"type":"binary-expr","locations":[{"start":{"line":241,"column":16},"end":{"line":241,"column":37}},{"start":{"line":241,"column":41},"end":{"line":241,"column":43}}],"line":241},"46":{"loc":{"start":{"line":242,"column":16},"end":{"line":242,"column":42}},"type":"binary-expr","locations":[{"start":{"line":242,"column":16},"end":{"line":242,"column":36}},{"start":{"line":242,"column":40},"end":{"line":242,"column":42}}],"line":242},"47":{"loc":{"start":{"line":243,"column":15},"end":{"line":243,"column":40}},"type":"binary-expr","locations":[{"start":{"line":243,"column":15},"end":{"line":243,"column":34}},{"start":{"line":243,"column":38},"end":{"line":243,"column":40}}],"line":243},"48":{"loc":{"start":{"line":244,"column":14},"end":{"line":244,"column":38}},"type":"binary-expr","locations":[{"start":{"line":244,"column":14},"end":{"line":244,"column":32}},{"start":{"line":244,"column":36},"end":{"line":244,"column":38}}],"line":244},"49":{"loc":{"start":{"line":257,"column":43},"end":{"line":257,"column":55}},"type":"default-arg","locations":[{"start":{"line":257,"column":51},"end":{"line":257,"column":55}}],"line":257},"50":{"loc":{"start":{"line":257,"column":57},"end":{"line":257,"column":71}},"type":"default-arg","locations":[{"start":{"line":257,"column":66},"end":{"line":257,"column":71}}],"line":257},"51":{"loc":{"start":{"line":262,"column":41},"end":{"line":262,"column":53}},"type":"default-arg","locations":[{"start":{"line":262,"column":49},"end":{"line":262,"column":53}}],"line":262},"52":{"loc":{"start":{"line":262,"column":55},"end":{"line":262,"column":69}},"type":"default-arg","locations":[{"start":{"line":262,"column":64},"end":{"line":262,"column":69}}],"line":262}},"s":{"0":3,"1":3,"2":7,"3":7,"4":7,"5":0,"6":0,"7":0,"8":0,"9":0,"10":0,"11":0,"12":0,"13":0,"14":0,"15":0,"16":0,"17":0,"18":0,"19":0,"20":0,"21":0,"22":0,"23":0,"24":0,"25":0,"26":0,"27":0,"28":0,"29":0,"30":0,"31":0,"32":0,"33":0,"34":0,"35":0,"36":0,"37":0,"38":0,"39":0,"40":0,"41":3,"42":3,"43":0,"44":3,"45":1,"46":2,"47":2,"48":1,"49":1,"50":1,"51":1,"52":1,"53":0,"54":1,"55":1,"56":1,"57":0,"58":1,"59":1,"60":1,"61":1,"62":1,"63":1,"64":1,"65":1,"66":1,"67":1,"68":1,"69":1,"70":0,"71":1,"72":0,"73":0,"74":0,"75":1,"76":0,"77":0,"78":0,"79":0,"80":0,"81":0,"82":0,"83":0,"84":0,"85":0,"86":0,"87":0,"88":0,"89":0,"90":0,"91":0,"92":0,"93":0,"94":0,"95":0,"96":0,"97":0,"98":0,"99":0,"100":0,"101":0,"102":0,"103":0,"104":0,"105":0,"106":0,"107":0,"108":0,"109":0,"110":0,"111":0,"112":0,"113":0,"114":0,"115":0,"116":0,"117":3},"f":{"0":7,"1":0,"2":3,"3":1,"4":0,"5":0,"6":0,"7":0,"8":0,"9":0,"10":0,"11":0,"12":0,"13":0,"14":0,"15":0,"16":0,"17":0,"18":0},"b":{"0":[0,0],"1":[0,0],"2":[0,0,0],"3":[0,0],"4":[0,0],"5":[0,0],"6":[0,0],"7":[0,0],"8":[0,0],"9":[0,0],"10":[0,0],"11":[0,0],"12":[0,0],"13":[0,0],"14":[0,0],"15":[0,0],"16":[0,0],"17":[0,0],"18":[0,0],"19":[0,3],"20":[1,2],"21":[1,1],"22":[1],"23":[1,0],"24":[0,1],"25":[0,1],"26":[1,0],"27":[1,0],"28":[1,1],"29":[1,0],"30":[1,0],"31":[0,1],"32":[0,0],"33":[0,0],"34":[0,0],"35":[0,0],"36":[0,0],"37":[0,0],"38":[0,0],"39":[0,0],"40":[0,0],"41":[0,0],"42":[0,0],"43":[0,0],"44":[0,0],"45":[0,0],"46":[0,0],"47":[0,0],"48":[0,0],"49":[0],"50":[0],"51":[0],"52":[0]},"inputSourceMap":null,"_coverageSchema":"1a1c01bbd47fc00a2c39e90264f33305004495a9","hash":"3d30844a960d2f0aaeccf43d7277544b28590a32"}
,"/home/mauricio/Documentos/GitHub/FadeBooker/Producto/back-fadebooker/src/application/usecases/cliente.service.js": {"path":"/home/mauricio/Documentos/GitHub/FadeBooker/Producto/back-fadebooker/src/application/usecases/cliente.service.js","statementMap":{"0":{"start":{"line":3,"column":4},"end":{"line":3,"column":47}},"1":{"start":{"line":7,"column":4},"end":{"line":7,"column":46}},"2":{"start":{"line":11,"column":4},"end":{"line":11,"column":46}},"3":{"start":{"line":15,"column":4},"end":{"line":15,"column":52}},"4":{"start":{"line":19,"column":4},"end":{"line":19,"column":54}},"5":{"start":{"line":23,"column":4},"end":{"line":23,"column":58}},"6":{"start":{"line":27,"column":4},"end":{"line":27,"column":43}},"7":{"start":{"line":31,"column":4},"end":{"line":31,"column":50}},"8":{"start":{"line":35,"column":4},"end":{"line":35,"column":44}},"9":{"start":{"line":39,"column":4},"end":{"line":39,"column":70}},"10":{"start":{"line":43,"column":0},"end":{"line":43,"column":31}}},"fnMap":{"0":{"name":"(anonymous_0)","decl":{"start":{"line":2,"column":2},"end":{"line":2,"column":3}},"loc":{"start":{"line":2,"column":33},"end":{"line":4,"column":3}},"line":2},"1":{"name":"(anonymous_1)","decl":{"start":{"line":6,"column":2},"end":{"line":6,"column":3}},"loc":{"start":{"line":6,"column":27},"end":{"line":8,"column":3}},"line":6},"2":{"name":"(anonymous_2)","decl":{"start":{"line":10,"column":2},"end":{"line":10,"column":3}},"loc":{"start":{"line":10,"column":32},"end":{"line":12,"column":3}},"line":10},"3":{"name":"(anonymous_3)","decl":{"start":{"line":14,"column":2},"end":{"line":14,"column":3}},"loc":{"start":{"line":14,"column":38},"end":{"line":16,"column":3}},"line":14},"4":{"name":"(anonymous_4)","decl":{"start":{"line":18,"column":2},"end":{"line":18,"column":3}},"loc":{"start":{"line":18,"column":39},"end":{"line":20,"column":3}},"line":18},"5":{"name":"(anonymous_5)","decl":{"start":{"line":22,"column":2},"end":{"line":22,"column":3}},"loc":{"start":{"line":22,"column":43},"end":{"line":24,"column":3}},"line":22},"6":{"name":"(anonymous_6)","decl":{"start":{"line":26,"column":2},"end":{"line":26,"column":3}},"loc":{"start":{"line":26,"column":34},"end":{"line":28,"column":3}},"line":26},"7":{"name":"(anonymous_7)","decl":{"start":{"line":30,"column":2},"end":{"line":30,"column":3}},"loc":{"start":{"line":30,"column":36},"end":{"line":32,"column":3}},"line":30},"8":{"name":"(anonymous_8)","decl":{"start":{"line":34,"column":2},"end":{"line":34,"column":3}},"loc":{"start":{"line":34,"column":28},"end":{"line":36,"column":3}},"line":34},"9":{"name":"(anonymous_9)","decl":{"start":{"line":38,"column":2},"end":{"line":38,"column":3}},"loc":{"start":{"line":38,"column":52},"end":{"line":40,"column":3}},"line":38}},"branchMap":{},"s":{"0":1,"1":0,"2":0,"3":0,"4":0,"5":0,"6":0,"7":0,"8":0,"9":0,"10":1},"f":{"0":1,"1":0,"2":0,"3":0,"4":0,"5":0,"6":0,"7":0,"8":0,"9":0},"b":{},"inputSourceMap":null,"_coverageSchema":"1a1c01bbd47fc00a2c39e90264f33305004495a9","hash":"7263a33d8538f7eae13c8d27ed8844e6a546eb51"}
,"/home/mauricio/Documentos/GitHub/FadeBooker/Producto/back-fadebooker/src/application/usecases/generarReporteCitas.js": {"path":"/home/mauricio/Documentos/GitHub/FadeBooker/Producto/back-fadebooker/src/application/usecases/generarReporteCitas.js","statementMap":{"0":{"start":{"line":1,"column":16},"end":{"line":1,"column":34}},"1":{"start":{"line":5,"column":8},"end":{"line":5,"column":45}},"2":{"start":{"line":13,"column":22},"end":{"line":17,"column":9}},"3":{"start":{"line":19,"column":25},"end":{"line":19,"column":47}},"4":{"start":{"line":20,"column":26},"end":{"line":20,"column":67}},"5":{"start":{"line":22,"column":8},"end":{"line":28,"column":10}},"6":{"start":{"line":31,"column":8},"end":{"line":31,"column":50}},"7":{"start":{"line":32,"column":8},"end":{"line":36,"column":10}},"8":{"start":{"line":38,"column":8},"end":{"line":40,"column":11}},"9":{"start":{"line":39,"column":12},"end":{"line":39,"column":35}},"10":{"start":{"line":43,"column":23},"end":{"line":43,"column":56}},"11":{"start":{"line":44,"column":8},"end":{"line":44,"column":22}},"12":{"start":{"line":48,"column":0},"end":{"line":48,"column":37}}},"fnMap":{"0":{"name":"(anonymous_0)","decl":{"start":{"line":4,"column":4},"end":{"line":4,"column":5}},"loc":{"start":{"line":4,"column":32},"end":{"line":6,"column":5}},"line":4},"1":{"name":"(anonymous_1)","decl":{"start":{"line":8,"column":4},"end":{"line":8,"column":5}},"loc":{"start":{"line":8,"column":41},"end":{"line":45,"column":5}},"line":8},"2":{"name":"(anonymous_2)","decl":{"start":{"line":38,"column":22},"end":{"line":38,"column":23}},"loc":{"start":{"line":38,"column":30},"end":{"line":40,"column":9}},"line":38}},"branchMap":{},"s":{"0":1,"1":0,"2":0,"3":0,"4":0,"5":0,"6":0,"7":0,"8":0,"9":0,"10":0,"11":0,"12":1},"f":{"0":0,"1":0,"2":0},"b":{},"inputSourceMap":null,"_coverageSchema":"1a1c01bbd47fc00a2c39e90264f33305004495a9","hash":"1285db24b7868d3d9f749695cfdf1c97c6fe4410"}
,"/home/mauricio/Documentos/GitHub/FadeBooker/Producto/back-fadebooker/src/application/usecases/hairstyle.service.js": {"path":"/home/mauricio/Documentos/GitHub/FadeBooker/Producto/back-fadebooker/src/application/usecases/hairstyle.service.js","statementMap":{"0":{"start":{"line":8,"column":15},"end":{"line":8,"column":32}},"1":{"start":{"line":9,"column":25},"end":{"line":9,"column":66}},"2":{"start":{"line":13,"column":4},"end":{"line":13,"column":45}},"3":{"start":{"line":25,"column":4},"end":{"line":66,"column":5}},"4":{"start":{"line":27,"column":6},"end":{"line":29,"column":7}},"5":{"start":{"line":28,"column":8},"end":{"line":28,"column":191}},"6":{"start":{"line":31,"column":21},"end":{"line":31,"column":51}},"7":{"start":{"line":32,"column":24},"end":{"line":32,"column":53}},"8":{"start":{"line":34,"column":25},"end":{"line":37,"column":7}},"9":{"start":{"line":39,"column":6},"end":{"line":41,"column":7}},"10":{"start":{"line":40,"column":8},"end":{"line":40,"column":70}},"11":{"start":{"line":44,"column":27},"end":{"line":47,"column":18}},"12":{"start":{"line":46,"column":20},"end":{"line":46,"column":47}},"13":{"start":{"line":50,"column":24},"end":{"line":53,"column":22}},"14":{"start":{"line":55,"column":6},"end":{"line":63,"column":8}},"15":{"start":{"line":65,"column":6},"end":{"line":65,"column":75}},"16":{"start":{"line":87,"column":4},"end":{"line":173,"column":5}},"17":{"start":{"line":89,"column":6},"end":{"line":91,"column":7}},"18":{"start":{"line":90,"column":8},"end":{"line":90,"column":191}},"19":{"start":{"line":93,"column":44},"end":{"line":93,"column":50}},"20":{"start":{"line":96,"column":23},"end":{"line":96,"column":68}},"21":{"start":{"line":97,"column":20},"end":{"line":97,"column":110}},"22":{"start":{"line":100,"column":6},"end":{"line":102,"column":7}},"23":{"start":{"line":101,"column":8},"end":{"line":101,"column":65}},"24":{"start":{"line":103,"column":6},"end":{"line":105,"column":7}},"25":{"start":{"line":104,"column":8},"end":{"line":104,"column":61}},"26":{"start":{"line":108,"column":23},"end":{"line":119,"column":7}},"27":{"start":{"line":122,"column":26},"end":{"line":133,"column":7}},"28":{"start":{"line":135,"column":22},"end":{"line":135,"column":39}},"29":{"start":{"line":136,"column":23},"end":{"line":136,"column":43}},"30":{"start":{"line":138,"column":6},"end":{"line":140,"column":7}},"31":{"start":{"line":139,"column":8},"end":{"line":139,"column":110}},"32":{"start":{"line":142,"column":26},"end":{"line":142,"column":63}},"33":{"start":{"line":143,"column":22},"end":{"line":143,"column":98}},"34":{"start":{"line":144,"column":28},"end":{"line":144,"column":30}},"35":{"start":{"line":145,"column":23},"end":{"line":145,"column":25}},"36":{"start":{"line":147,"column":6},"end":{"line":156,"column":7}},"37":{"start":{"line":149,"column":27},"end":{"line":149,"column":55}},"38":{"start":{"line":150,"column":8},"end":{"line":150,"column":89}},"39":{"start":{"line":151,"column":8},"end":{"line":151,"column":50}},"40":{"start":{"line":154,"column":8},"end":{"line":154,"column":100}},"41":{"start":{"line":155,"column":8},"end":{"line":155,"column":43}},"42":{"start":{"line":158,"column":32},"end":{"line":158,"column":75}},"43":{"start":{"line":160,"column":6},"end":{"line":170,"column":8}},"44":{"start":{"line":172,"column":6},"end":{"line":172,"column":81}},"45":{"start":{"line":177,"column":0},"end":{"line":177,"column":34}}},"fnMap":{"0":{"name":"(anonymous_0)","decl":{"start":{"line":12,"column":2},"end":{"line":12,"column":3}},"loc":{"start":{"line":12,"column":32},"end":{"line":14,"column":3}},"line":12},"1":{"name":"(anonymous_1)","decl":{"start":{"line":24,"column":2},"end":{"line":24,"column":3}},"loc":{"start":{"line":24,"column":39},"end":{"line":67,"column":3}},"line":24},"2":{"name":"(anonymous_2)","decl":{"start":{"line":46,"column":13},"end":{"line":46,"column":14}},"loc":{"start":{"line":46,"column":20},"end":{"line":46,"column":47}},"line":46},"3":{"name":"(anonymous_3)","decl":{"start":{"line":86,"column":2},"end":{"line":86,"column":3}},"loc":{"start":{"line":86,"column":43},"end":{"line":174,"column":3}},"line":86}},"branchMap":{"0":{"loc":{"start":{"line":24,"column":26},"end":{"line":24,"column":37}},"type":"default-arg","locations":[{"start":{"line":24,"column":35},"end":{"line":24,"column":37}}],"line":24},"1":{"loc":{"start":{"line":27,"column":6},"end":{"line":29,"column":7}},"type":"if","locations":[{"start":{"line":27,"column":6},"end":{"line":29,"column":7}},{"start":{},"end":{}}],"line":27},"2":{"loc":{"start":{"line":31,"column":21},"end":{"line":31,"column":51}},"type":"binary-expr","locations":[{"start":{"line":31,"column":21},"end":{"line":31,"column":34}},{"start":{"line":31,"column":38},"end":{"line":31,"column":51}}],"line":31},"3":{"loc":{"start":{"line":39,"column":6},"end":{"line":41,"column":7}},"type":"if","locations":[{"start":{"line":39,"column":6},"end":{"line":41,"column":7}},{"start":{},"end":{}}],"line":39},"4":{"loc":{"start":{"line":86,"column":30},"end":{"line":86,"column":41}},"type":"default-arg","locations":[{"start":{"line":86,"column":39},"end":{"line":86,"column":41}}],"line":86},"5":{"loc":{"start":{"line":89,"column":6},"end":{"line":91,"column":7}},"type":"if","locations":[{"start":{"line":89,"column":6},"end":{"line":91,"column":7}},{"start":{},"end":{}}],"line":89},"6":{"loc":{"start":{"line":97,"column":20},"end":{"line":97,"column":110}},"type":"cond-expr","locations":[{"start":{"line":97,"column":50},"end":{"line":97,"column":98}},{"start":{"line":97,"column":102},"end":{"line":97,"column":110}}],"line":97},"7":{"loc":{"start":{"line":97,"column":50},"end":{"line":97,"column":98}},"type":"binary-expr","locations":[{"start":{"line":97,"column":50},"end":{"line":97,"column":71}},{"start":{"line":97,"column":75},"end":{"line":97,"column":98}}],"line":97},"8":{"loc":{"start":{"line":100,"column":6},"end":{"line":102,"column":7}},"type":"if","locations":[{"start":{"line":100,"column":6},"end":{"line":102,"column":7}},{"start":{},"end":{}}],"line":100},"9":{"loc":{"start":{"line":103,"column":6},"end":{"line":105,"column":7}},"type":"if","locations":[{"start":{"line":103,"column":6},"end":{"line":105,"column":7}},{"start":{},"end":{}}],"line":103},"10":{"loc":{"start":{"line":138,"column":6},"end":{"line":140,"column":7}},"type":"if","locations":[{"start":{"line":138,"column":6},"end":{"line":140,"column":7}},{"start":{},"end":{}}],"line":138},"11":{"loc":{"start":{"line":138,"column":10},"end":{"line":138,"column":31}},"type":"binary-expr","locations":[{"start":{"line":138,"column":10},"end":{"line":138,"column":18}},{"start":{"line":138,"column":22},"end":{"line":138,"column":31}}],"line":138},"12":{"loc":{"start":{"line":142,"column":26},"end":{"line":142,"column":63}},"type":"cond-expr","locations":[{"start":{"line":142,"column":48},"end":{"line":142,"column":55}},{"start":{"line":142,"column":58},"end":{"line":142,"column":63}}],"line":142},"13":{"loc":{"start":{"line":147,"column":6},"end":{"line":156,"column":7}},"type":"if","locations":[{"start":{"line":147,"column":6},"end":{"line":156,"column":7}},{"start":{"line":152,"column":13},"end":{"line":156,"column":7}}],"line":147},"14":{"loc":{"start":{"line":166,"column":16},"end":{"line":166,"column":55}},"type":"cond-expr","locations":[{"start":{"line":166,"column":38},"end":{"line":166,"column":46}},{"start":{"line":166,"column":49},"end":{"line":166,"column":55}}],"line":166},"15":{"loc":{"start":{"line":168,"column":17},"end":{"line":168,"column":39}},"type":"cond-expr","locations":[{"start":{"line":168,"column":25},"end":{"line":168,"column":29}},{"start":{"line":168,"column":32},"end":{"line":168,"column":39}}],"line":168}},"s":{"0":1,"1":1,"2":1,"3":0,"4":0,"5":0,"6":0,"7":0,"8":0,"9":0,"10":0,"11":0,"12":0,"13":0,"14":0,"15":0,"16":0,"17":0,"18":0,"19":0,"20":0,"21":0,"22":0,"23":0,"24":0,"25":0,"26":0,"27":0,"28":0,"29":0,"30":0,"31":0,"32":0,"33":0,"34":0,"35":0,"36":0,"37":0,"38":0,"39":0,"40":0,"41":0,"42":0,"43":0,"44":0,"45":1},"f":{"0":1,"1":0,"2":0,"3":0},"b":{"0":[0],"1":[0,0],"2":[0,0],"3":[0,0],"4":[0],"5":[0,0],"6":[0,0],"7":[0,0],"8":[0,0],"9":[0,0],"10":[0,0],"11":[0,0],"12":[0,0],"13":[0,0],"14":[0,0],"15":[0,0]},"inputSourceMap":null,"_coverageSchema":"1a1c01bbd47fc00a2c39e90264f33305004495a9","hash":"bd4c7404928305b59de046a16611dd01f52e5194"}
,"/home/mauricio/Documentos/GitHub/FadeBooker/Producto/back-fadebooker/src/application/usecases/pago.service.js": {"path":"/home/mauricio/Documentos/GitHub/FadeBooker/Producto/back-fadebooker/src/application/usecases/pago.service.js","statementMap":{"0":{"start":{"line":1,"column":40},"end":{"line":1,"column":75}},"1":{"start":{"line":5,"column":4},"end":{"line":5,"column":41}},"2":{"start":{"line":6,"column":4},"end":{"line":6,"column":41}},"3":{"start":{"line":10,"column":4},"end":{"line":90,"column":5}},"4":{"start":{"line":12,"column":19},"end":{"line":12,"column":62}},"5":{"start":{"line":13,"column":6},"end":{"line":15,"column":7}},"6":{"start":{"line":14,"column":8},"end":{"line":14,"column":46}},"7":{"start":{"line":18,"column":24},"end":{"line":18,"column":25}},"8":{"start":{"line":19,"column":29},"end":{"line":19,"column":70}},"9":{"start":{"line":21,"column":6},"end":{"line":30,"column":7}},"10":{"start":{"line":23,"column":31},"end":{"line":23,"column":53}},"11":{"start":{"line":24,"column":8},"end":{"line":26,"column":9}},"12":{"start":{"line":25,"column":11},"end":{"line":25,"column":95}},"13":{"start":{"line":27,"column":8},"end":{"line":27,"column":62}},"14":{"start":{"line":29,"column":8},"end":{"line":29,"column":37}},"15":{"start":{"line":32,"column":6},"end":{"line":34,"column":7}},"16":{"start":{"line":33,"column":8},"end":{"line":33,"column":98}},"17":{"start":{"line":37,"column":27},"end":{"line":37,"column":61}},"18":{"start":{"line":38,"column":35},"end":{"line":38,"column":74}},"19":{"start":{"line":39,"column":6},"end":{"line":42,"column":7}},"20":{"start":{"line":41,"column":8},"end":{"line":41,"column":121}},"21":{"start":{"line":45,"column":25},"end":{"line":45,"column":47}},"22":{"start":{"line":48,"column":19},"end":{"line":67,"column":7}},"23":{"start":{"line":69,"column":23},"end":{"line":69,"column":56}},"24":{"start":{"line":70,"column":31},"end":{"line":70,"column":79}},"25":{"start":{"line":73,"column":23},"end":{"line":78,"column":7}},"26":{"start":{"line":80,"column":6},"end":{"line":80,"column":49}},"27":{"start":{"line":82,"column":6},"end":{"line":85,"column":8}},"28":{"start":{"line":88,"column":6},"end":{"line":88,"column":65}},"29":{"start":{"line":89,"column":6},"end":{"line":89,"column":78}},"30":{"start":{"line":94,"column":4},"end":{"line":211,"column":5}},"31":{"start":{"line":95,"column":6},"end":{"line":95,"column":98}},"32":{"start":{"line":97,"column":20},"end":{"line":97,"column":56}},"33":{"start":{"line":98,"column":15},"end":{"line":98,"column":36}},"34":{"start":{"line":99,"column":19},"end":{"line":99,"column":97}},"35":{"start":{"line":100,"column":31},"end":{"line":100,"column":84}},"36":{"start":{"line":104,"column":6},"end":{"line":120,"column":7}},"37":{"start":{"line":105,"column":8},"end":{"line":119,"column":9}},"38":{"start":{"line":106,"column":10},"end":{"line":106,"column":102}},"39":{"start":{"line":107,"column":34},"end":{"line":107,"column":53}},"40":{"start":{"line":108,"column":34},"end":{"line":108,"column":79}},"41":{"start":{"line":109,"column":33},"end":{"line":109,"column":102}},"42":{"start":{"line":111,"column":10},"end":{"line":115,"column":11}},"43":{"start":{"line":112,"column":12},"end":{"line":112,"column":120}},"44":{"start":{"line":113,"column":12},"end":{"line":113,"column":43}},"45":{"start":{"line":114,"column":12},"end":{"line":114,"column":67}},"46":{"start":{"line":117,"column":10},"end":{"line":117,"column":113}},"47":{"start":{"line":123,"column":6},"end":{"line":126,"column":7}},"48":{"start":{"line":124,"column":8},"end":{"line":124,"column":129}},"49":{"start":{"line":125,"column":8},"end":{"line":125,"column":15}},"50":{"start":{"line":128,"column":22},"end":{"line":128,"column":61}},"51":{"start":{"line":131,"column":17},"end":{"line":131,"column":63}},"52":{"start":{"line":132,"column":6},"end":{"line":142,"column":7}},"53":{"start":{"line":134,"column":26},"end":{"line":134,"column":73}},"54":{"start":{"line":135,"column":8},"end":{"line":135,"column":66}},"55":{"start":{"line":135,"column":35},"end":{"line":135,"column":64}},"56":{"start":{"line":136,"column":8},"end":{"line":141,"column":9}},"57":{"start":{"line":137,"column":10},"end":{"line":137,"column":117}},"58":{"start":{"line":138,"column":10},"end":{"line":140,"column":13}},"59":{"start":{"line":144,"column":6},"end":{"line":147,"column":7}},"60":{"start":{"line":145,"column":8},"end":{"line":145,"column":64}},"61":{"start":{"line":146,"column":8},"end":{"line":146,"column":15}},"62":{"start":{"line":150,"column":24},"end":{"line":150,"column":35}},"63":{"start":{"line":151,"column":6},"end":{"line":155,"column":7}},"64":{"start":{"line":152,"column":8},"end":{"line":152,"column":35}},"65":{"start":{"line":153,"column":13},"end":{"line":155,"column":7}},"66":{"start":{"line":154,"column":8},"end":{"line":154,"column":32}},"67":{"start":{"line":157,"column":6},"end":{"line":160,"column":9}},"68":{"start":{"line":163,"column":6},"end":{"line":204,"column":7}},"69":{"start":{"line":164,"column":21},"end":{"line":164,"column":64}},"70":{"start":{"line":165,"column":8},"end":{"line":203,"column":9}},"71":{"start":{"line":167,"column":31},"end":{"line":167,"column":65}},"72":{"start":{"line":168,"column":30},"end":{"line":168,"column":40}},"73":{"start":{"line":169,"column":30},"end":{"line":169,"column":70}},"74":{"start":{"line":172,"column":10},"end":{"line":187,"column":11}},"75":{"start":{"line":173,"column":12},"end":{"line":173,"column":179}},"76":{"start":{"line":176,"column":12},"end":{"line":179,"column":15}},"77":{"start":{"line":182,"column":12},"end":{"line":185,"column":15}},"78":{"start":{"line":186,"column":12},"end":{"line":186,"column":19}},"79":{"start":{"line":190,"column":10},"end":{"line":193,"column":11}},"80":{"start":{"line":191,"column":12},"end":{"line":191,"column":136}},"81":{"start":{"line":192,"column":12},"end":{"line":192,"column":19}},"82":{"start":{"line":195,"column":29},"end":{"line":195,"column":71}},"83":{"start":{"line":196,"column":29},"end":{"line":200,"column":11}},"84":{"start":{"line":202,"column":10},"end":{"line":202,"column":64}},"85":{"start":{"line":206,"column":6},"end":{"line":206,"column":69}},"86":{"start":{"line":209,"column":6},"end":{"line":209,"column":56}},"87":{"start":{"line":210,"column":6},"end":{"line":210,"column":18}},"88":{"start":{"line":215,"column":0},"end":{"line":215,"column":29}}},"fnMap":{"0":{"name":"(anonymous_0)","decl":{"start":{"line":4,"column":2},"end":{"line":4,"column":3}},"loc":{"start":{"line":4,"column":46},"end":{"line":7,"column":3}},"line":4},"1":{"name":"(anonymous_1)","decl":{"start":{"line":9,"column":2},"end":{"line":9,"column":3}},"loc":{"start":{"line":9,"column":59},"end":{"line":91,"column":3}},"line":9},"2":{"name":"(anonymous_2)","decl":{"start":{"line":93,"column":2},"end":{"line":93,"column":3}},"loc":{"start":{"line":93,"column":30},"end":{"line":212,"column":3}},"line":93},"3":{"name":"(anonymous_3)","decl":{"start":{"line":135,"column":30},"end":{"line":135,"column":31}},"loc":{"start":{"line":135,"column":35},"end":{"line":135,"column":64}},"line":135}},"branchMap":{"0":{"loc":{"start":{"line":9,"column":38},"end":{"line":9,"column":57}},"type":"default-arg","locations":[{"start":{"line":9,"column":50},"end":{"line":9,"column":57}}],"line":9},"1":{"loc":{"start":{"line":13,"column":6},"end":{"line":15,"column":7}},"type":"if","locations":[{"start":{"line":13,"column":6},"end":{"line":15,"column":7}},{"start":{},"end":{}}],"line":13},"2":{"loc":{"start":{"line":19,"column":49},"end":{"line":19,"column":69}},"type":"binary-expr","locations":[{"start":{"line":19,"column":49},"end":{"line":19,"column":64}},{"start":{"line":19,"column":68},"end":{"line":19,"column":69}}],"line":19},"3":{"loc":{"start":{"line":21,"column":6},"end":{"line":30,"column":7}},"type":"if","locations":[{"start":{"line":21,"column":6},"end":{"line":30,"column":7}},{"start":{"line":28,"column":13},"end":{"line":30,"column":7}}],"line":21},"4":{"loc":{"start":{"line":24,"column":8},"end":{"line":26,"column":9}},"type":"if","locations":[{"start":{"line":24,"column":8},"end":{"line":26,"column":9}},{"start":{},"end":{}}],"line":24},"5":{"loc":{"start":{"line":24,"column":13},"end":{"line":24,"column":33}},"type":"binary-expr","locations":[{"start":{"line":24,"column":13},"end":{"line":24,"column":28}},{"start":{"line":24,"column":32},"end":{"line":24,"column":33}}],"line":24},"6":{"loc":{"start":{"line":27,"column":40},"end":{"line":27,"column":60}},"type":"binary-expr","locations":[{"start":{"line":27,"column":40},"end":{"line":27,"column":55}},{"start":{"line":27,"column":59},"end":{"line":27,"column":60}}],"line":27},"7":{"loc":{"start":{"line":32,"column":6},"end":{"line":34,"column":7}},"type":"if","locations":[{"start":{"line":32,"column":6},"end":{"line":34,"column":7}},{"start":{},"end":{}}],"line":32},"8":{"loc":{"start":{"line":39,"column":6},"end":{"line":42,"column":7}},"type":"if","locations":[{"start":{"line":39,"column":6},"end":{"line":42,"column":7}},{"start":{},"end":{}}],"line":39},"9":{"loc":{"start":{"line":39,"column":10},"end":{"line":39,"column":68}},"type":"binary-expr","locations":[{"start":{"line":39,"column":10},"end":{"line":39,"column":36}},{"start":{"line":39,"column":40},"end":{"line":39,"column":68}}],"line":39},"10":{"loc":{"start":{"line":39,"column":41},"end":{"line":39,"column":61}},"type":"binary-expr","locations":[{"start":{"line":39,"column":41},"end":{"line":39,"column":56}},{"start":{"line":39,"column":60},"end":{"line":39,"column":61}}],"line":39},"11":{"loc":{"start":{"line":51,"column":43},"end":{"line":51,"column":93}},"type":"cond-expr","locations":[{"start":{"line":51,"column":67},"end":{"line":51,"column":78}},{"start":{"line":51,"column":81},"end":{"line":51,"column":93}}],"line":51},"12":{"loc":{"start":{"line":57,"column":22},"end":{"line":57,"column":73}},"type":"binary-expr","locations":[{"start":{"line":57,"column":22},"end":{"line":57,"column":46}},{"start":{"line":57,"column":50},"end":{"line":57,"column":73}}],"line":57},"13":{"loc":{"start":{"line":58,"column":22},"end":{"line":58,"column":73}},"type":"binary-expr","locations":[{"start":{"line":58,"column":22},"end":{"line":58,"column":46}},{"start":{"line":58,"column":50},"end":{"line":58,"column":73}}],"line":58},"14":{"loc":{"start":{"line":59,"column":22},"end":{"line":59,"column":73}},"type":"binary-expr","locations":[{"start":{"line":59,"column":22},"end":{"line":59,"column":46}},{"start":{"line":59,"column":50},"end":{"line":59,"column":73}}],"line":59},"15":{"loc":{"start":{"line":61,"column":26},"end":{"line":63,"column":79}},"type":"cond-expr","locations":[{"start":{"line":62,"column":12},"end":{"line":62,"column":121}},{"start":{"line":63,"column":12},"end":{"line":63,"column":79}}],"line":61},"16":{"loc":{"start":{"line":61,"column":27},"end":{"line":61,"column":100}},"type":"binary-expr","locations":[{"start":{"line":61,"column":27},"end":{"line":61,"column":50}},{"start":{"line":61,"column":54},"end":{"line":61,"column":100}}],"line":61},"17":{"loc":{"start":{"line":62,"column":15},"end":{"line":62,"column":75}},"type":"cond-expr","locations":[{"start":{"line":62,"column":60},"end":{"line":62,"column":62}},{"start":{"line":62,"column":65},"end":{"line":62,"column":75}}],"line":62},"18":{"loc":{"start":{"line":70,"column":31},"end":{"line":70,"column":79}},"type":"binary-expr","locations":[{"start":{"line":70,"column":31},"end":{"line":70,"column":45}},{"start":{"line":70,"column":49},"end":{"line":70,"column":67}},{"start":{"line":70,"column":71},"end":{"line":70,"column":79}}],"line":70},"19":{"loc":{"start":{"line":83,"column":13},"end":{"line":83,"column":63}},"type":"binary-expr","locations":[{"start":{"line":83,"column":13},"end":{"line":83,"column":40}},{"start":{"line":83,"column":44},"end":{"line":83,"column":63}}],"line":83},"20":{"loc":{"start":{"line":84,"column":23},"end":{"line":84,"column":57}},"type":"binary-expr","locations":[{"start":{"line":84,"column":23},"end":{"line":84,"column":42}},{"start":{"line":84,"column":46},"end":{"line":84,"column":57}}],"line":84},"21":{"loc":{"start":{"line":97,"column":20},"end":{"line":97,"column":56}},"type":"cond-expr","locations":[{"start":{"line":97,"column":40},"end":{"line":97,"column":49}},{"start":{"line":97,"column":52},"end":{"line":97,"column":56}}],"line":97},"22":{"loc":{"start":{"line":97,"column":20},"end":{"line":97,"column":37}},"type":"binary-expr","locations":[{"start":{"line":97,"column":20},"end":{"line":97,"column":24}},{"start":{"line":97,"column":28},"end":{"line":97,"column":37}}],"line":97},"23":{"loc":{"start":{"line":98,"column":15},"end":{"line":98,"column":36}},"type":"binary-expr","locations":[{"start":{"line":98,"column":15},"end":{"line":98,"column":25}},{"start":{"line":98,"column":29},"end":{"line":98,"column":36}}],"line":98},"24":{"loc":{"start":{"line":99,"column":19},"end":{"line":99,"column":97}},"type":"binary-expr","locations":[{"start":{"line":99,"column":19},"end":{"line":99,"column":33}},{"start":{"line":99,"column":37},"end":{"line":99,"column":48}},{"start":{"line":99,"column":52},"end":{"line":99,"column":74}},{"start":{"line":99,"column":78},"end":{"line":99,"column":97}}],"line":99},"25":{"loc":{"start":{"line":100,"column":31},"end":{"line":100,"column":84}},"type":"binary-expr","locations":[{"start":{"line":100,"column":31},"end":{"line":100,"column":57}},{"start":{"line":100,"column":61},"end":{"line":100,"column":84}}],"line":100},"26":{"loc":{"start":{"line":104,"column":6},"end":{"line":120,"column":7}},"type":"if","locations":[{"start":{"line":104,"column":6},"end":{"line":120,"column":7}},{"start":{},"end":{}}],"line":104},"27":{"loc":{"start":{"line":104,"column":10},"end":{"line":104,"column":48}},"type":"binary-expr","locations":[{"start":{"line":104,"column":10},"end":{"line":104,"column":12}},{"start":{"line":104,"column":17},"end":{"line":104,"column":36}},{"start":{"line":104,"column":40},"end":{"line":104,"column":47}}],"line":104},"28":{"loc":{"start":{"line":109,"column":33},"end":{"line":109,"column":102}},"type":"binary-expr","locations":[{"start":{"line":109,"column":33},"end":{"line":109,"column":54}},{"start":{"line":109,"column":58},"end":{"line":109,"column":83}},{"start":{"line":109,"column":87},"end":{"line":109,"column":102}}],"line":109},"29":{"loc":{"start":{"line":111,"column":10},"end":{"line":115,"column":11}},"type":"if","locations":[{"start":{"line":111,"column":10},"end":{"line":115,"column":11}},{"start":{},"end":{}}],"line":111},"30":{"loc":{"start":{"line":123,"column":6},"end":{"line":126,"column":7}},"type":"if","locations":[{"start":{"line":123,"column":6},"end":{"line":126,"column":7}},{"start":{},"end":{}}],"line":123},"31":{"loc":{"start":{"line":123,"column":10},"end":{"line":123,"column":72}},"type":"binary-expr","locations":[{"start":{"line":123,"column":10},"end":{"line":123,"column":29}},{"start":{"line":123,"column":33},"end":{"line":123,"column":72}}],"line":123},"32":{"loc":{"start":{"line":132,"column":6},"end":{"line":142,"column":7}},"type":"if","locations":[{"start":{"line":132,"column":6},"end":{"line":142,"column":7}},{"start":{},"end":{}}],"line":132},"33":{"loc":{"start":{"line":132,"column":10},"end":{"line":132,"column":26}},"type":"binary-expr","locations":[{"start":{"line":132,"column":10},"end":{"line":132,"column":15}},{"start":{"line":132,"column":19},"end":{"line":132,"column":26}}],"line":132},"34":{"loc":{"start":{"line":136,"column":8},"end":{"line":141,"column":9}},"type":"if","locations":[{"start":{"line":136,"column":8},"end":{"line":141,"column":9}},{"start":{},"end":{}}],"line":136},"35":{"loc":{"start":{"line":144,"column":6},"end":{"line":147,"column":7}},"type":"if","locations":[{"start":{"line":144,"column":6},"end":{"line":147,"column":7}},{"start":{},"end":{}}],"line":144},"36":{"loc":{"start":{"line":151,"column":6},"end":{"line":155,"column":7}},"type":"if","locations":[{"start":{"line":151,"column":6},"end":{"line":155,"column":7}},{"start":{"line":153,"column":13},"end":{"line":155,"column":7}}],"line":151},"37":{"loc":{"start":{"line":153,"column":13},"end":{"line":155,"column":7}},"type":"if","locations":[{"start":{"line":153,"column":13},"end":{"line":155,"column":7}},{"start":{},"end":{}}],"line":153},"38":{"loc":{"start":{"line":163,"column":6},"end":{"line":204,"column":7}},"type":"if","locations":[{"start":{"line":163,"column":6},"end":{"line":204,"column":7}},{"start":{},"end":{}}],"line":163},"39":{"loc":{"start":{"line":165,"column":8},"end":{"line":203,"column":9}},"type":"if","locations":[{"start":{"line":165,"column":8},"end":{"line":203,"column":9}},{"start":{},"end":{}}],"line":165},"40":{"loc":{"start":{"line":172,"column":10},"end":{"line":187,"column":11}},"type":"if","locations":[{"start":{"line":172,"column":10},"end":{"line":187,"column":11}},{"start":{},"end":{}}],"line":172},"41":{"loc":{"start":{"line":184,"column":22},"end":{"line":184,"column":38}},"type":"binary-expr","locations":[{"start":{"line":184,"column":22},"end":{"line":184,"column":32}},{"start":{"line":184,"column":36},"end":{"line":184,"column":38}}],"line":184},"42":{"loc":{"start":{"line":190,"column":10},"end":{"line":193,"column":11}},"type":"if","locations":[{"start":{"line":190,"column":10},"end":{"line":193,"column":11}},{"start":{},"end":{}}],"line":190},"43":{"loc":{"start":{"line":195,"column":30},"end":{"line":195,"column":50}},"type":"binary-expr","locations":[{"start":{"line":195,"column":30},"end":{"line":195,"column":45}},{"start":{"line":195,"column":49},"end":{"line":195,"column":50}}],"line":195}},"s":{"0":1,"1":1,"2":1,"3":1,"4":1,"5":1,"6":0,"7":1,"8":1,"9":1,"10":0,"11":0,"12":0,"13":0,"14":1,"15":1,"16":1,"17":0,"18":0,"19":0,"20":0,"21":0,"22":0,"23":0,"24":0,"25":0,"26":0,"27":0,"28":1,"29":1,"30":1,"31":1,"32":1,"33":1,"34":1,"35":1,"36":1,"37":1,"38":1,"39":1,"40":1,"41":0,"42":0,"43":0,"44":0,"45":0,"46":1,"47":1,"48":1,"49":1,"50":0,"51":0,"52":0,"53":0,"54":0,"55":0,"56":0,"57":0,"58":0,"59":0,"60":0,"61":0,"62":0,"63":0,"64":0,"65":0,"66":0,"67":0,"68":0,"69":0,"70":0,"71":0,"72":0,"73":0,"74":0,"75":0,"76":0,"77":0,"78":0,"79":0,"80":0,"81":0,"82":0,"83":0,"84":0,"85":0,"86":0,"87":0,"88":1},"f":{"0":1,"1":1,"2":1,"3":0},"b":{"0":[0],"1":[0,1],"2":[1,0],"3":[0,1],"4":[0,0],"5":[0,0],"6":[0,0],"7":[1,0],"8":[0,0],"9":[0,0],"10":[0,0],"11":[0,0],"12":[0,0],"13":[0,0],"14":[0,0],"15":[0,0],"16":[0,0],"17":[0,0],"18":[0,0,0],"19":[0,0],"20":[0,0],"21":[1,0],"22":[1,1],"23":[1,0],"24":[1,1,1,1],"25":[1,1],"26":[1,0],"27":[1,1,0],"28":[0,0,0],"29":[0,0],"30":[1,0],"31":[1,0],"32":[0,0],"33":[0,0],"34":[0,0],"35":[0,0],"36":[0,0],"37":[0,0],"38":[0,0],"39":[0,0],"40":[0,0],"41":[0,0],"42":[0,0],"43":[0,0]},"inputSourceMap":null,"_coverageSchema":"1a1c01bbd47fc00a2c39e90264f33305004495a9","hash":"36f05c76210c53892c38bab7914a52fe09cc339f"}
,"/home/mauricio/Documentos/GitHub/FadeBooker/Producto/back-fadebooker/src/application/usecases/servicio-barbero.service.js": {"path":"/home/mauricio/Documentos/GitHub/FadeBooker/Producto/back-fadebooker/src/application/usecases/servicio-barbero.service.js","statementMap":{"0":{"start":{"line":1,"column":34},"end":{"line":1,"column":105}},"1":{"start":{"line":2,"column":26},"end":{"line":2,"column":57}},"2":{"start":{"line":10,"column":31},"end":{"line":120,"column":1}},"3":{"start":{"line":16,"column":4},"end":{"line":16,"column":54}},"4":{"start":{"line":24,"column":4},"end":{"line":24,"column":56}},"5":{"start":{"line":35,"column":4},"end":{"line":35,"column":101}},"6":{"start":{"line":44,"column":4},"end":{"line":44,"column":74}},"7":{"start":{"line":52,"column":4},"end":{"line":52,"column":58}},"8":{"start":{"line":61,"column":4},"end":{"line":61,"column":62}},"9":{"start":{"line":69,"column":4},"end":{"line":69,"column":56}},"10":{"start":{"line":77,"column":4},"end":{"line":77,"column":56}},"11":{"start":{"line":86,"column":4},"end":{"line":86,"column":71}},"12":{"start":{"line":95,"column":4},"end":{"line":95,"column":73}},"13":{"start":{"line":102,"column":4},"end":{"line":102,"column":38}},"14":{"start":{"line":110,"column":4},"end":{"line":110,"column":65}},"15":{"start":{"line":118,"column":4},"end":{"line":118,"column":64}},"16":{"start":{"line":122,"column":0},"end":{"line":122,"column":39}}},"fnMap":{"0":{"name":"(anonymous_0)","decl":{"start":{"line":15,"column":2},"end":{"line":15,"column":3}},"loc":{"start":{"line":15,"column":47},"end":{"line":17,"column":3}},"line":15},"1":{"name":"(anonymous_1)","decl":{"start":{"line":23,"column":2},"end":{"line":23,"column":3}},"loc":{"start":{"line":23,"column":47},"end":{"line":25,"column":3}},"line":23},"2":{"name":"(anonymous_2)","decl":{"start":{"line":34,"column":2},"end":{"line":34,"column":3}},"loc":{"start":{"line":34,"column":109},"end":{"line":36,"column":3}},"line":34},"3":{"name":"(anonymous_3)","decl":{"start":{"line":43,"column":2},"end":{"line":43,"column":3}},"loc":{"start":{"line":43,"column":56},"end":{"line":45,"column":3}},"line":43},"4":{"name":"(anonymous_4)","decl":{"start":{"line":51,"column":2},"end":{"line":51,"column":3}},"loc":{"start":{"line":51,"column":42},"end":{"line":53,"column":3}},"line":51},"5":{"name":"(anonymous_5)","decl":{"start":{"line":60,"column":2},"end":{"line":60,"column":3}},"loc":{"start":{"line":60,"column":61},"end":{"line":62,"column":3}},"line":60},"6":{"name":"(anonymous_6)","decl":{"start":{"line":68,"column":2},"end":{"line":68,"column":3}},"loc":{"start":{"line":68,"column":53},"end":{"line":70,"column":3}},"line":68},"7":{"name":"(anonymous_7)","decl":{"start":{"line":76,"column":2},"end":{"line":76,"column":3}},"loc":{"start":{"line":76,"column":48},"end":{"line":78,"column":3}},"line":76},"8":{"name":"(anonymous_8)","decl":{"start":{"line":85,"column":2},"end":{"line":85,"column":3}},"loc":{"start":{"line":85,"column":55},"end":{"line":87,"column":3}},"line":85},"9":{"name":"(anonymous_9)","decl":{"start":{"line":94,"column":2},"end":{"line":94,"column":3}},"loc":{"start":{"line":94,"column":57},"end":{"line":96,"column":3}},"line":94},"10":{"name":"(anonymous_10)","decl":{"start":{"line":101,"column":2},"end":{"line":101,"column":3}},"loc":{"start":{"line":101,"column":23},"end":{"line":103,"column":3}},"line":101},"11":{"name":"(anonymous_11)","decl":{"start":{"line":109,"column":2},"end":{"line":109,"column":3}},"loc":{"start":{"line":109,"column":47},"end":{"line":111,"column":3}},"line":109},"12":{"name":"(anonymous_12)","decl":{"start":{"line":117,"column":2},"end":{"line":117,"column":3}},"loc":{"start":{"line":117,"column":46},"end":{"line":119,"column":3}},"line":117}},"branchMap":{"0":{"loc":{"start":{"line":34,"column":54},"end":{"line":34,"column":75}},"type":"default-arg","locations":[{"start":{"line":34,"column":71},"end":{"line":34,"column":75}}],"line":34},"1":{"loc":{"start":{"line":34,"column":77},"end":{"line":34,"column":107}},"type":"default-arg","locations":[{"start":{"line":34,"column":103},"end":{"line":34,"column":107}}],"line":34}},"s":{"0":0,"1":0,"2":0,"3":0,"4":0,"5":0,"6":0,"7":0,"8":0,"9":0,"10":0,"11":0,"12":0,"13":0,"14":0,"15":0,"16":0},"f":{"0":0,"1":0,"2":0,"3":0,"4":0,"5":0,"6":0,"7":0,"8":0,"9":0,"10":0,"11":0,"12":0},"b":{"0":[0],"1":[0]},"inputSourceMap":null}
,"/home/mauricio/Documentos/GitHub/FadeBooker/Producto/back-fadebooker/src/application/usecases/servicio.service.js": {"path":"/home/mauricio/Documentos/GitHub/FadeBooker/Producto/back-fadebooker/src/application/usecases/servicio.service.js","statementMap":{"0":{"start":{"line":3,"column":4},"end":{"line":3,"column":49}},"1":{"start":{"line":7,"column":4},"end":{"line":7,"column":47}},"2":{"start":{"line":11,"column":4},"end":{"line":11,"column":47}},"3":{"start":{"line":15,"column":4},"end":{"line":15,"column":55}},"4":{"start":{"line":19,"column":4},"end":{"line":19,"column":44}},"5":{"start":{"line":23,"column":4},"end":{"line":23,"column":51}},"6":{"start":{"line":27,"column":4},"end":{"line":27,"column":45}},"7":{"start":{"line":31,"column":4},"end":{"line":31,"column":60}},"8":{"start":{"line":35,"column":0},"end":{"line":35,"column":32}}},"fnMap":{"0":{"name":"(anonymous_0)","decl":{"start":{"line":2,"column":2},"end":{"line":2,"column":3}},"loc":{"start":{"line":2,"column":34},"end":{"line":4,"column":3}},"line":2},"1":{"name":"(anonymous_1)","decl":{"start":{"line":6,"column":2},"end":{"line":6,"column":3}},"loc":{"start":{"line":6,"column":28},"end":{"line":8,"column":3}},"line":6},"2":{"name":"(anonymous_2)","decl":{"start":{"line":10,"column":2},"end":{"line":10,"column":3}},"loc":{"start":{"line":10,"column":33},"end":{"line":12,"column":3}},"line":10},"3":{"name":"(anonymous_3)","decl":{"start":{"line":14,"column":2},"end":{"line":14,"column":3}},"loc":{"start":{"line":14,"column":40},"end":{"line":16,"column":3}},"line":14},"4":{"name":"(anonymous_4)","decl":{"start":{"line":18,"column":2},"end":{"line":18,"column":3}},"loc":{"start":{"line":18,"column":35},"end":{"line":20,"column":3}},"line":18},"5":{"name":"(anonymous_5)","decl":{"start":{"line":22,"column":2},"end":{"line":22,"column":3}},"loc":{"start":{"line":22,"column":37},"end":{"line":24,"column":3}},"line":22},"6":{"name":"(anonymous_6)","decl":{"start":{"line":26,"column":2},"end":{"line":26,"column":3}},"loc":{"start":{"line":26,"column":29},"end":{"line":28,"column":3}},"line":26},"7":{"name":"(anonymous_7)","decl":{"start":{"line":30,"column":2},"end":{"line":30,"column":3}},"loc":{"start":{"line":30,"column":47},"end":{"line":32,"column":3}},"line":30}},"branchMap":{},"s":{"0":1,"1":0,"2":0,"3":0,"4":0,"5":0,"6":0,"7":0,"8":1},"f":{"0":1,"1":0,"2":0,"3":0,"4":0,"5":0,"6":0,"7":0},"b":{},"inputSourceMap":null,"_coverageSchema":"1a1c01bbd47fc00a2c39e90264f33305004495a9","hash":"6310f200b93df9fe544c1d9e25af643a50da3e99"}
,"/home/mauricio/Documentos/GitHub/FadeBooker/Producto/back-fadebooker/src/application/usecases/tienda.service.js": {"path":"/home/mauricio/Documentos/GitHub/FadeBooker/Producto/back-fadebooker/src/application/usecases/tienda.service.js","statementMap":{"0":{"start":{"line":7,"column":4},"end":{"line":7,"column":45}},"1":{"start":{"line":8,"column":4},"end":{"line":8,"column":47}},"2":{"start":{"line":12,"column":4},"end":{"line":12,"column":55}},"3":{"start":{"line":16,"column":4},"end":{"line":16,"column":51}},"4":{"start":{"line":21,"column":19},"end":{"line":21,"column":66}},"5":{"start":{"line":22,"column":4},"end":{"line":24,"column":5}},"6":{"start":{"line":23,"column":6},"end":{"line":23,"column":44}},"7":{"start":{"line":25,"column":4},"end":{"line":25,"column":63}},"8":{"start":{"line":29,"column":4},"end":{"line":29,"column":59}},"9":{"start":{"line":33,"column":4},"end":{"line":33,"column":60}},"10":{"start":{"line":37,"column":4},"end":{"line":37,"column":51}},"11":{"start":{"line":41,"column":4},"end":{"line":41,"column":55}},"12":{"start":{"line":45,"column":4},"end":{"line":45,"column":49}},"13":{"start":{"line":49,"column":30},"end":{"line":49,"column":88}},"14":{"start":{"line":50,"column":4},"end":{"line":59,"column":5}},"15":{"start":{"line":51,"column":21},"end":{"line":51,"column":91}},"16":{"start":{"line":53,"column":6},"end":{"line":53,"column":86}},"17":{"start":{"line":54,"column":6},"end":{"line":54,"column":44}},"18":{"start":{"line":56,"column":6},"end":{"line":56,"column":69}},"19":{"start":{"line":57,"column":6},"end":{"line":57,"column":27}},"20":{"start":{"line":58,"column":6},"end":{"line":58,"column":84}},"21":{"start":{"line":63,"column":30},"end":{"line":63,"column":88}},"22":{"start":{"line":64,"column":4},"end":{"line":83,"column":5}},"23":{"start":{"line":65,"column":21},"end":{"line":65,"column":91}},"24":{"start":{"line":66,"column":21},"end":{"line":66,"column":61}},"25":{"start":{"line":67,"column":20},"end":{"line":67,"column":22}},"26":{"start":{"line":68,"column":6},"end":{"line":74,"column":7}},"27":{"start":{"line":69,"column":8},"end":{"line":73,"column":9}},"28":{"start":{"line":70,"column":10},"end":{"line":70,"column":101}},"29":{"start":{"line":72,"column":10},"end":{"line":72,"column":23}},"30":{"start":{"line":75,"column":6},"end":{"line":75,"column":48}},"31":{"start":{"line":75,"column":35},"end":{"line":75,"column":48}},"32":{"start":{"line":76,"column":6},"end":{"line":76,"column":38}},"33":{"start":{"line":77,"column":6},"end":{"line":77,"column":83}},"34":{"start":{"line":78,"column":6},"end":{"line":78,"column":44}},"35":{"start":{"line":80,"column":6},"end":{"line":80,"column":72}},"36":{"start":{"line":81,"column":6},"end":{"line":81,"column":27}},"37":{"start":{"line":82,"column":6},"end":{"line":82,"column":85}},"38":{"start":{"line":87,"column":0},"end":{"line":87,"column":30}}},"fnMap":{"0":{"name":"(anonymous_0)","decl":{"start":{"line":6,"column":2},"end":{"line":6,"column":3}},"loc":{"start":{"line":6,"column":51},"end":{"line":9,"column":3}},"line":6},"1":{"name":"(anonymous_1)","decl":{"start":{"line":11,"column":2},"end":{"line":11,"column":3}},"loc":{"start":{"line":11,"column":45},"end":{"line":13,"column":3}},"line":11},"2":{"name":"(anonymous_2)","decl":{"start":{"line":15,"column":2},"end":{"line":15,"column":3}},"loc":{"start":{"line":15,"column":31},"end":{"line":17,"column":3}},"line":15},"3":{"name":"(anonymous_3)","decl":{"start":{"line":19,"column":2},"end":{"line":19,"column":3}},"loc":{"start":{"line":19,"column":39},"end":{"line":26,"column":3}},"line":19},"4":{"name":"(anonymous_4)","decl":{"start":{"line":28,"column":2},"end":{"line":28,"column":3}},"loc":{"start":{"line":28,"column":39},"end":{"line":30,"column":3}},"line":28},"5":{"name":"(anonymous_5)","decl":{"start":{"line":32,"column":2},"end":{"line":32,"column":3}},"loc":{"start":{"line":32,"column":30},"end":{"line":34,"column":3}},"line":32},"6":{"name":"(anonymous_6)","decl":{"start":{"line":36,"column":2},"end":{"line":36,"column":3}},"loc":{"start":{"line":36,"column":26},"end":{"line":38,"column":3}},"line":36},"7":{"name":"(anonymous_7)","decl":{"start":{"line":40,"column":2},"end":{"line":40,"column":3}},"loc":{"start":{"line":40,"column":35},"end":{"line":42,"column":3}},"line":40},"8":{"name":"(anonymous_8)","decl":{"start":{"line":44,"column":2},"end":{"line":44,"column":3}},"loc":{"start":{"line":44,"column":27},"end":{"line":46,"column":3}},"line":44},"9":{"name":"(anonymous_9)","decl":{"start":{"line":48,"column":2},"end":{"line":48,"column":3}},"loc":{"start":{"line":48,"column":40},"end":{"line":60,"column":3}},"line":48},"10":{"name":"(anonymous_10)","decl":{"start":{"line":62,"column":2},"end":{"line":62,"column":3}},"loc":{"start":{"line":62,"column":43},"end":{"line":84,"column":3}},"line":62}},"branchMap":{"0":{"loc":{"start":{"line":11,"column":31},"end":{"line":11,"column":43}},"type":"default-arg","locations":[{"start":{"line":11,"column":41},"end":{"line":11,"column":43}}],"line":11},"1":{"loc":{"sta
[...]
column":30}},"loc":{"start":{"line":34,"column":37},"end":{"line":34,"column":172}},"line":34}},"branchMap":{"0":{"loc":{"start":{"line":10,"column":6},"end":{"line":12,"column":7}},"type":"if","locations":[{"start":{"line":10,"column":6},"end":{"line":12,"column":7}},{"start":{},"end":{}}],"line":10},"1":{"loc":{"start":{"line":13,"column":6},"end":{"line":15,"column":7}},"type":"if","locations":[{"start":{"line":13,"column":6},"end":{"line":15,"column":7}},{"start":{},"end":{}}],"line":13},"2":{"loc":{"start":{"line":16,"column":6},"end":{"line":18,"column":7}},"type":"if","locations":[{"start":{"line":16,"column":6},"end":{"line":18,"column":7}},{"start":{},"end":{}}],"line":16},"3":{"loc":{"start":{"line":21,"column":6},"end":{"line":36,"column":7}},"type":"if","locations":[{"start":{"line":21,"column":6},"end":{"line":36,"column":7}},{"start":{},"end":{}}],"line":21},"4":{"loc":{"start":{"line":24,"column":23},"end":{"line":24,"column":117}},"type":"cond-expr","locations":[{"start":{"line":24,"column":53},"end":{"line":24,"column":65}},{"start":{"line":24,"column":69},"end":{"line":24,"column":116}}],"line":24},"5":{"loc":{"start":{"line":24,"column":69},"end":{"line":24,"column":116}},"type":"cond-expr","locations":[{"start":{"line":24,"column":99},"end":{"line":24,"column":111}},{"start":{"line":24,"column":114},"end":{"line":24,"column":116}}],"line":24},"6":{"loc":{"start":{"line":26,"column":23},"end":{"line":26,"column":81}},"type":"cond-expr","locations":[{"start":{"line":26,"column":58},"end":{"line":26,"column":76}},{"start":{"line":26,"column":79},"end":{"line":26,"column":81}}],"line":26},"7":{"loc":{"start":{"line":26,"column":24},"end":{"line":26,"column":54}},"type":"binary-expr","locations":[{"start":{"line":26,"column":24},"end":{"line":26,"column":27}},{"start":{"line":26,"column":31},"end":{"line":26,"column":54}}],"line":26},"8":{"loc":{"start":{"line":27,"column":22},"end":{"line":27,"column":78}},"type":"cond-expr","locations":[{"start":{"line":27,"column":45},"end":{"line":27,"column":56}},{"start":{"line":27,"column":59},"end":{"line":27,"column":78}}],"line":27},"9":{"loc":{"start":{"line":27,"column":23},"end":{"line":27,"column":41}},"type":"binary-expr","locations":[{"start":{"line":27,"column":23},"end":{"line":27,"column":26}},{"start":{"line":27,"column":30},"end":{"line":27,"column":41}}],"line":27},"10":{"loc":{"start":{"line":28,"column":17},"end":{"line":28,"column":47}},"type":"cond-expr","locations":[{"start":{"line":28,"column":24},"end":{"line":28,"column":41}},{"start":{"line":28,"column":44},"end":{"line":28,"column":47}}],"line":28},"11":{"loc":{"start":{"line":34,"column":45},"end":{"line":34,"column":103}},"type":"cond-expr","locations":[{"start":{"line":34,"column":80},"end":{"line":34,"column":98}},{"start":{"line":34,"column":101},"end":{"line":34,"column":103}}],"line":34},"12":{"loc":{"start":{"line":34,"column":46},"end":{"line":34,"column":76}},"type":"binary-expr","locations":[{"start":{"line":34,"column":46},"end":{"line":34,"column":49}},{"start":{"line":34,"column":53},"end":{"line":34,"column":76}}],"line":34},"13":{"loc":{"start":{"line":34,"column":114},"end":{"line":34,"column":170}},"type":"cond-expr","locations":[{"start":{"line":34,"column":137},"end":{"line":34,"column":148}},{"start":{"line":34,"column":151},"end":{"line":34,"column":170}}],"line":34},"14":{"loc":{"start":{"line":34,"column":115},"end":{"line":34,"column":133}},"type":"binary-expr","locations":[{"start":{"line":34,"column":115},"end":{"line":34,"column":118}},{"start":{"line":34,"column":122},"end":{"line":34,"column":133}}],"line":34}},"s":{"0":1,"1":1,"2":11,"3":2,"4":2,"5":2,"6":1,"7":0,"8":1,"9":0,"10":1,"11":1,"12":1,"13":1,"14":1,"15":1,"16":1,"17":1,"18":1,"19":1,"20":0,"21":0,"22":1},"f":{"0":11,"1":2,"2":1,"3":1},"b":{"0":[2,0],"1":[0,1],"2":[0,1],"3":[1,0],"4":[1,0],"5":[0,0],"6":[1,0],"7":[1,1],"8":[1,0],"9":[1,1],"10":[1,0],"11":[1,0],"12":[1,1],"13":[1,0],"14":[1,1]},"inputSourceMap":null,"_coverageSchema":"1a1c01bbd47fc00a2c39e90264f33305004495a9","hash":"924b840ba70ecd0f19208dbd708f27556f3cde03"}
,"/home/mauricio/Documentos/GitHub/FadeBooker/Producto/back-fadebooker/src/interfaces/http/routes/barbero.routes.js": {"path":"/home/mauricio/Documentos/GitHub/FadeBooker/Producto/back-fadebooker/src/interfaces/http/routes/barbero.routes.js","statementMap":{"0":{"start":{"line":1,"column":16},"end":{"line":1,"column":34}},"1":{"start":{"line":2,"column":15},"end":{"line":2,"column":31}},"2":{"start":{"line":3,"column":26},"end":{"line":3,"column":70}},"3":{"start":{"line":4,"column":24},"end":{"line":4,"column":65}},"4":{"start":{"line":5,"column":23},"end":{"line":5,"column":64}},"5":{"start":{"line":6,"column":26},"end":{"line":6,"column":84}},"6":{"start":{"line":8,"column":0},"end":{"line":8,"column":83}},"7":{"start":{"line":9,"column":0},"end":{"line":9,"column":47}},"8":{"start":{"line":10,"column":0},"end":{"line":10,"column":82}},"9":{"start":{"line":11,"column":0},"end":{"line":11,"column":62}},"10":{"start":{"line":12,"column":0},"end":{"line":12,"column":50}},"11":{"start":{"line":13,"column":0},"end":{"line":13,"column":56}},"12":{"start":{"line":14,"column":0},"end":{"line":14,"column":56}},"13":{"start":{"line":15,"column":0},"end":{"line":15,"column":64}},"14":{"start":{"line":16,"column":0},"end":{"line":16,"column":80}},"15":{"start":{"line":17,"column":0},"end":{"line":17,"column":96}},"16":{"start":{"line":18,"column":0},"end":{"line":18,"column":74}},"17":{"start":{"line":19,"column":0},"end":{"line":19,"column":81}},"18":{"start":{"line":20,"column":0},"end":{"line":20,"column":116}},"19":{"start":{"line":21,"column":0},"end":{"line":21,"column":79}},"20":{"start":{"line":22,"column":0},"end":{"line":22,"column":65}},"21":{"start":{"line":23,"column":0},"end":{"line":23,"column":74}},"22":{"start":{"line":25,"column":0},"end":{"line":25,"column":23}}},"fnMap":{},"branchMap":{},"s":{"0":1,"1":1,"2":1,"3":1,"4":1,"5":1,"6":1,"7":1,"8":1,"9":1,"10":1,"11":1,"12":1,"13":1,"14":1,"15":1,"16":1,"17":1,"18":1,"19":1,"20":1,"21":1,"22":1},"f":{},"b":{},"inputSourceMap":null,"_coverageSchema":"1a1c01bbd47fc00a2c39e90264f33305004495a9","hash":"82243baa3c718e29c337e363dd9655b22c268c31"}
,"/home/mauricio/Documentos/GitHub/FadeBooker/Producto/back-fadebooker/src/interfaces/http/routes/cita.routes.js": {"path":"/home/mauricio/Documentos/GitHub/FadeBooker/Producto/back-fadebooker/src/interfaces/http/routes/cita.routes.js","statementMap":{"0":{"start":{"line":1,"column":16},"end":{"line":1,"column":34}},"1":{"start":{"line":2,"column":15},"end":{"line":2,"column":31}},"2":{"start":{"line":3,"column":28},"end":{"line":3,"column":69}},"3":{"start":{"line":4,"column":24},"end":{"line":4,"column":65}},"4":{"start":{"line":5,"column":47},"end":{"line":5,"column":102}},"5":{"start":{"line":7,"column":23},"end":{"line":7,"column":48}},"6":{"start":{"line":9,"column":0},"end":{"line":9,"column":77}},"7":{"start":{"line":10,"column":0},"end":{"line":10,"column":38}},"8":{"start":{"line":11,"column":0},"end":{"line":11,"column":65}},"9":{"start":{"line":12,"column":0},"end":{"line":12,"column":47}},"10":{"start":{"line":13,"column":0},"end":{"line":13,"column":71}},"11":{"start":{"line":14,"column":0},"end":{"line":14,"column":54}},"12":{"start":{"line":15,"column":0},"end":{"line":15,"column":53}},"13":{"start":{"line":16,"column":0},"end":{"line":16,"column":106}},"14":{"start":{"line":17,"column":0},"end":{"line":17,"column":46}},"15":{"start":{"line":19,"column":0},"end":{"line":19,"column":23}}},"fnMap":{},"branchMap":{},"s":{"0":1,"1":1,"2":1,"3":1,"4":1,"5":1,"6":1,"7":1,"8":1,"9":1,"10":1,"11":1,"12":1,"13":1,"14":1,"15":1},"f":{},"b":{},"inputSourceMap":null,"_coverageSchema":"1a1c01bbd47fc00a2c39e90264f33305004495a9","hash":"333675bd2a0c7f9392e302a1a4ffc8436a6a60d9"}
,"/home/mauricio/Documentos/GitHub/FadeBooker/Producto/back-fadebooker/src/interfaces/http/routes/cliente.routes.js": {"path":"/home/mauricio/Documentos/GitHub/FadeBooker/Producto/back-fadebooker/src/interfaces/http/routes/cliente.routes.js","statementMap":{"0":{"start":{"line":1,"column":16},"end":{"line":1,"column":34}},"1":{"start":{"line":2,"column":15},"end":{"line":2,"column":31}},"2":{"start":{"line":3,"column":26},"end":{"line":3,"column":70}},"3":{"start":{"line":5,"column":0},"end":{"line":5,"column":41}},"4":{"start":{"line":6,"column":0},"end":{"line":6,"column":47}},"5":{"start":{"line":7,"column":0},"end":{"line":7,"column":56}},"6":{"start":{"line":8,"column":0},"end":{"line":8,"column":70}},"7":{"start":{"line":9,"column":0},"end":{"line":9,"column":62}},"8":{"start":{"line":10,"column":0},"end":{"line":10,"column":50}},"9":{"start":{"line":11,"column":0},"end":{"line":11,"column":48}},"10":{"start":{"line":12,"column":0},"end":{"line":12,"column":61}},"11":{"start":{"line":13,"column":0},"end":{"line":13,"column":49}},"12":{"start":{"line":15,"column":0},"end":{"line":15,"column":23}}},"fnMap":{},"branchMap":{},"s":{"0":1,"1":1,"2":1,"3":1,"4":1,"5":1,"6":1,"7":1,"8":1,"9":1,"10":1,"11":1,"12":1},"f":{},"b":{},"inputSourceMap":null,"_coverageSchema":"1a1c01bbd47fc00a2c39e90264f33305004495a9","hash":"b742373db8f01a084e8c96886da08b1250c35a7d"}
,"/home/mauricio/Documentos/GitHub/FadeBooker/Producto/back-fadebooker/src/interfaces/http/routes/hairstyle.routes.js": {"path":"/home/mauricio/Documentos/GitHub/FadeBooker/Producto/back-fadebooker/src/interfaces/http/routes/hairstyle.routes.js","statementMap":{"0":{"start":{"line":8,"column":16},"end":{"line":8,"column":34}},"1":{"start":{"line":9,"column":15},"end":{"line":9,"column":31}},"2":{"start":{"line":10,"column":28},"end":{"line":10,"column":74}},"3":{"start":{"line":16,"column":0},"end":{"line":16,"column":71}},"4":{"start":{"line":22,"column":0},"end":{"line":22,"column":74}},"5":{"start":{"line":24,"column":0},"end":{"line":24,"column":24}}},"fnMap":{},"branchMap":{},"s":{"0":1,"1":1,"2":1,"3":1,"4":1,"5":1},"f":{},"b":{},"inputSourceMap":null,"_coverageSchema":"1a1c01bbd47fc00a2c39e90264f33305004495a9","hash":"07f75cc3ad8732854f3f0b8ff009d9845342b521"}
,"/home/mauricio/Documentos/GitHub/FadeBooker/Producto/back-fadebooker/src/interfaces/http/routes/index.js": {"path":"/home/mauricio/Documentos/GitHub/FadeBooker/Producto/back-fadebooker/src/interfaces/http/routes/index.js","statementMap":{"0":{"start":{"line":1,"column":16},"end":{"line":1,"column":34}},"1":{"start":{"line":2,"column":15},"end":{"line":2,"column":31}},"2":{"start":{"line":4,"column":22},"end":{"line":4,"column":49}},"3":{"start":{"line":5,"column":19},"end":{"line":5,"column":43}},"4":{"start":{"line":6,"column":22},"end":{"line":6,"column":49}},"5":{"start":{"line":7,"column":22},"end":{"line":7,"column":49}},"6":{"start":{"line":8,"column":23},"end":{"line":8,"column":51}},"7":{"start":{"line":9,"column":24},"end":{"line":9,"column":53}},"8":{"start":{"line":10,"column":22},"end":{"line":10,"column":49}},"9":{"start":{"line":11,"column":19},"end":{"line":11,"column":43}},"10":{"start":{"line":12,"column":21},"end":{"line":12,"column":47}},"11":{"start":{"line":13,"column":23},"end":{"line":13,"column":64}},"12":{"start":{"line":15,"column":0},"end":{"line":22,"column":2}},"13":{"start":{"line":16,"column":2},"end":{"line":21,"column":4}},"14":{"start":{"line":24,"column":0},"end":{"line":24,"column":38}},"15":{"start":{"line":25,"column":0},"end":{"line":25,"column":32}},"16":{"start":{"line":26,"column":0},"end":{"line":26,"column":38}},"17":{"start":{"line":27,"column":0},"end":{"line":27,"column":38}},"18":{"start":{"line":28,"column":0},"end":{"line":28,"column":40}},"19":{"start":{"line":29,"column":0},"end":{"line":29,"column":41}},"20":{"start":{"line":30,"column":0},"end":{"line":30,"column":38}},"21":{"start":{"line":31,"column":0},"end":{"line":31,"column":32}},"22":{"start":{"line":32,"column":0},"end":{"line":32,"column":36}},"23":{"start":{"line":34,"column":0},"end":{"line":34,"column":23}}},"fnMap":{"0":{"name":"(anonymous_0)","decl":{"start":{"line":15,"column":22},"end":{"line":15,"column":23}},"loc":{"start":{"line":15,"column":36},"end":{"line":22,"column":1}},"line":15}},"branchMap":{"0":{"loc":{"start":{"line":19,"column":17},"end":{"line":19,"column":54}},"type":"binary-expr","locations":[{"start":{"line":19,"column":17},"end":{"line":19,"column":37}},{"start":{"line":19,"column":41},"end":{"line":19,"column":54}}],"line":19}},"s":{"0":1,"1":1,"2":1,"3":1,"4":1,"5":1,"6":1,"7":1,"8":1,"9":1,"10":1,"11":1,"12":1,"13":0,"14":1,"15":1,"16":1,"17":1,"18":1,"19":1,"20":1,"21":1,"22":1,"23":1},"f":{"0":0},"b":{"0":[0,0]},"inputSourceMap":null,"_coverageSchema":"1a1c01bbd47fc00a2c39e90264f33305004495a9","hash":"d4a27949e445e02a953d0f278710a980d0de3233"}
,"/home/mauricio/Documentos/GitHub/FadeBooker/Producto/back-fadebooker/src/interfaces/http/routes/pago.routes.js": {"path":"/home/mauricio/Documentos/GitHub/FadeBooker/Producto/back-fadebooker/src/interfaces/http/routes/pago.routes.js","statementMap":{"0":{"start":{"line":1,"column":16},"end":{"line":1,"column":34}},"1":{"start":{"line":2,"column":15},"end":{"line":2,"column":31}},"2":{"start":{"line":3,"column":23},"end":{"line":3,"column":64}},"3":{"start":{"line":4,"column":24},"end":{"line":4,"column":65}},"4":{"start":{"line":5,"column":50},"end":{"line":5,"column":105}},"5":{"start":{"line":8,"column":0},"end":{"line":8,"column":98}},"6":{"start":{"line":11,"column":0},"end":{"line":11,"column":47}},"7":{"start":{"line":14,"column":0},"end":{"line":14,"column":112}},"8":{"start":{"line":16,"column":0},"end":{"line":16,"column":23}}},"fnMap":{},"branchMap":{},"s":{"0":1,"1":1,"2":1,"3":1,"4":1,"5":1,"6":1,"7":1,"8":1},"f":{},"b":{},"inputSourceMap":null,"_coverageSchema":"1a1c01bbd47fc00a2c39e90264f33305004495a9","hash":"a94e921a9cca2f2268b9f752a011d694fa63d593"}
,"/home/mauricio/Documentos/GitHub/FadeBooker/Producto/back-fadebooker/src/interfaces/http/routes/reporte.routes.js": {"path":"/home/mauricio/Documentos/GitHub/FadeBooker/Producto/back-fadebooker/src/interfaces/http/routes/reporte.routes.js","statementMap":{"0":{"start":{"line":1,"column":16},"end":{"line":1,"column":34}},"1":{"start":{"line":2,"column":15},"end":{"line":2,"column":31}},"2":{"start":{"line":3,"column":26},"end":{"line":3,"column":69}},"3":{"start":{"line":4,"column":23},"end":{"line":4,"column":64}},"4":{"start":{"line":6,"column":0},"end":{"line":6,"column":84}},"5":{"start":{"line":7,"column":0},"end":{"line":7,"column":72}},"6":{"start":{"line":9,"column":0},"end":{"line":9,"column":24}}},"fnMap":{},"branchMap":{},"s":{"0":1,"1":1,"2":1,"3":1,"4":1,"5":1,"6":1},"f":{},"b":{},"inputSourceMap":null,"_coverageSchema":"1a1c01bbd47fc00a2c39e90264f33305004495a9","hash":"384f6b4ec7d53b745cc2a60ed56bf6a8cc130c37"}
,"/home/mauricio/Documentos/GitHub/FadeBooker/Producto/back-fadebooker/src/interfaces/http/routes/servicio.routes.js": {"path":"/home/mauricio/Documentos/GitHub/FadeBooker/Producto/back-fadebooker/src/interfaces/http/routes/servicio.routes.js","statementMap":{"0":{"start":{"line":1,"column":16},"end":{"line":1,"column":34}},"1":{"start":{"line":2,"column":15},"end":{"line":2,"column":31}},"2":{"start":{"line":3,"column":27},"end":{"line":3,"column":72}},"3":{"start":{"line":4,"column":24},"end":{"line":4,"column":65}},"4":{"start":{"line":5,"column":27},"end":{"line":5,"column":79}},"5":{"start":{"line":7,"column":0},"end":{"line":7,"column":85}},"6":{"start":{"line":8,"column":0},"end":{"line":8,"column":48}},"7":{"start":{"line":9,"column":0},"end":{"line":9,"column":57}},"8":{"start":{"line":10,"column":0},"end":{"line":10,"column":72}},"9":{"start":{"line":11,"column":0},"end":{"line":11,"column":51}},"10":{"start":{"line":12,"column":0},"end":{"line":12,"column":102}},"11":{"start":{"line":13,"column":0},"end":{"line":13,"column":50}},"12":{"start":{"line":15,"column":0},"end":{"line":15,"column":23}}},"fnMap":{},"branchMap":{},"s":{"0":1,"1":1,"2":1,"3":1,"4":1,"5":1,"6":1,"7":1,"8":1,"9":1,"10":1,"11":1,"12":1},"f":{},"b":{},"inputSourceMap":null,"_coverageSchema":"1a1c01bbd47fc00a2c39e90264f33305004495a9","hash":"1fb82d99f84598d496e1d489aa1f99ebb9940881"}
,"/home/mauricio/Documentos/GitHub/FadeBooker/Producto/back-fadebooker/src/interfaces/http/routes/tienda.routes.js": {"path":"/home/mauricio/Documentos/GitHub/FadeBooker/Producto/back-fadebooker/src/interfaces/http/routes/tienda.routes.js","statementMap":{"0":{"start":{"line":1,"column":16},"end":{"line":1,"column":34}},"1":{"start":{"line":2,"column":15},"end":{"line":2,"column":31}},"2":{"start":{"line":3,"column":25},"end":{"line":3,"column":68}},"3":{"start":{"line":4,"column":23},"end":{"line":4,"column":64}},"4":{"start":{"line":7,"column":0},"end":{"line":7,"column":46}},"5":{"start":{"line":8,"column":0},"end":{"line":8,"column":49}},"6":{"start":{"line":9,"column":0},"end":{"line":9,"column":61}},"7":{"start":{"line":10,"column":0},"end":{"line":10,"column":59}},"8":{"start":{"line":11,"column":0},"end":{"line":11,"column":63}},"9":{"start":{"line":12,"column":0},"end":{"line":12,"column":40}},"10":{"start":{"line":13,"column":0},"end":{"line":13,"column":47}},"11":{"start":{"line":14,"column":0},"end":{"line":14,"column":48}},"12":{"start":{"line":17,"column":0},"end":{"line":17,"column":73}},"13":{"start":{"line":18,"column":0},"end":{"line":18,"column":79}},"14":{"start":{"line":20,"column":0},"end":{"line":20,"column":23}}},"fnMap":{},"branchMap":{},"s":{"0":1,"1":1,"2":1,"3":1,"4":1,"5":1,"6":1,"7":1,"8":1,"9":1,"10":1,"11":1,"12":1,"13":1,"14":1},"f":{},"b":{},"inputSourceMap":null,"_coverageSchema":"1a1c01bbd47fc00a2c39e90264f33305004495a9","hash":"6dbfb4ead2dea9fdef0050bf4c2e2b3e78e22a83"}
,"/home/mauricio/Documentos/GitHub/FadeBooker/Producto/back-fadebooker/src/interfaces/http/routes/usuario.routes.js": {"path":"/home/mauricio/Documentos/GitHub/FadeBooker/Producto/back-fadebooker/src/interfaces/http/routes/usuario.routes.js","statementMap":{"0":{"start":{"line":1,"column":16},"end":{"line":1,"column":34}},"1":{"start":{"line":2,"column":15},"end":{"line":2,"column":31}},"2":{"start":{"line":3,"column":26},"end":{"line":3,"column":70}},"3":{"start":{"line":4,"column":23},"end":{"line":4,"column":64}},"4":{"start":{"line":5,"column":24},"end":{"line":5,"column":65}},"5":{"start":{"line":6,"column":60},"end":{"line":6,"column":118}},"6":{"start":{"line":8,"column":0},"end":{"line":8,"column":94}},"7":{"start":{"line":9,"column":0},"end":{"line":9,"column":86}},"8":{"start":{"line":10,"column":0},"end":{"line":10,"column":65}},"9":{"start":{"line":11,"column":0},"end":{"line":11,"column":63}},"10":{"start":{"line":12,"column":0},"end":{"line":12,"column":70}},"11":{"start":{"line":13,"column":0},"end":{"line":13,"column":121}},"12":{"start":{"line":14,"column":0},"end":{"line":14,"column":77}},"13":{"start":{"line":16,"column":0},"end":{"line":16,"column":23}}},"fnMap":{},"branchMap":{},"s":{"0":1,"1":1,"2":1,"3":1,"4":1,"5":1,"6":1,"7":1,"8":1,"9":1,"10":1,"11":1,"12":1,"13":1},"f":{},"b":{},"inputSourceMap":null,"_coverageSchema":"1a1c01bbd47fc00a2c39e90264f33305004495a9","hash":"5847f9e97d57639fb5808b1af827390955db2a0d"}
,"/home/mauricio/Documentos/GitHub/FadeBooker/Producto/back-fadebooker/src/interfaces/http/validations/servicioBarbero.validation.js": {"path":"/home/mauricio/Documentos/GitHub/FadeBooker/Producto/back-fadebooker/src/interfaces/http/validations/servicioBarbero.validation.js","statementMap":{"0":{"start":{"line":1,"column":14},"end":{"line":1,"column":28}},"1":{"start":{"line":7,"column":23},"end":{"line":26,"column":2}},"2":{"start":{"line":32,"column":22},"end":{"line":50,"column":2}},"3":{"start":{"line":55,"column":30},"end":{"line":69,"column":2}},"4":{"start":{"line":71,"column":0},"end":{"line":75,"column":2}}},"fnMap":{},"branchMap":{},"s":{"0":1,"1":1,"2":1,"3":1,"4":1},"f":{},"b":{},"inputSourceMap":null,"_coverageSchema":"1a1c01bbd47fc00a2c39e90264f33305004495a9","hash":"ef032d4aca136fec297d037e90f78e72b6125223"}
}
